
  +++++++++++++++++++++++++++++++++++++++++++
  +              MAD-X 3.04.19              +
  + Code Modification Date: 10.02.2008      +
  + Execution Time Stamp: 21.02.08 09.39.16 +
  +++++++++++++++++++++++++++++++++++++++++++
TITLE,':HC CELL matching with MAD-X';



option,info,warning;

++++++ warning: illegal keyword: warning


call file="../LHC-cell.seq";

REAL CONST CELLLENGTH = 106.9; 

REAL CONST l.MB = 14.3; 

REAL CONST l.MQ = 3.1; 

REAL CONST A.MB = TWOPI/8/(23*6+2*2*4); 

REAL CONST AB = A.MB; 

REAL CONST R0 = 0.0; 

REAL CONST DS = 0.097*TWOPI/8/(23*6+2*2*4)*(1-R0); 





MB : SBEND, L := l.MB; 

  RB.A12B1 : MB, ANGLE := AB, K0 := KB; 

MQ : QUADRUPOLE, L := l.MQ; 

  RQD.A12B1 : MQ, K1 := KQD; 

  RQF.A12B1 : MQ, K1 := KQF; 



LHCCELL : SEQUENCE, refer = CENTRE, L = CELLLENGTH; 

  MB.A32R1.B1:RB.A12B1,      AT= l.mb/2; 

  MB.B32R1.B1:RB.A12B1,      AT= l.mb/2+15.66; 

  MB.C32R1.B1:RB.A12B1,      AT= l.mb/2+2*15.66; 

MQ.32R1.B1:RQD.A12B1,        AT= l.mb/2+2*15.66+11.065; 

  MB.A33R1.B1:RB.A12B1,      AT= l.mb/2+2*15.66+2*11.065; 

  MB.B33R1.B1:RB.A12B1,      AT= l.mb/2+3*15.66+2*11.065; 

  MB.C33R1.B1:RB.A12B1,      AT= l.mb/2+4*15.66+2*11.065; 

MQ.33R1.B1:RQF.A12B1,        AT= l.mb/2+4*15.66+3*11.065; 

ENDSEQUENCE; 



kqf = 0.010988503297557      ;

kqd = -0.011623337240602     ;



Beam, particle = proton, sequence=lhccell, energy = 450.0,

          NPART=1.05E11, sige=      4.5e-4 ;



use,period=lhccell;



select, flag=twiss, clear;

select, flag=twiss,column=s,name,betx,bety,mux,muy;

twiss, sequence=lhccell,file='twiss-output';

enter Twiss module
++++++ info: Zero value of SIGT replaced by 1.
  
iteration:   1 error:   0.000000E+00 deltap:   0.000000E+00
orbit:   0.000000E+00  0.000000E+00  0.000000E+00  0.000000E+00  0.000000E+00  0.000000E+00

++++++ table: summ

            length             orbit5               alfa            gammatr 
             106.9                 -0     0.000277588805        60.02041948 

                q1                dq1            betxmax              dxmax 
      0.3488917196       -0.639663031        246.9634173        1.500098974 

             dxrms             xcomax             xcorms                 q2 
       1.095972099                  0                  0       0.3946196442 

               dq2            betymax              dymax              dyrms 
     -0.8979242004        316.7132692                  0                  0 

            ycomax             ycorms             deltap            synch_1 
                 0                  0                  0                  0 

           synch_2            synch_3            synch_4            synch_5 
                 0                  0                  0                  0 






match,sequence=lhccell;

START MATCHING

number of sequences: 1
sequence name: lhccell
constraint,sequence=lhccell,range=#e,mux=0.28,muy=0.31;

vary,name=kqf,step=1.0e-6;

vary,name=kqd,step=1.0e-6;

lmdif,calls=500,tolerance=1.e-21;

number of variables:    2
user given constraints: 2
total constraints:      2

START LMDIF:

Initial Penalty Function =   0.11906553E+01


call:       4   Penalty function =   0.47365659E-01
call:       7   Penalty function =   0.66558486E-04
call:      10   Penalty function =   0.10338022E-09
call:      13   Penalty function =   0.37016222E-18
call:      16   Penalty function =   0.13268887E-26
 ++++++++++ LMDIF ended: converged successfully
call:      16   Penalty function =   0.13268887E-26
endmatch;


MATCH SUMMARY

Node_Name                  Constraint   Type  Target Value       Final Value        Penalty
--------------------------------------------------------------------------------------------------
lhccell$end:1              mux          4     2.80000000E-01     2.80000000E-01     2.49600521E-29
lhccell$end:1              muy          4     3.10000000E-01     3.10000000E-01     1.30192864E-27


Final Penalty Function =   1.32688869e-27



Variable                   Final Value        Lower Limit        Upper Limit
-------------------------------------------------------------------------------
kqf                        9.56689194E-03    -1.00000000E+20     1.00000000E+20
kqd                       -1.01204936E-02    -1.00000000E+20     1.00000000E+20

END MATCH SUMMARY

VARIABLE "TAR" SET TO   1.32688869e-27


value, kqf;

kqf =     0.009566891939 ;
value, kqd;

kqd =     -0.01012049363 ;

  Number of warnings: 1
1 in C and 0 in Fortran

  +++++++++++++++++++++++++++++++++++
  + MAD-X 3.04.19 finished normally +
  +++++++++++++++++++++++++++++++++++
