
  +++++++++++++++++++++++++++++++++++++++++++
  +    MAD-X 5.00.19  (32 bit, Linux)       +
  +    DEBUG Version - use at own risk!     +
  + Code Modification Date: 2012.12.07      +
  + Execution Time Stamp: 10.12.12 14.55.29 +
  +++++++++++++++++++++++++++++++++++++++++++
create,table=t,column=a,b;

a=1; b=2; fill,table=t;

a=2; b=4; fill,table=t;

++++++ info: a redefined
++++++ info: b redefined
a=5.32; b=3.2; fill,table=t;

++++++ info: a redefined
++++++ info: b redefined
write,table=t;

@ NAME             %01s "T"
@ TYPE             %04s "USER"
@ TITLE            %08s "no-title"
@ ORIGIN           %22s "MAD-X 5.00.19 Linux 32"
@ DATE             %08s "10/12/12"
@ TIME             %08s "14.55.29"
*                  A                  B 
$                %le                %le 
                  1                  2
                  2                  4
               5.32                3.2


t=0.37;

setvars_lin,table=t,row1=1,row2=1,param=t;

++++++ info: a redefined
++++++ info: b redefined
show,a,b; value,a,b;

a := 1*(t)+1*(1-t) ;
b := 2*(t)+2*(1-t) ;
a =                  1 ;
b =                  2 ;
setvars_lin,table=t,row1=1,row2=2,param=t;

++++++ info: a redefined
++++++ info: b redefined
show,a,b; value,a,b;

a := 1*(t)+2*(1-t) ;
b := 2*(t)+4*(1-t) ;
a =               1.63 ;
b =               3.26 ;
setvars_lin,table=t,row1=1,row2=3,param=t;

++++++ info: a redefined
++++++ info: b redefined
show,a,b; value,a,b;

a := 1*(t)+5.32*(1-t) ;
b := 2*(t)+3.2*(1-t) ;
a =             3.7216 ;
b =              2.756 ;
setvars_lin,table=t,row1=1,row2=0,param=t;

++++++ info: a redefined
++++++ info: b redefined
show,a,b; value,a,b;

a := 1*(t)+5.32*(1-t) ;
b := 2*(t)+3.2*(1-t) ;
a =             3.7216 ;
b =              2.756 ;
setvars_lin,table=t,row1=1,row2=-1,param=t;

++++++ info: a redefined
++++++ info: b redefined
show,a,b; value,a,b;

a := 1*(t)+2*(1-t) ;
b := 2*(t)+4*(1-t) ;
a =               1.63 ;
b =               3.26 ;
setvars_lin,table=t,row1=1,row2=-2,param=t;

++++++ info: a redefined
++++++ info: b redefined
show,a,b; value,a,b;

a := 1*(t)+1*(1-t) ;
b := 2*(t)+2*(1-t) ;
a =                  1 ;
b =                  2 ;
setvars_lin,table=t,row1=1,row2=-3,param=t;

++++++ warning: row2 index out of bounds:  ignored
show,a,b; value,a,b;

a := 1*(t)+1*(1-t) ;
b := 2*(t)+2*(1-t) ;
a =                  1 ;
b =                  2 ;


value,a


  Number of warnings: 1
1 in C and 0 in Fortran

  ++++++++++++++++++++++++++++++++++++++++++++
  + MAD-X 5.00.19 (32 bit) finished normally +
  ++++++++++++++++++++++++++++++++++++++++++++
