
  +++++++++++++++++++++++++++++++++++++++++++
  +              MAD-X 3.04.19              +
  + Code Modification Date: 10.02.2008      +
  + Execution Time Stamp: 21.02.08 10.10.13 +
  +++++++++++++++++++++++++++++++++++++++++++
TITLE,'CELL matching with MAD-X';



option,info,warning;

++++++ warning: illegal keyword: warning


call file=../fv9.opt;

// forces and other constants;



const l.bpm = .3;

bang = .509998807401e-2;

kqf = .872651312e-2;

kqd = -.872777242e-2;

//ksf = .0198492943;

//ksd = -.039621283;

acbv1 = 1.e-4;

dummy := ksf * ksd;

// element definitions;



mb: rbend, l=14.2, angle:=bang;

mq: quadrupole, l=3.1;

m0:multipole, kn:={0},ks:={0.0,0.0};

++++++ warning: illegal keyword: kn
//mm:multipole,lrad=dummy,kn={0,dummy,bang*3,1},ks={1.1,3*acbv1+5.,4,0};

qf.1: mq, k1:=kqf;

qf.2: mq, k1:=kqf;

qf.3: mq, k1:=kqf;

qf.4: mq, k1:=kqf;

qf.5: mq, k1:=kqf;

qd.1: mq, k1:=kqd;

qd.2: mq, k1:=kqd;

qd.3: mq, k1:=kqd;

qd.4: mq, k1:=kqd;

qd.5: mq, k1:=kqd;

bpv: vmonitor, l:=l.bpm;

cbh: hkicker;

cbh.1:cbh,kick:=acbh1;

cbh.2:cbh,kick:=acbh2;

cbh.3:cbh,kick:=acbh3;

cbh.4:cbh,kick:=acbh4;

cbh.5:cbh,kick:=acbh5;

cbv: vkicker;

cbv.1:cbv,kick:=acbv1;

cbv.2:cbv,kick:=acbv2;

cbv.3:cbv,kick:=acbv3;

cbv.4:cbv,kick:=acbv4;

cbv.5:cbv,kick:=acbv5;

mscbh: sextupole, l=1.1, k2:=ksf;

mscbv: sextupole, l=1.1, k2:=ksd;

//bph: hmonitor, l:=l.bpm;

bph: rfcavity,l:=l.bpm,

 volt=.070833333333, harmon=432, shunt=26.166, tfill=90.0;

call file=../fv9.seq;

lfive=534.6;

dumzero = 0;

// sequence declaration;

shared ins: sequence, l=5.615,refpos=qd.1;

   bpv.1: bpv, at=5.246000e+01-5.501000e+01,from=qd.1;

   qd.1: qd.1, at=2.8;

   mscbv.1: mscbv, at=5.727500e+01-5.501000e+01,from=qd.1;

endsequence;



pos = 1.084700e+02-1.550000e+00;

fivecell: sequence, refer=centre, l=lfive;

   seqstart: marker, at = 0;

   qf.1: qf.1, at=dumzero+1.550000e+00, from=seqstart;

   mscbh: mscbh, at=3.815000e+00;

   cbh.1: cbh.1, at=4.365000e+00;

   mb: mb, at=1.262000e+01;

   mb: mb, at=2.828000e+01;

   mb: mb, at=4.394000e+01;

   ins, at=5.501000e+01;

   cbv.1: cbv.1, at=5.782500e+01;

   mb: mb, at=6.608000e+01;

   mb: mb, at=8.174000e+01;

   mb: mb, at=9.740000e+01;

   m0, at=105;

//   mm, at=105;

   bph: bph, at=1.059200e+02, from=seqstart;

   startend: marker, at = pos;

   partstart: marker, at = pos;

   qf.2: qf.2, at=dumzero+1.084700e+02;

   mscbh: mscbh, at=1.107350e+02;

   cbh.2: cbh.2, at=1.112850e+02;

   mb: mb, at=1.195400e+02;

   mb: mb, at=1.352000e+02;

   mb: mb, at=1.508600e+02;

   bpv: bpv, at=1.593800e+02;

   qd.2: qd.2, at=1.619300e+02;

   mscbv: mscbv, at=1.641950e+02;

   cbv.2: cbv.2, at=1.647450e+02;

   mb: mb, at=1.730000e+02;

   mb: mb, at=1.886600e+02;

   mb: mb, at=2.043200e+02;

   bph: bph, at=2.128400e+02;

   partend: marker, at = 213.84;

   qf.3: qf.3, at=2.153900e+02;

   mscbh: mscbh, at=2.176550e+02;

   cbh.3: cbh.3, at=2.182050e+02;

   mb: mb, at=2.264600e+02;

   mb: mb, at=2.421200e+02;

   mb: mb, at=2.577800e+02;

   bpv: bpv, at=2.663000e+02;

   qd.3: qd.3, at=2.688500e+02;

   mscbv: mscbv, at=2.711150e+02;

   cbv.3: cbv.3, at=2.716650e+02;

   mb: mb, at=2.799200e+02;

   mb: mb, at=2.955800e+02;

   mb: mb, at=3.112400e+02;

   bph: bph, at=3.197600e+02;

   qf.4: qf.4, at=3.223100e+02;

   mscbh: mscbh, at=3.245750e+02;

   cbh.4: cbh.4, at=3.251250e+02;

   mb: mb, at=3.333800e+02;

   mb: mb, at=3.490400e+02;

   mb: mb, at=3.647000e+02;

   bpv: bpv, at=3.732200e+02;

   qd.4: qd.4, at=3.757700e+02;

   mscbv: mscbv, at=3.780350e+02;

   cbv.4: cbv.4, at=3.785850e+02;

   mb: mb, at=3.868400e+02;

   mb: mb, at=4.025000e+02;

   mb: mb, at=4.181600e+02;

   bph: bph, at=4.266800e+02;

   qf.5: qf.5, at=4.292300e+02;

   mscbh: mscbh, at=4.314950e+02;

   cbh.5: cbh.5, at=4.320450e+02;

   mb: mb, at=4.403000e+02;

   mb: mb, at=4.559600e+02;

   mb: mb, at=4.716200e+02;

   bpv: bpv, at=4.801400e+02;

   qd.5: qd.5, at=4.826900e+02;

   mscbv: mscbv, at=4.849550e+02;

   cbv.5: cbv.5, at=4.855050e+02;

   mb: mb, at=4.937600e+02;

   mb: mb, at=5.094200e+02;

   mb: mb, at=5.250800e+02;

   bph: bph, at=5.336000e+02;

end_fivecell: marker at=5.346000e+02;

endsequence;



Beam, particle = proton, sequence=fivecell, energy = 450.0,

          NPART=1.05E11, sige=      4.5e-4 ;



use,period=fivecell;





kqf = 0.001;

++++++ info: kqf redefined
kqd = -0.001;

++++++ info: kqd redefined


match,rmatrix,sequence=fivecell;

START MATCHING

number of sequences: 1
sequence name: fivecell
constraint,sequence=fivecell,range=#e,re11=-2.8,re22=2.6;

vary,name=kqf,step=1.0e-6;

vary,name=kqd,step=1.0e-6;

jacobian,calls=20,tolerance=1.e-21;

number of variables:    2
user given constraints: 2
total constraints:      2

START JACOBIAN:

 JACOBIAN Strategy = 3
Initial Penalty Function =   0.8455700666280434E+01


 Solve system with  2con, 2var
 Rank   2  Condition number  9.70293821
 Step length  0.720343585
 Bisec iteration 1
call:     2 Dx =   0.11257816E+01  Penalty function =  0.3567007043851372E+01
 Solve system with  2con, 2var
 Rank   2  Condition number  14.1036314
 Step length  0.500702678
 Bisec iteration 1
call:     3 Dx =   0.66702997E+00  Penalty function =  0.1918845013455869E+01
 Solve system with  2con, 2var
 Rank   2  Condition number  25.4071553
 Step length  0.273676465
call:     4 Dx =   0.27367647E+00  Penalty function =  0.3144291173393488E+00
 Solve system with  2con, 2var
 Rank   2  Condition number  43.9563477
 Step length  0.0620722171
call:     5 Dx =   0.62072217E-01  Penalty function =  0.3226704457118668E-02
 Solve system with  2con, 2var
 Rank   2  Condition number  32.7074734
 Step length  0.0195940091
call:     6 Dx =   0.19594009E-01  Penalty function =  0.1542033526926658E-04
 Solve system with  2con, 2var
 Rank   2  Condition number  34.0982734
 Step length  0.000130030128
call:     7 Dx =   0.13003013E-03  Penalty function =  0.1839671599780473E-11
 Solve system with  2con, 2var
 Rank   2  Condition number  34.077173
 Step length  1.32476607E-07
call:     8 Dx =   0.13247661E-06  Penalty function =  0.4657866361430301E-19
 Solve system with  2con, 2var
 Rank   2  Condition number  34.077195
 Step length  8.88483641E-11
call:     9 Dx =   0.88848364E-10  Penalty function =  0.9368512110404736E-26
 ++++++++++ JACOBIAN ended: converged successfully
 Final difference norm:  0.0703480562
endmatch;


MATCH SUMMARY

Node_Name                  Constraint   Type  Target Value       Final Value        Penalty
--------------------------------------------------------------------------------------------------
fivecell$end:1             re11         4    -2.80000000E+00    -2.80000000E+00     5.04870979E-27
fivecell$end:1             re22         4     2.60000000E+00     2.60000000E+00     4.31980232E-27


Final Penalty Function =   9.36851211e-27



Variable                   Final Value        Lower Limit        Upper Limit
-------------------------------------------------------------------------------
kqf                        3.84022230E-03    -1.00000000E+20     1.00000000E+20
kqd                       -5.05268353E-03    -1.00000000E+20     1.00000000E+20

END MATCH SUMMARY

VARIABLE "TAR" SET TO   9.36851211e-27


value, kqf;

kqf =     0.003840222304 ;
value, kqd;

kqd =    -0.005052683534 ;



  Number of warnings: 2
2 in C and 0 in Fortran

  +++++++++++++++++++++++++++++++++++
  + MAD-X 3.04.19 finished normally +
  +++++++++++++++++++++++++++++++++++
