
  ++++++++++++++++++++++++++++++++++++++++++++
  +     MAD-X 5.02.12  (64 bit, Darwin)      +
  + Support: mad@cern.ch, http://cern.ch/mad +
  + Release   date: 2016.10.15               +
  + Execution date: 2016.10.31 14:32:44      +
  ++++++++++++++++++++++++++++++++++++++++++++
TITLE,'CELL matching with MAD-X';



option,info,-echo,warn;



kqf = 0.009077570142;

++++++ info: kqf redefined
kqd = -0.01092574987;

++++++ info: kqd redefined


Beam, particle = proton, sequence=fivecell, energy = 450.0,

          NPART=1.05E11, sige=      4.5e-4 ;



use,period=fivecell;



match,sequence=fivecell;

START MATCHING

number of sequences: 1
sequence name: fivecell
constraint,sequence=fivecell,range=#e,mux=1.27,muy=1.77;

vary,name=kqf,step=1.0e-6;

vary,name=mq->l, lower=0.1, upper=2.95, step=1.e-6;

lmdif,calls=500,tolerance=1.e-21;

number of variables:    2
user given constraints: 2
total constraints:      2

START LMDIF:

 reset parameter:mq->l                                           from   3.1000000000000001      to   2.9499980000000003     
Initial Penalty Function =   0.24356070E-01


call:       4   Penalty function =   0.49946737E-03
call:       7   Penalty function =   0.49946735E-03
 ++++++++++ LMDIF ended: converged successfully
call:       9   Penalty function =   0.49946735E-03
endmatch,knobfile='knobs_v.tfs';


MATCH SUMMARY

Node_Name                  Constraint   Type  Target Value       Final Value        Penalty
--------------------------------------------------------------------------------------------------
fivecell$end:1             mux          4     1.27000000E+00     1.27017120E+00     2.93088289E-06
fivecell$end:1             muy          4     1.77000000E+00     1.77222831E+00     4.96536464E-04


Final Penalty Function =   4.99467347e-04





Variable                 Final Value  Initial Value Lower Limit  Upper Limit 
--------------------------------------------------------------------------------
kqf                       9.14013e-03  9.07757e-03 -1.00000e+20  1.00000e+20
mq->l                     2.95000e+00  3.10000e+00  1.00000e-01  2.95000e+00

END MATCH SUMMARY

VARIABLE "TAR" SET TO   4.99467347e-04


value, kqf;

kqf =     0.009140134727 ;
value, kqd;

kqd =     -0.01092574987 ;


stop;


  Number of warnings: 0

  ++++++++++++++++++++++++++++++++++++++++++++
  +          MAD-X finished normally         +
  ++++++++++++++++++++++++++++++++++++++++++++
