
  +++++++++++++++++++++++++++++++++++++++++++
  +              MAD-X 4.00.05              +
  +    DEBUG Version - use at own risk!     +
  + Code Modification Date: 10.03.2009      +
  + Execution Time Stamp: 13.03.09 00.00.56 +
  +++++++++++++++++++++++++++++++++++++++++++
Option,  warn,info,echo;



System,"mkdir temp";



Option, -echo,-warn;

enter Twiss module
  
iteration:   1 error:   0.000000E+00 deltap:   0.000000E+00
orbit:   0.000000E+00  0.000000E+00  0.000000E+00  0.000000E+00  0.000000E+00  0.000000E+00

++++++ table: summ

            length             orbit5               alfa            gammatr 
         26658.864                 -0    0.0003199797342        55.90346967 

                q1                dq1            betxmax              dxmax 
        64.2948309        2.418856623        684.2248123        3.393276462 

             dxrms             xcomax             xcorms                 q2 
       1.426765368                  0                  0         59.3100006 

               dq2            betymax              dymax              dyrms 
       1.720580898        1636.905849                  0                  0 

            ycomax             ycorms             deltap            synch_1 
                 0                  0                  0                  0 

           synch_2            synch_3            synch_4            synch_5 
                 0                  0                  0                  0 
 
 Global parameters for the machine: 

radiate = F:
 
     C           26658.864000 m              f0              0.011245 MHz            T0             88.924592 microseconds
     alfa            0.319980E-03            eta             0.315632E-03            gamma(tr)      55.903470
     Bcurrent        0.000198 A/bunch        Kbunch         1                        Npart           0.110000E+12 per bunch
     E             450.000000 GeV            gamma         479.605055                beta            0.999998
 
 Emittances:
 
     Ex            0.782000E-02 pi*mm*mrad     sigx            0.873082 mm
     Ey            0.782000E-02 pi*mm*mrad     sigy            0.913356 mm
     Et            0.100000E+07 pi*mm*mrad     sigt          115.000000 mm             sigE          0.468000 1/1000
 sequence name: lhcb1
 
     CONST               =   4.095065E-07
 
     ENERGY              =     450.000000 GeV
     BETA                =       0.999998
     GAMMA               =        479.605
     COULOMB LOG         =         23.074
 
     X-emittance         =   7.820000E-09 m*rad
     Y-emittance         =   7.820000E-09 m*rad
 
     Momentum spread     =   4.680000E-04
     Bunch length        =       0.115000 m
 
     Particles per bunch =   1.100000E+11
     Bunch current       =   1.981897E-04 A
 
 Ring average values (m)
 
     betx   =   9.74772E+01    bety   =   1.06678E+02    Dx  =  1.14472E+00    Dy  =  0.00000E+00
     alfx   =   3.71258E-15    alfy   =   9.17928E-15    Dpx = -2.08156E-17
     Dpy =  0.00000E+00
     1/betx =   1.47616E-02    1/bety =   1.36104E-02
 
     (Weighted) average rates (1/sec):
     Longitudinal=    8.124119E-06
     Horizontal  =    5.555396E-06
     Vertical    =   -3.510525E-08
 
     (Weighted) average lifetimes (sec):
     Longitudinal=    1.230903E+05
     Horizontal  =    1.800052E+05
     Vertical    =   -2.848577E+07
 

  Number of warnings: 0

  +++++++++++++++++++++++++++++++++++
  + MAD-X 4.00.05 finished normally +
  +++++++++++++++++++++++++++++++++++
