@ NAME             %06s "SURVEY"
@ TYPE             %06s "SURVEY"
@ TITLE            %08s "no-title"
@ ORIGIN           %19s "MAD-X 4.00.09 Linux"
@ DATE             %08s "06/04/09"
@ TIME             %08s "16.37.50"
* NAME                                L              ANGLE                  X                  Z              THETA 
$ %s                                %le                %le                %le                %le                %le 
 "MUSR$START"                         0                  0                  0                  0                  0
 "DIP1"                              10       0.5235987756       -2.558726308        9.549296586      -0.5235987756
 "MUTEST"                             0                  0       -2.558726308        9.549296586      -0.5235987756
 "DIP2"                              10       0.5235987756       -9.549296586        16.53986686       -1.047197551
 "DIP3"                              10       0.5235987756       -19.09859317        19.09859317       -1.570796327
 "DIP4"                              10       0.5235987756       -28.64788976        16.53986686       -2.094395102
 "DIP5"                              10       0.5235987756       -35.63846003        9.549296586       -2.617993878
 "DIP6"                              10       0.5235987756       -38.19718634   -3.948841254e-12       -3.141592654
 "MIDSEQ"                             0                  0       -38.19718634   -3.948841254e-12       -3.141592654
 "DIP7"                              10       0.5235987756       -35.63846003       -9.549296586       -3.665191429
 "DIP8"                              10       0.5235987756       -28.64788976       -16.53986686       -4.188790205
 "DIP9"                              10       0.5235987756       -19.09859317       -19.09859317        -4.71238898
 "DIP10"                             10       0.5235987756       -9.549296586       -16.53986686       -5.235987756
 "DIP11"                             10       0.5235987756       -2.558726308       -9.549296586       -5.759586532
 "DIP12"                             10       0.5235987756    5.329070518e-15    7.904787935e-12       -6.283185307
 "MUSR$END"                           0                  0    5.329070518e-15    7.904787935e-12       -6.283185307
@ NAME             %06s "SURVEY"
@ TYPE             %06s "SURVEY"
@ TITLE            %08s "no-title"
@ ORIGIN           %19s "MAD-X 4.00.09 Linux"
@ DATE             %08s "06/04/09"
@ TIME             %08s "16.37.50"
* NAME                                L              ANGLE                  X                  Z              THETA 
$ %s                                %le                %le                %le                %le                %le 
 "MUSR$START"                         0                  0                  0                  0                  0
 "DRIFT_0"                            5                  0                  0                  5                  0
 "DIP1"                               0       0.5235987756                  0                  5      -0.5235987756
 "DRIFT_0"                            5                  0               -2.5        9.330127019      -0.5235987756
 "MUTEST"                             0                  0               -2.5        9.330127019      -0.5235987756
 "DRIFT_0"                            5                  0                 -5        13.66025404      -0.5235987756
 "DIP2"                               0       0.5235987756                 -5        13.66025404       -1.047197551
 "DRIFT_1"                           10                  0       -13.66025404        18.66025404       -1.047197551
 "DIP3"                               0       0.5235987756       -13.66025404        18.66025404       -1.570796327
 "DRIFT_1"                           10                  0       -23.66025404        18.66025404       -1.570796327
 "DIP4"                               0       0.5235987756       -23.66025404        18.66025404       -2.094395102
 "DRIFT_1"                           10                  0       -32.32050808        13.66025404       -2.094395102
 "DIP5"                               0       0.5235987756       -32.32050808        13.66025404       -2.617993878
 "DRIFT_1"                           10                  0       -37.32050808                  5       -2.617993878
 "DIP6"                               0       0.5235987756       -37.32050808                  5       -3.141592654
 "DRIFT_0"                            5                  0       -37.32050808   -3.861799769e-12       -3.141592654
 "MIDSEQ"                             0                  0       -37.32050808   -3.861799769e-12       -3.141592654
 "DRIFT_0"                            5                  0       -37.32050808                 -5       -3.141592654
 "DIP7"                               0       0.5235987756       -37.32050808                 -5       -3.665191429
 "DRIFT_1"                           10                  0       -32.32050808       -13.66025404       -3.665191429
 "DIP8"                               0       0.5235987756       -32.32050808       -13.66025404       -4.188790205
 "DRIFT_1"                           10                  0       -23.66025404       -18.66025404       -4.188790205
 "DIP9"                               0       0.5235987756       -23.66025404       -18.66025404        -4.71238898
 "DRIFT_1"                           10                  0       -13.66025404       -18.66025404        -4.71238898
 "DIP10"                              0       0.5235987756       -13.66025404       -18.66025404       -5.235987756
 "DRIFT_1"                           10                  0                 -5       -13.66025404       -5.235987756
 "DIP11"                              0       0.5235987756                 -5       -13.66025404       -5.759586532
 "DRIFT_1"                           10                  0    2.075672967e-12                 -5       -5.759586532
 "DIP12"                              0       0.5235987756    2.075672967e-12                 -5       -6.283185307
 "DRIFT_0"                            5                  0    6.494804694e-15    7.717382289e-12       -6.283185307
 "MUSR$END"                           0                  0    6.494804694e-15    7.717382289e-12       -6.283185307

  +++++++++++++++++++++++++++++++++++++++++++
  +              MAD-X 4.00.09              +
  +           Production Version            +
  + Code Modification Date: 27.03.2009      +
  + Execution Time Stamp: 06.04.09 16.37.50 +
  +++++++++++++++++++++++++++++++++++++++++++


// only dipoles to make 360degres BOTH THICK and THIN *** TEST MADX *****

option,-echo;

beam,particle=proton;

use,period=musr;select,flag=survey,column=name,l,angle,x,z,theta;

survey,psi0=0.0,file="prtsurv";

system,"cat prtsurv";

system,"rm prtsurv";

!***************     CHECKS    **************************

!  x(dip3) = -19.098593   , z(dip3) =  19.098593        *

!  x(dip6) = -38.19718634 , z(dip6) = -3.948578443e-12  *

!********************************************************

makethin,sequence=musr;

++++++ warning: makethin: no selection list, slicing all to one thin lens.
makethin: slicing sequence : musr
use,period=musr;select,flag=survey,column=name,l,angle,x,z,theta;

survey,psi0=0.0,file="prtsurv";

system,"cat prtsurv";

system,"rm prtsurv";

stop;


  Number of warnings: 1
1 in C and 0 in Fortran

  +++++++++++++++++++++++++++++++++++
  + MAD-X 4.00.09 finished normally +
  +++++++++++++++++++++++++++++++++++
