@ NAME             %06s "SURVEY"
* NAME                                L              ANGLE                  X                  Z              THETA 
 "IP1"                                0                  0                  0                  0                  0
 "IP1.L1"                             0                  0    0.0001217036267   -7.969062741e-05       -6.283185307
 "IP3"                                0                  0       -4204.726083        4204.614036       -1.570796327
 "IP5"                                0                  0       -8409.452146    2.005174976e-05       -3.141592654
@ NAME             %06s "SURVEY"
* NAME                                L              ANGLE                  X                  Z              THETA 
 "IP1"                                0                  0                  0                  0                  0
 "IP1.L1"                             0                  0    0.0001272541371   -8.465098409e-05       -6.283185307
 "IP3"                                0                  0           -4204.72        4204.607952       -1.570796327
 "IP5"                                0                  0        -8409.43998    2.032620671e-05       -3.141592654

  +++++++++++++++++++++++++++++++++++++++++++
  +              MAD-X 4.00.09              +
  +           Production Version            +
  + Code Modification Date: 27.03.2009      +
  + Execution Time Stamp: 06.04.09 16.47.12 +
  +++++++++++++++++++++++++++++++++++++++++++
!*******************************************

!**     SURVEY TEST WITH  LHC RING1    *****

!*******************************************



option,-echo,-warn,-info;

makethin: slicing sequence : lhcb1

  Number of warnings: 0

  +++++++++++++++++++++++++++++++++++
  + MAD-X 4.00.09 finished normally +
  +++++++++++++++++++++++++++++++++++
