@ NAME             %06s "SURVEY"
* NAME                                L              ANGLE                  X                  Z              THETA 
 "IP1"                                0                  0                  0                  0                  0
 "IP1.L1"                             0                  0   -6.854336241e-10    -3.09608339e-10       -6.283185307
 "IP3"                                0                  0       -4204.726186        4204.726186       -1.570796327
 "IP5"                                0                  0       -8409.452373   -2.116440356e-11       -3.141592654
@ NAME             %06s "SURVEY"
* NAME                                L              ANGLE                  X                  Z              THETA 
 "IP1"                                0                  0                  0                  0                  0
 "IP1.L1"                             0                  0     1.89371164e-10    2.933120413e-10       -6.283185307
 "IP3"                                0                  0       -4204.720109        4204.720109       -1.570796327
 "IP5"                                0                  0       -8409.440218    1.183511067e-10       -3.141592654

  +++++++++++++++++++++++++++++++++++++++++++
  +              MAD-X 4.00.09              +
  +           Production Version            +
  + Code Modification Date: 27.03.2009      +
  + Execution Time Stamp: 06.04.09 16.43.07 +
  +++++++++++++++++++++++++++++++++++++++++++
!*******************************************

!** SURVEY TEST WITH AVERAGE LHC RING  *****

!*******************************************

real const r0=1.0;

option,-echo,-warn,-info;

makethin: slicing sequence : lhcb1

  Number of warnings: 0

  +++++++++++++++++++++++++++++++++++
  + MAD-X 4.00.09 finished normally +
  +++++++++++++++++++++++++++++++++++
