@ NAME             %06s "SURVEY"
* NAME                                L              ANGLE                  X                  Z              THETA 
 "IP1"                                0                  0                  0                  0                  0
 "IP1.L1"                             0                  0     0.000122264598   -7.969060179e-05       -6.283185307
 "IP3"                                0                  0       -4204.726083        4204.838035       -1.570796327
 "IP5"                                0                  0       -8409.452146    2.033221098e-05       -3.141592654
@ NAME             %06s "SURVEY"
* NAME                                L              ANGLE                  X                  Z              THETA 
 "IP1"                                0                  0                  0                  0                  0
 "IP1.L1"                             0                  0     0.000127799132    -8.46509873e-05       -6.283185307
 "IP3"                                0                  0           -4204.72        4204.831952       -1.570796327
 "IP5"                                0                  0        -8409.43998    2.059867666e-05       -3.141592654

  +++++++++++++++++++++++++++++++++++++++++++
  +              MAD-X 4.00.09              +
  +           Production Version            +
  + Code Modification Date: 27.03.2009      +
  + Execution Time Stamp: 06.04.09 16.47.28 +
  +++++++++++++++++++++++++++++++++++++++++++
!*******************************************

!**     SURVEY TEST WITH  LHC RING2    *****

!*******************************************



option,-echo,-warn,-info;

makethin: slicing sequence : lhcb2

  Number of warnings: 0

  +++++++++++++++++++++++++++++++++++
  + MAD-X 4.00.09 finished normally +
  +++++++++++++++++++++++++++++++++++
