
  +++++++++++++++++++++++++++++++++++++++++++
  +              MAD-X 4.00.09              +
  +           Production Version            +
  + Code Modification Date: 27.03.2009      +
  + Execution Time Stamp: 06.04.09 16.34.16 +
  +++++++++++++++++++++++++++++++++++++++++++
// *** TEST MADX ***** single Vbend for a test

option,-echo;

@ NAME             %06s "SURVEY"
@ TYPE             %06s "SURVEY"
@ TITLE            %08s "no-title"
@ ORIGIN           %19s "MAD-X 4.00.09 Linux"
@ DATE             %08s "06/04/09"
@ TIME             %08s "16.34.16"
* NAME                                X                  Y                  Z                PHI                PSI         GLOBALTILT 
$ %s                                %le                %le                %le                %le                %le                %le 
 "MUSR1$START"                        0                  0                  0                  0                  0                  0
 "DIPTU"                5.166270299e-14      -0.4995834722        9.983341665               -0.1    5.192209721e-16        1.570796327
 "DIP1"                    -3.729232286       -1.398400011        18.94152651     -0.07065164935      -0.0708286469    5.192209721e-16
 "DIP2"                    -12.73239545       -1.770702012        22.65212817    9.818534874e-15               -0.1      -0.0708286469
 "MUSR1$END"               -12.73239545       -1.770702012        22.65212817    9.818534874e-15               -0.1               -0.1
++++++ warning: makethin: no selection list, slicing all to one thin lens.
makethin: slicing sequence : musr1
@ NAME             %06s "SURVEY"
@ TYPE             %06s "SURVEY"
@ TITLE            %08s "no-title"
@ ORIGIN           %19s "MAD-X 4.00.09 Linux"
@ DATE             %08s "06/04/09"
@ TIME             %08s "16.34.16"
* NAME                                X                  Y                  Z                PHI                PSI         GLOBALTILT 
$ %s                                %le                %le                %le                %le                %le                %le 
 "MUSR1$START"                        0                  0                  0                  0                  0                  0
 "DRIFT_0"                            0                  0                  5                  0                  0                  0
 "DIPTU"                              0                  0                  5               -0.1    5.192209721e-16        1.570796327
 "DRIFT_1"              1.032392871e-13      -0.9983341665        14.95004165               -0.1    5.192209721e-16    5.192209721e-16
 "DIP1"                 1.032392871e-13      -0.9983341665        14.95004165     -0.07065164935      -0.0708286469    5.192209721e-16
 "DRIFT_1"                 -7.071067812       -1.704263025        21.98578358     -0.07065164935      -0.0708286469      -0.0708286469
 "DIP2"                    -7.071067812       -1.704263025        21.98578358    9.818534874e-15               -0.1      -0.0708286469
 "DRIFT_0"                 -12.07106781       -1.704263025        21.98578358    9.818534874e-15               -0.1               -0.1
 "MUSR1$END"               -12.07106781       -1.704263025        21.98578358    9.818534874e-15               -0.1               -0.1

  Number of warnings: 1
1 in C and 0 in Fortran

  +++++++++++++++++++++++++++++++++++
  + MAD-X 4.00.09 finished normally +
  +++++++++++++++++++++++++++++++++++
