@ NAME             %05s "TWISS"
@ TYPE             %05s "TWISS"
@ SEQUENCE         %04s "CELL"
@ PARTICLE         %08s "ELECTRON"
@ MASS             %le       0.00051099891
@ CHARGE           %le                  -1
@ ENERGY           %le               0.015
@ PC               %le       0.01499129348
@ GAMMA            %le         29.35427005
@ KBUNCH           %le                   1
@ BCURRENT         %le                   0
@ SIGE             %le                   0
@ SIGT             %le                   0
@ NPART            %le                   0
@ EX               %le     1.022591368e-05
@ EY               %le     1.022591368e-05
@ ET               %le                   1
@ LENGTH           %le        0.3000105293
@ ALFA             %le      0.001122191977
@ ORBIT5           %le                  -0
@ GAMMATR          %le         29.85151798
@ Q1               %le        0.2332158663
@ Q2               %le        0.1819344553
@ DQ1              %le       -0.1987821017
@ DQ2              %le        -0.336228586
@ DXMAX            %le       0.02029308922
@ DYMAX            %le                   0
@ XCOMAX           %le                   0
@ YCOMAX           %le                   0
@ BETXMAX          %le          0.30265783
@ BETYMAX          %le        0.5238056069
@ XCORMS           %le                   0
@ YCORMS           %le                   0
@ DXRMS            %le       0.01765897486
@ DYRMS            %le                   0
@ DELTAP           %le                   0
@ SYNCH_1          %le                   0
@ SYNCH_2          %le                   0
@ SYNCH_3          %le                   0
@ SYNCH_4          %le                   0
@ SYNCH_5          %le                   0
@ TITLE            %36s "Triplet lattice for e model - dec03o"
@ ORIGIN           %19s "MAD-X 3.04.47 Linux"
@ DATE             %08s "02/10/08"
@ TIME             %08s "09.57.54"
* NAME               KEYWORD                             S               BETX               ALFX                MUX                 DX                DPX                  X                 PX               BETY               ALFY                MUY                 DY                DPY                  Y                 PY 
$ %s                 %s                                %le                %le                %le                %le                %le                %le                %le                %le                %le                %le                %le                %le                %le                %le                %le 
 "CELL$START"        "MARKER"                             0         0.30265783      -0.1699760865                  0      0.02029308922    3.577076727e-17                  0                  0       0.1971192051      -0.2724872202                  0                  0                  0                  0                  0
 "CELL$END"          "MARKER"                  0.3000105293         0.30265783      -0.1699760865       0.2332158663      0.02029308922    2.682045124e-17                  0                  0       0.1971192051      -0.2724872202       0.1819344553                  0                  0                  0                  0
@ NAME             %05s "TWISS"
@ TYPE             %05s "TWISS"
@ SEQUENCE         %04s "CELL"
@ PARTICLE         %08s "ELECTRON"
@ MASS             %le       0.00051099891
@ CHARGE           %le                  -1
@ ENERGY           %le               0.015
@ PC               %le       0.01499129348
@ GAMMA            %le         29.35427005
@ KBUNCH           %le                   1
@ BCURRENT         %le                   0
@ SIGE             %le                   0
@ SIGT             %le                   0
@ NPART            %le                   0
@ EX               %le     1.022591368e-05
@ EY               %le     1.022591368e-05
@ ET               %le                   1
@ LENGTH           %le        0.3000105293
@ ALFA             %le      0.003376166359
@ ORBIT5           %le                  -0
@ GAMMATR          %le         17.21028574
@ Q1               %le        0.2228714731
@ Q2               %le        0.1673135476
@ DQ1              %le       -0.1851677688
@ DQ2              %le       -0.3312894028
@ DXMAX            %le        0.0232061287
@ DYMAX            %le                   0
@ XCOMAX           %le      0.001063433233
@ YCOMAX           %le                   0
@ BETXMAX          %le        0.3085090279
@ BETYMAX          %le        0.5425105667
@ XCORMS           %le     0.0009320977508
@ YCORMS           %le                   0
@ DXRMS            %le       0.02047084106
@ DYRMS            %le                   0
@ DELTAP           %le                0.05
@ SYNCH_1          %le                   0
@ SYNCH_2          %le                   0
@ SYNCH_3          %le                   0
@ SYNCH_4          %le                   0
@ SYNCH_5          %le                   0
@ TITLE            %36s "Triplet lattice for e model - dec03o"
@ ORIGIN           %19s "MAD-X 3.04.47 Linux"
@ DATE             %08s "02/10/08"
@ TIME             %08s "09.57.54"
* NAME               KEYWORD                             S               BETX               ALFX                MUX                 DX                DPX                  X                 PX               BETY               ALFY                MUY                 DY                DPY                  Y                 PY 
$ %s                 %s                                %le                %le                %le                %le                %le                %le                %le                %le                %le                %le                %le                %le                %le                %le                %le 
 "CELL$START"        "MARKER"                             0       0.3085087354      -0.1665649528                  0      0.02320605549   -7.308436515e-07     0.001063433233    1.167280144e-09       0.2171664455      -0.2439396397                  0                 -0                  0                  0                  0
 "CELL$END"          "MARKER"                  0.3000105293       0.3085087354      -0.1665649528       0.2228714731      0.02320605549   -7.308436515e-07     0.001063433233    1.167280089e-09       0.2171664455      -0.2439396397       0.1673135476                  0                  0                  0                  0
@ NAME             %05s "TWISS"
@ TYPE             %05s "TWISS"
@ SEQUENCE         %04s "CELL"
@ PARTICLE         %08s "ELECTRON"
@ MASS             %le       0.00051099891
@ CHARGE           %le                  -1
@ ENERGY           %le               0.015
@ PC               %le       0.01499129348
@ GAMMA            %le         29.35427005
@ KBUNCH           %le                   1
@ BCURRENT         %le                   0
@ SIGE             %le                   0
@ SIGT             %le                   0
@ NPART            %le                   0
@ EX               %le     1.022591368e-05
@ EY               %le     1.022591368e-05
@ ET               %le                   1
@ LENGTH           %le        0.3000105293
@ ALFA             %le       0.00576900638
@ ORBIT5           %le                  -0
@ GAMMATR          %le         13.16586781
@ Q1               %le         0.213548994
@ Q2               %le        0.1535398991
@ DQ1              %le       -0.1732504666
@ DQ2              %le       -0.3312776281
@ DXMAX            %le       0.02623355122
@ DYMAX            %le                   0
@ XCOMAX           %le      0.002224743576
@ YCOMAX           %le                   0
@ BETXMAX          %le        0.3148785654
@ BETYMAX          %le        0.5669948793
@ XCORMS           %le      0.001962922551
@ YCORMS           %le                   0
@ DXRMS            %le       0.02341201461
@ DYRMS            %le                   0
@ DELTAP           %le                 0.1
@ SYNCH_1          %le                   0
@ SYNCH_2          %le                   0
@ SYNCH_3          %le                   0
@ SYNCH_4          %le                   0
@ SYNCH_5          %le                   0
@ TITLE            %36s "Triplet lattice for e model - dec03o"
@ ORIGIN           %19s "MAD-X 3.04.47 Linux"
@ DATE             %08s "02/10/08"
@ TIME             %08s "09.57.54"
* NAME               KEYWORD                             S               BETX               ALFX                MUX                 DX                DPX                  X                 PX               BETY               ALFY                MUY                 DY                DPY                  Y                 PY 
$ %s                 %s                                %le                %le                %le                %le                %le                %le                %le                %le                %le                %le                %le                %le                %le                %le                %le 
 "CELL$START"        "MARKER"                             0       0.3148775275      -0.1630059581                  0      0.02623320856   -3.413261579e-06     0.002224743576     1.32740503e-08        0.239545714      -0.2187175636                  0                 -0                  0                  0                  0
 "CELL$END"          "MARKER"                  0.3000105293       0.3148775275      -0.1630059581        0.213548994      0.02623320856   -3.413261579e-06     0.002224743576     1.32740463e-08        0.239545714      -0.2187175636       0.1535398991                  0                  0                  0                  0
@ NAME             %05s "TWISS"
@ TYPE             %05s "TWISS"
@ SEQUENCE         %04s "CELL"
@ PARTICLE         %08s "ELECTRON"
@ MASS             %le       0.00051099891
@ CHARGE           %le                  -1
@ ENERGY           %le               0.015
@ PC               %le       0.01499129348
@ GAMMA            %le         29.35427005
@ KBUNCH           %le                   1
@ BCURRENT         %le                   0
@ SIGE             %le                   0
@ SIGT             %le                   0
@ NPART            %le                   0
@ EX               %le     1.022591368e-05
@ EY               %le     1.022591368e-05
@ ET               %le                   1
@ LENGTH           %le        0.3000105293
@ ALFA             %le       0.00829125012
@ ORBIT5           %le                  -0
@ GAMMATR          %le         10.98221627
@ Q1               %le        0.2050903343
@ Q2               %le        0.1403305007
@ DQ1              %le       -0.1626836335
@ DQ2              %le       -0.3361855974
@ DXMAX            %le       0.02937291709
@ DYMAX            %le                   0
@ XCOMAX           %le      0.003482938233
@ YCOMAX           %le                   0
@ BETXMAX          %le         0.321639804
@ BETYMAX          %le        0.5982801372
@ XCORMS           %le      0.003091756868
@ YCORMS           %le                   0
@ DXRMS            %le       0.02647669419
@ DYRMS            %le                   0
@ DELTAP           %le                0.15
@ SYNCH_1          %le                   0
@ SYNCH_2          %le                   0
@ SYNCH_3          %le                   0
@ SYNCH_4          %le                   0
@ SYNCH_5          %le                   0
@ TITLE            %36s "Triplet lattice for e model - dec03o"
@ ORIGIN           %19s "MAD-X 3.04.47 Linux"
@ DATE             %08s "02/10/08"
@ TIME             %08s "09.57.54"
* NAME               KEYWORD                             S               BETX               ALFX                MUX                 DX                DPX                  X                 PX               BETY               ALFY                MUY                 DY                DPY                  Y                 PY 
$ %s                 %s                                %le                %le                %le                %le                %le                %le                %le                %le                %le                %le                %le                %le                %le                %le                %le 
 "CELL$START"        "MARKER"                             0        0.321637752      -0.1593936553                  0      0.02937204764   -8.636101439e-06     0.003482938233    5.836920542e-08        0.265075781      -0.1958734565                  0                 -0                  0                  0                  0
 "CELL$END"          "MARKER"                  0.3000105293        0.321637752      -0.1593936553       0.2050903343      0.02937204764   -8.636101439e-06     0.003482938233    5.836915483e-08        0.265075781      -0.1958734565       0.1403305007                  0                  0                  0                  0
@ NAME             %05s "TWISS"
@ TYPE             %05s "TWISS"
@ SEQUENCE         %04s "CELL"
@ PARTICLE         %08s "ELECTRON"
@ MASS             %le       0.00051099891
@ CHARGE           %le                  -1
@ ENERGY           %le               0.015
@ PC               %le       0.01499129348
@ GAMMA            %le         29.35427005
@ KBUNCH           %le                   1
@ BCURRENT         %le                   0
@ SIGE             %le                   0
@ SIGT             %le                   0
@ NPART            %le                   0
@ EX               %le     1.022591368e-05
@ EY               %le     1.022591368e-05
@ ET               %le                   1
@ LENGTH           %le        0.3000105293
@ ALFA             %le       0.01093503236
@ ORBIT5           %le                  -0
@ GAMMATR          %le         9.562907692
@ Q1               %le        0.1973703984
@ Q2               %le        0.1274291388
@ DQ1              %le       -0.1532146214
@ DQ2              %le       -0.3465463476
@ DXMAX            %le       0.03262236334
@ DYMAX            %le                   0
@ XCOMAX           %le      0.004837397107
@ YCOMAX           %le                   0
@ BETXMAX          %le        0.3287059803
@ BETYMAX          %le        0.6382503466
@ XCORMS           %le      0.004318135972
@ YCORMS           %le                   0
@ DXRMS            %le       0.02966069467
@ DYRMS            %le                   0
@ DELTAP           %le                 0.2
@ SYNCH_1          %le                   0
@ SYNCH_2          %le                   0
@ SYNCH_3          %le                   0
@ SYNCH_4          %le                   0
@ SYNCH_5          %le                   0
@ TITLE            %36s "Triplet lattice for e model - dec03o"
@ ORIGIN           %19s "MAD-X 3.04.47 Linux"
@ DATE             %08s "02/10/08"
@ TIME             %08s "09.57.54"
* NAME               KEYWORD                             S               BETX               ALFX                MUX                 DX                DPX                  X                 PX               BETY               ALFY                MUY                 DY                DPY                  Y                 PY 
$ %s                 %s                                %le                %le                %le                %le                %le                %le                %le                %le                %le                %le                %le                %le                %le                %le                %le 
 "CELL$START"        "MARKER"                             0       0.3287028131      -0.1557890723                  0      0.03262066426   -1.681976312e-05     0.004837397107    1.710022631e-07       0.2950002398      -0.1746874668                  0                 -0                  0                  0                  0
 "CELL$END"          "MARKER"                  0.3000105293       0.3287028131      -0.1557890723       0.1973703984      0.03262066426   -1.681976312e-05     0.004837397107    1.710019506e-07       0.2950002398      -0.1746874668       0.1274291388                  0                  0                  0                  0
@ NAME             %05s "TWISS"
@ TYPE             %05s "TWISS"
@ SEQUENCE         %04s "CELL"
@ PARTICLE         %08s "ELECTRON"
@ MASS             %le       0.00051099891
@ CHARGE           %le                  -1
@ ENERGY           %le               0.015
@ PC               %le       0.01499129348
@ GAMMA            %le         29.35427005
@ KBUNCH           %le                   1
@ BCURRENT         %le                   0
@ SIGE             %le                   0
@ SIGT             %le                   0
@ NPART            %le                   0
@ EX               %le     1.022591368e-05
@ EY               %le     1.022591368e-05
@ ET               %le                   1
@ LENGTH           %le        0.3000105293
@ ALFA             %le       0.01369386669
@ ORBIT5           %le                  -0
@ GAMMATR          %le         8.545489642
@ Q1               %le        0.1902885056
@ Q2               %le        0.1145782417
@ DQ1              %le        -0.144653645
@ DQ2              %le       -0.3636412442
@ DXMAX            %le       0.03598052733
@ DYMAX            %le                   0
@ XCOMAX           %le       0.00628785012
@ YCOMAX           %le                   0
@ BETXMAX          %le        0.3360160369
@ BETYMAX          %le         0.690192379
@ XCORMS           %le      0.005641860171
@ YCORMS           %le                   0
@ DXRMS            %le       0.03296098833
@ DYRMS            %le                   0
@ DELTAP           %le                0.25
@ SYNCH_1          %le                   0
@ SYNCH_2          %le                   0
@ SYNCH_3          %le                   0
@ SYNCH_4          %le                   0
@ SYNCH_5          %le                   0
@ TITLE            %36s "Triplet lattice for e model - dec03o"
@ ORIGIN           %19s "MAD-X 3.04.47 Linux"
@ DATE             %08s "02/10/08"
@ TIME             %08s "09.57.54"
* NAME               KEYWORD                             S               BETX               ALFX                MUX                 DX                DPX                  X                 PX               BETY               ALFY                MUY                 DY                DPY                  Y                 PY 
$ %s                 %s                                %le                %le                %le                %le                %le                %le                %le                %le                %le                %le                %le                %le                %le                %le                %le 
 "CELL$START"        "MARKER"                             0       0.3360118057      -0.1522315984                  0      0.03597766301   -2.824462021e-05      0.00628785012    3.984083955e-07       0.3313190882      -0.1545613733                  0                 -0                  0                  0                  0
 "CELL$END"          "MARKER"                  0.3000105293       0.3360118057      -0.1522315984       0.1902885056      0.03597766301   -2.824462021e-05      0.00628785012    3.984070929e-07       0.3313190882      -0.1545613733       0.1145782417                  0                  0                  0                  0
@ NAME             %05s "TWISS"
@ TYPE             %05s "TWISS"
@ SEQUENCE         %04s "CELL"
@ PARTICLE         %08s "ELECTRON"
@ MASS             %le       0.00051099891
@ CHARGE           %le                  -1
@ ENERGY           %le               0.015
@ PC               %le       0.01499129348
@ GAMMA            %le         29.35427005
@ KBUNCH           %le                   1
@ BCURRENT         %le                   0
@ SIGE             %le                   0
@ SIGT             %le                   0
@ NPART            %le                   0
@ EX               %le     1.022591368e-05
@ EY               %le     1.022591368e-05
@ ET               %le                   1
@ LENGTH           %le        0.3000105293
@ ALFA             %le       0.01656245641
@ ORBIT5           %le                  -0
@ GAMMATR          %le         7.770297124
@ Q1               %le        0.1837624687
@ Q2               %le        0.1014834451
@ DQ1              %le       -0.1368545568
@ DQ2              %le       -0.3900590604
@ DXMAX            %le       0.03944647772
@ DYMAX            %le                   0
@ XCOMAX           %le      0.007834357379
@ YCOMAX           %le                   0
@ BETXMAX          %le        0.3435260667
@ BETYMAX          %le        0.7600447528
@ XCORMS           %le      0.007062999343
@ YCORMS           %le                   0
@ DXRMS            %le       0.03637541382
@ DYRMS            %le                   0
@ DELTAP           %le                 0.3
@ SYNCH_1          %le                   0
@ SYNCH_2          %le                   0
@ SYNCH_3          %le                   0
@ SYNCH_4          %le                   0
@ SYNCH_5          %le                   0
@ TITLE            %36s "Triplet lattice for e model - dec03o"
@ ORIGIN           %19s "MAD-X 3.04.47 Linux"
@ DATE             %08s "02/10/08"
@ TIME             %08s "09.57.54"
* NAME               KEYWORD                             S               BETX               ALFX                MUX                 DX                DPX                  X                 PX               BETY               ALFY                MUY                 DY                DPY                  Y                 PY 
$ %s                 %s                                %le                %le                %le                %le                %le                %le                %le                %le                %le                %le                %le                %le                %le                %le                %le 
 "CELL$START"        "MARKER"                             0        0.343520963      -0.1487464057                  0      0.03944209019   -4.307446674e-05     0.007834357378    8.005627428e-07        0.377511667      -0.1349334043                  0                 -0                  0                  0                  0
 "CELL$END"          "MARKER"                  0.3000105293        0.343520963      -0.1487464057       0.1837624687      0.03944209019   -4.307446674e-05     0.007834357379    8.005585114e-07        0.377511667      -0.1349334043       0.1014834451                  0                  0                  0                  0
@ NAME             %05s "TWISS"
@ TYPE             %05s "TWISS"
@ SEQUENCE         %04s "CELL"
@ PARTICLE         %08s "ELECTRON"
@ MASS             %le       0.00051099891
@ CHARGE           %le                  -1
@ ENERGY           %le               0.015
@ PC               %le       0.01499129348
@ GAMMA            %le         29.35427005
@ KBUNCH           %le                   1
@ BCURRENT         %le                   0
@ SIGE             %le                   0
@ SIGT             %le                   0
@ NPART            %le                   0
@ EX               %le     1.022591368e-05
@ EY               %le     1.022591368e-05
@ ET               %le                   1
@ LENGTH           %le        0.3000105293
@ ALFA             %le       0.01953653011
@ ORBIT5           %le                  -0
@ GAMMATR          %le          7.15445052
@ Q1               %le        0.1777243837
@ Q2               %le       0.08775262966
@ DQ1              %le       -0.1297024428
@ DQ2              %le       -0.4311720883
@ DXMAX            %le       0.04301965189
@ DYMAX            %le                   0
@ XCOMAX           %le      0.009477291928
@ YCOMAX           %le                   0
@ BETXMAX          %le        0.3512039343
@ BETYMAX          %le        0.8595716274
@ XCORMS           %le      0.008581892925
@ YCORMS           %le                   0
@ DXRMS            %le       0.03990247858
@ DYRMS            %le                   0
@ DELTAP           %le                0.35
@ SYNCH_1          %le                   0
@ SYNCH_2          %le                   0
@ SYNCH_3          %le                   0
@ SYNCH_4          %le                   0
@ SYNCH_5          %le                   0
@ TITLE            %36s "Triplet lattice for e model - dec03o"
@ ORIGIN           %19s "MAD-X 3.04.47 Linux"
@ DATE             %08s "02/10/08"
@ TIME             %08s "09.57.54"
* NAME               KEYWORD                             S               BETX               ALFX                MUX                 DX                DPX                  X                 PX               BETY               ALFY                MUY                 DY                DPY                  Y                 PY 
$ %s                 %s                                %le                %le                %le                %le                %le                %le                %le                %le                %le                %le                %le                %le                %le                %le                %le 
 "CELL$START"        "MARKER"                             0       0.3511982789      -0.1453491995                  0      0.04301336927   -6.137554206e-05     0.009477291926    1.450201436e-06       0.4403424795      -0.1151784864                  0                 -0                  0                  0                  0
 "CELL$END"          "MARKER"                  0.3000105293       0.3511982789      -0.1453491995       0.1777243837      0.04301336927   -6.137554206e-05     0.009477291928    1.450189859e-06       0.4403424795      -0.1151784864      0.08775262966                  0                  0                  0                  0
@ NAME             %05s "TWISS"
@ TYPE             %05s "TWISS"
@ SEQUENCE         %04s "CELL"
@ PARTICLE         %08s "ELECTRON"
@ MASS             %le       0.00051099891
@ CHARGE           %le                  -1
@ ENERGY           %le               0.015
@ PC               %le       0.01499129348
@ GAMMA            %le         29.35427005
@ KBUNCH           %le                   1
@ BCURRENT         %le                   0
@ SIGE             %le                   0
@ SIGT             %le                   0
@ NPART            %le                   0
@ EX               %le     1.022591368e-05
@ EY               %le     1.022591368e-05
@ ET               %le                   1
@ LENGTH           %le        0.3000105293
@ ALFA             %le    -0.0009816068073
@ ORBIT5           %le                  -0
@ GAMMATR          %le        -31.91767287
@ Q1               %le        0.2447861736
@ Q2               %le        0.1977429487
@ DQ1              %le       -0.2145866394
@ DQ2              %le       -0.3466222893
@ DXMAX            %le       0.01749753396
@ DYMAX            %le                   0
@ XCOMAX           %le     0.0009641648231
@ YCOMAX           %le                   0
@ BETXMAX          %le        0.2975161182
@ BETYMAX          %le        0.5105042324
@ XCORMS           %le     0.0008324253441
@ YCORMS           %le                   0
@ DXRMS            %le       0.01498461244
@ DYRMS            %le                   0
@ DELTAP           %le               -0.05
@ SYNCH_1          %le                   0
@ SYNCH_2          %le                   0
@ SYNCH_3          %le                   0
@ SYNCH_4          %le                   0
@ SYNCH_5          %le                   0
@ TITLE            %36s "Triplet lattice for e model - dec03o"
@ ORIGIN           %19s "MAD-X 3.04.47 Linux"
@ DATE             %08s "02/10/08"
@ TIME             %08s "09.57.54"
* NAME               KEYWORD                             S               BETX               ALFX                MUX                 DX                DPX                  X                 PX               BETY               ALFY                MUY                 DY                DPY                  Y                 PY 
$ %s                 %s                                %le                %le                %le                %le                %le                %le                %le                %le                %le                %le                %le                %le                %le                %le                %le 
 "CELL$START"        "MARKER"                             0       0.2975157544       -0.173091657                  0      0.01749749099   -4.298962952e-07   -0.0009641648231   -2.323375491e-10       0.1788434376      -0.3057017173                  0                 -0                  0                  0                  0
 "CELL$END"          "MARKER"                  0.3000105293       0.2975157544       -0.173091657       0.2447861736      0.01749749099   -4.298962952e-07   -0.0009641648231   -2.323375907e-10       0.1788434376      -0.3057017173       0.1977429487                  0                  0                  0                  0
@ NAME             %05s "TWISS"
@ TYPE             %05s "TWISS"
@ SEQUENCE         %04s "CELL"
@ PARTICLE         %08s "ELECTRON"
@ MASS             %le       0.00051099891
@ CHARGE           %le                  -1
@ ENERGY           %le               0.015
@ PC               %le       0.01499129348
@ GAMMA            %le         29.35427005
@ KBUNCH           %le                   1
@ BCURRENT         %le                   0
@ SIGE             %le                   0
@ SIGT             %le                   0
@ NPART            %le                   0
@ EX               %le     1.022591368e-05
@ EY               %le     1.022591368e-05
@ ET               %le                   1
@ LENGTH           %le        0.3000105293
@ ALFA             %le     -0.002921781906
@ ORBIT5           %le                  -0
@ GAMMATR          %le        -18.50018632
@ Q1               %le        0.2578526118
@ Q2               %le        0.2151788228
@ DQ1              %le         -0.23331619
@ DQ2              %le       -0.3636626673
@ DXMAX            %le       0.01482331964
@ DYMAX            %le                   0
@ XCOMAX           %le      0.001827242407
@ YCOMAX           %le                   0
@ BETXMAX          %le        0.2933849901
@ BETYMAX          %le        0.5028678876
@ XCORMS           %le      0.001564051047
@ YCORMS           %le                   0
@ DXRMS            %le       0.01245977819
@ DYRMS            %le                   0
@ DELTAP           %le                -0.1
@ SYNCH_1          %le                   0
@ SYNCH_2          %le                   0
@ SYNCH_3          %le                   0
@ SYNCH_4          %le                   0
@ SYNCH_5          %le                   0
@ TITLE            %36s "Triplet lattice for e model - dec03o"
@ ORIGIN           %19s "MAD-X 3.04.47 Linux"
@ DATE             %08s "02/10/08"
@ TIME             %08s "09.57.54"
* NAME               KEYWORD                             S               BETX               ALFX                MUX                 DX                DPX                  X                 PX               BETY               ALFY                MUY                 DY                DPY                  Y                 PY 
$ %s                 %s                                %le                %le                %le                %le                %le                %le                %le                %le                %le                %le                %le                %le                %le                %le                %le 
 "CELL$START"        "MARKER"                             0       0.2933833811      -0.1756771739                  0      0.01482322048   -9.900208274e-07    -0.001827242247    1.593859384e-09       0.1619497215      -0.3456176218                  0                 -0                  0                  0                  0
 "CELL$END"          "MARKER"                  0.3000105293       0.2933833811      -0.1756771739       0.2578526118      0.01482322048   -9.900208274e-07    -0.001827242247    1.593857165e-09       0.1619497215      -0.3456176218       0.2151788228                  0                  0                  0                  0
@ NAME             %05s "TWISS"
@ TYPE             %05s "TWISS"
@ SEQUENCE         %04s "CELL"
@ PARTICLE         %08s "ELECTRON"
@ MASS             %le       0.00051099891
@ CHARGE           %le                  -1
@ ENERGY           %le               0.015
@ PC               %le       0.01499129348
@ GAMMA            %le         29.35427005
@ KBUNCH           %le                   1
@ BCURRENT         %le                   0
@ SIGE             %le                   0
@ SIGT             %le                   0
@ NPART            %le                   0
@ EX               %le     1.022591368e-05
@ EY               %le     1.022591368e-05
@ ET               %le                   1
@ LENGTH           %le        0.3000105293
@ ALFA             %le      -0.00468241215
@ ORBIT5           %le                  -0
@ GAMMATR          %le        -14.61386802
@ Q1               %le        0.2727855082
@ Q2               %le        0.2348502275
@ DQ1              %le       -0.2561320217
@ DQ2              %le       -0.3896172552
@ DXMAX            %le       0.01227516294
@ DYMAX            %le                   0
@ XCOMAX           %le      0.002586954374
@ YCOMAX           %le                   0
@ BETXMAX          %le        0.2907658116
@ BETYMAX          %le        0.5020221678
@ XCORMS           %le      0.002193648541
@ YCORMS           %le                   0
@ DXRMS            %le       0.01010319575
@ DYRMS            %le                   0
@ DELTAP           %le               -0.15
@ SYNCH_1          %le                   0
@ SYNCH_2          %le                   0
@ SYNCH_3          %le                   0
@ SYNCH_4          %le                   0
@ SYNCH_5          %le                   0
@ TITLE            %36s "Triplet lattice for e model - dec03o"
@ ORIGIN           %19s "MAD-X 3.04.47 Linux"
@ DATE             %08s "02/10/08"
@ TIME             %08s "09.57.54"
* NAME               KEYWORD                             S               BETX               ALFX                MUX                 DX                DPX                  X                 PX               BETY               ALFY                MUY                 DY                DPY                  Y                 PY 
$ %s                 %s                                %le                %le                %le                %le                %le                %le                %le                %le                %le                %le                %le                %le                %le                %le                %le 
 "CELL$START"        "MARKER"                             0       0.2907618272      -0.1773509103                  0      0.01227512413   -3.719840067e-07    -0.002586952761    1.613506805e-08       0.1461793148      -0.3955653041                  0                 -0                  0                  0                  0
 "CELL$END"          "MARKER"                  0.3000105293       0.2907618272      -0.1773509103       0.2727855082      0.01227512413   -3.719840067e-07    -0.002586952761    1.613504791e-08       0.1461793148      -0.3955653041       0.2348502275                  0                  0                  0                  0
@ NAME             %05s "TWISS"
@ TYPE             %05s "TWISS"
@ SEQUENCE         %04s "CELL"
@ PARTICLE         %08s "ELECTRON"
@ MASS             %le       0.00051099891
@ CHARGE           %le                  -1
@ ENERGY           %le               0.015
@ PC               %le       0.01499129348
@ GAMMA            %le         29.35427005
@ KBUNCH           %le                   1
@ BCURRENT         %le                   0
@ SIGE             %le                   0
@ SIGT             %le                   0
@ NPART            %le                   0
@ EX               %le     1.022591368e-05
@ EY               %le     1.022591368e-05
@ ET               %le                   1
@ LENGTH           %le        0.3000105293
@ ALFA             %le     -0.006244716263
@ ORBIT5           %le                  -0
@ GAMMATR          %le         -12.6544608
@ Q1               %le        0.2901163888
@ Q2               %le        0.2576625993
@ DQ1              %le       -0.2850184039
@ DQ2              %le       -0.4288487718
@ DXMAX            %le      0.009859053999
@ DYMAX            %le                   0
@ XCOMAX           %le      0.003240525716
@ YCOMAX           %le                   0
@ BETXMAX          %le        0.2905579511
@ BETYMAX          %le        0.5106523403
@ XCORMS           %le      0.002720026121
@ YCORMS           %le                   0
@ DXRMS            %le      0.007946559731
@ DYRMS            %le                   0
@ DELTAP           %le                -0.2
@ SYNCH_1          %le                   0
@ SYNCH_2          %le                   0
@ SYNCH_3          %le                   0
@ SYNCH_4          %le                   0
@ SYNCH_5          %le                   0
@ TITLE            %36s "Triplet lattice for e model - dec03o"
@ ORIGIN           %19s "MAD-X 3.04.47 Linux"
@ DATE             %08s "02/10/08"
@ TIME             %08s "09.57.54"
* NAME               KEYWORD                             S               BETX               ALFX                MUX                 DX                DPX                  X                 PX               BETY               ALFY                MUY                 DY                DPY                  Y                 PY 
$ %s                 %s                                %le                %le                %le                %le                %le                %le                %le                %le                %le                %le                %le                %le                %le                %le                %le 
 "CELL$START"        "MARKER"                             0       0.2905501857      -0.1774683778                  0     0.009859053999    3.039327483e-06    -0.003240519601    6.114810406e-08       0.1314068427      -0.4615472288                  0                  0                  0                  0                  0
 "CELL$END"          "MARKER"                  0.3000105293       0.2905501857      -0.1774683778       0.2901163888     0.009859053999    3.039327483e-06    -0.003240519601    6.114801895e-08       0.1314068427      -0.4615472288       0.2576625993                  0                  0                  0                  0
@ NAME             %05s "TWISS"
@ TYPE             %05s "TWISS"
@ SEQUENCE         %04s "CELL"
@ PARTICLE         %08s "ELECTRON"
@ MASS             %le       0.00051099891
@ CHARGE           %le                  -1
@ ENERGY           %le               0.015
@ PC               %le       0.01499129348
@ GAMMA            %le         29.35427005
@ KBUNCH           %le                   1
@ BCURRENT         %le                   0
@ SIGE             %le                   0
@ SIGT             %le                   0
@ NPART            %le                   0
@ EX               %le     1.022591368e-05
@ EY               %le     1.022591368e-05
@ ET               %le                   1
@ LENGTH           %le        0.3000105293
@ ALFA             %le      -0.00758660499
@ ORBIT5           %le                  -0
@ GAMMATR          %le        -11.48090871
@ Q1               %le        0.3106603612
@ Q2               %le        0.2850981345
@ DQ1              %le       -0.3237541839
@ DQ2              %le       -0.4906411915
@ DXMAX            %le      0.007581995759
@ DYMAX            %le                   0
@ XCOMAX           %le      0.003784643749
@ YCOMAX           %le                   0
@ BETXMAX          %le        0.2945525554
@ BETYMAX          %le        0.5350470473
@ XCORMS           %le      0.003142264704
@ YCORMS           %le                   0
@ DXRMS            %le      0.006049215287
@ DYRMS            %le                   0
@ DELTAP           %le               -0.25
@ SYNCH_1          %le                   0
@ SYNCH_2          %le                   0
@ SYNCH_3          %le                   0
@ SYNCH_4          %le                   0
@ SYNCH_5          %le                   0
@ TITLE            %36s "Triplet lattice for e model - dec03o"
@ ORIGIN           %19s "MAD-X 3.04.47 Linux"
@ DATE             %08s "02/10/08"
@ TIME             %08s "09.57.54"
* NAME               KEYWORD                             S               BETX               ALFX                MUX                 DX                DPX                  X                 PX               BETY               ALFY                MUY                 DY                DPY                  Y                 PY 
$ %s                 %s                                %le                %le                %le                %le                %le                %le                %le                %le                %le                %le                %le                %le                %le                %le                %le 
 "CELL$START"        "MARKER"                             0       0.2945392941      -0.1748821264                  0     0.007581995759    1.116095199e-05    -0.003784627906    1.584302912e-07       0.1177291478       -0.555954179                  0                  0                  0                  0                  0
 "CELL$END"          "MARKER"                  0.3000105293       0.2945392941      -0.1748821264       0.3106603612     0.007581995759    1.116095199e-05    -0.003784627906    1.584300665e-07       0.1177291478       -0.555954179       0.2850981345                  0                  0                  0                  0
@ NAME             %05s "TWISS"
@ TYPE             %05s "TWISS"
@ SEQUENCE         %04s "CELL"
@ PARTICLE         %08s "ELECTRON"
@ MASS             %le       0.00051099891
@ CHARGE           %le                  -1
@ ENERGY           %le               0.015
@ PC               %le       0.01499129348
@ GAMMA            %le         29.35427005
@ KBUNCH           %le                   1
@ BCURRENT         %le                   0
@ SIGE             %le                   0
@ SIGT             %le                   0
@ NPART            %le                   0
@ EX               %le     1.022591368e-05
@ EY               %le     1.022591368e-05
@ ET               %le                   1
@ LENGTH           %le        0.3000105293
@ ALFA             %le     -0.008682160928
@ ORBIT5           %le                  -0
@ GAMMATR          %le        -10.73213394
@ Q1               %le        0.3358019794
@ Q2               %le        0.3199598893
@ DQ1              %le       -0.3807996535
@ DQ2              %le       -0.5991847995
@ DXMAX            %le      0.005652603681
@ DYMAX            %le                   0
@ XCOMAX           %le      0.004215412633
@ YCOMAX           %le                   0
@ BETXMAX          %le        0.3069265926
@ BETYMAX          %le        0.5925119915
@ XCORMS           %le      0.003460121951
@ YCORMS           %le                   0
@ DXRMS            %le      0.004531608662
@ DYRMS            %le                   0
@ DELTAP           %le                -0.3
@ SYNCH_1          %le                   0
@ SYNCH_2          %le                   0
@ SYNCH_3          %le                   0
@ SYNCH_4          %le                   0
@ SYNCH_5          %le                   0
@ TITLE            %36s "Triplet lattice for e model - dec03o"
@ ORIGIN           %19s "MAD-X 3.04.47 Linux"
@ DATE             %08s "02/10/08"
@ TIME             %08s "09.57.54"
* NAME               KEYWORD                             S               BETX               ALFX                MUX                 DX                DPX                  X                 PX               BETY               ALFY                MUY                 DY                DPY                  Y                 PY 
$ %s                 %s                                %le                %le                %le                %le                %le                %le                %le                %le                %le                %le                %le                %le                %le                %le                %le 
 "CELL$START"        "MARKER"                             0       0.3069057325      -0.1673762479                  0     0.005452201889    2.611503858e-05    -0.004215379469    3.316391947e-07       0.1058879325      -0.7105646166                  0                  0                  0                  0                  0
 "CELL$END"          "MARKER"                  0.3000105293       0.3069057325      -0.1673762479       0.3358019794     0.005452201889    2.611503858e-05    -0.004215379469    3.316387864e-07       0.1058879325      -0.7105646166       0.3199598893                  0                  0                  0                  0
@ NAME             %05s "TWISS"
@ TYPE             %05s "TWISS"
@ SEQUENCE         %04s "CELL"
@ PARTICLE         %08s "ELECTRON"
@ MASS             %le       0.00051099891
@ CHARGE           %le                  -1
@ ENERGY           %le               0.015
@ PC               %le       0.01499129348
@ GAMMA            %le         29.35427005
@ KBUNCH           %le                   1
@ BCURRENT         %le                   0
@ SIGE             %le                   0
@ SIGT             %le                   0
@ NPART            %le                   0
@ EX               %le     1.022591368e-05
@ EY               %le     1.022591368e-05
@ ET               %le                   1
@ LENGTH           %le        0.3000105293
@ ALFA             %le     -0.009501029619
@ ORBIT5           %le                  -0
@ GAMMATR          %le        -10.25922758
@ Q1               %le         0.368349696
@ Q2               %le        0.3692275154
@ DQ1              %le       -0.4810684298
@ DQ2              %le       -0.8510333504
@ DXMAX            %le      0.007280855403
@ DYMAX            %le                   0
@ XCOMAX           %le      0.004528303708
@ YCOMAX           %le                   0
@ BETXMAX          %le        0.3404470131
@ BETYMAX          %le        0.7548880226
@ XCORMS           %le      0.003674733136
@ YCORMS           %le                   0
@ DXRMS            %le      0.003618939007
@ DYRMS            %le                   0
@ DELTAP           %le               -0.35
@ SYNCH_1          %le                   0
@ SYNCH_2          %le                   0
@ SYNCH_3          %le                   0
@ SYNCH_4          %le                   0
@ SYNCH_5          %le                   0
@ TITLE            %36s "Triplet lattice for e model - dec03o"
@ ORIGIN           %19s "MAD-X 3.04.47 Linux"
@ DATE             %08s "02/10/08"
@ TIME             %08s "09.57.54"
* NAME               KEYWORD                             S               BETX               ALFX                MUX                 DX                DPX                  X                 PX               BETY               ALFY                MUY                 DY                DPY                  Y                 PY 
$ %s                 %s                                %le                %le                %le                %le                %le                %le                %le                %le                %le                %le                %le                %le                %le                %le                %le 
 "CELL$START"        "MARKER"                             0       0.3404156646      -0.1500285565                  0     0.003479320263    4.989815121e-05    -0.004528242655    6.105345446e-07       0.1001126252        -1.05088757                  0                  0                  0                  0                  0
 "CELL$END"          "MARKER"                  0.3000105293       0.3404156646      -0.1500285565        0.368349696     0.003479320263    4.989815121e-05    -0.004528242655    6.105340456e-07       0.1001126252        -1.05088757       0.3692275154                  0                  0                  0                  0
