
  +++++++++++++++++++++++++++++++++++++++++++
  +              MAD-X 4.01.41              +
  +    DEBUG Version - use at own risk!     +
  + Code Modification Date: 26.01.2011      +
  + Execution Time Stamp: 03.02.11 16.48.48 +
  +++++++++++++++++++++++++++++++++++++++++++
beam, particle=positron, energy=0.5,bunched,npart=4.2E+09, 

      kbunch=1386, EX = 1.3052E-10, EY = 1.15750E-12 ,

      SIGT=0.00131321, SIGE=0.00135; !,radiate



ang := pi/10.0D0;



GRAD :=0.0;

ALPHA  := 15 * RADDEG;

   LL     := 150 * RADDEG;

   PFR    := 0.0;

LEN := 1.1;

tilt_angle := pi/2.0D0;



SFODO : SBEND, L=LEN, ANGLE=ALPHA, E1=PFR, E2=PFR;



QD  :  QUADRUPOLE,  L=0.2, K1=-2.972910E+00; 

QF  : QUADRUPOLE,  L=0.2, K1=4.161160E+00;    

WD : DRIFT, L=0.2;

SX: sextupole, L=.001,k2=.001;

OX: octupole, L=.001,k3=100.;



FODO : LINE=(QD,SX,WD,SFODO,WD,QF,SX,OX,WD,SFODO,WD);



USE, PERIOD=FODO;

makethin,sequence=FODO;

++++++ warning: makethin: no selection list, slicing all to one thin lens.
makethin: slicing sequence : fodo
USE, PERIOD=FODO;



TWISS;

enter Twiss module
  
iteration:   1 error:   0.000000E+00 deltap:   0.000000E+00
orbit:   0.000000E+00  0.000000E+00  0.000000E+00  0.000000E+00  0.000000E+00  0.000000E+00

++++++ table: summ

            length             orbit5               alfa            gammatr 
             3.403                 -0      0.08583816647         3.41318465 

                q1                dq1            betxmax              dxmax 
      0.2915285948      -0.3069221571        4.935552644       0.8637508098 

             dxrms             xcomax             xcorms                 q2 
      0.6381869355                  0                  0       0.1292291879 

               dq2            betymax              dymax              dyrms 
      -0.225519551        8.009975601                 -0                  0 

            ycomax             ycorms             deltap            synch_1 
                 0                  0                  0                  0 

           synch_2            synch_3            synch_4            synch_5 
                 0                  0                  0                  0 


sodd, detune,distort1,distort2,multipole_order_range=3,4,start_stop= 0.,26000.,

      print_all, print_at_end;

Build-up of input file fc.34 by call to program sixtrack. 
  ++++++++++++++++++++++++++++
  +   c6t version 2.0        +
  ++++++++++++++++++++++++++++

++++++ info: MADX sequence converted to c6t internal. 

total block length: 3.403000

c6t terminated - total number of elements: 15
                    field errors    MAD-X: 0
                    field errors SixTrack: 0
                 alignment errors   MAD-X: 0
                alignment errors SixTrack: 0
                          sequence length: 3.403000 [m]
input file fc.34 is ready. 
  Program <DETUNE> will be executed 
  Program <DISTORT1> will be executed 
  Program <DISTORT2> will be executed 
 Start and End Position in [m]:   0.000000000000000E+000   26000.0000000000     
  Print_out at end of structure 
  Print_out at each multipole 
  Qx=   0.291528594827330       Qy=   0.129229187915480     

--------------------------------------------------------------------------------

Reading Data took      0.028 second(s) of Execution Time

--------------------------------------------------------------------------------




--------------------------------------------------------------------------------

     Structure has:      1 single  Erect Octupoles  

--------------------------------------------------------------------------------
        Horizontal Coefficient    E-x   E-y
--------------------------------------------------------------------------------
            2.040850014987E-02     1     0
           -2.272343069617E-02     0     1

--------------------------------------------------------------------------------
          Vertical Coefficient    E-x   E-y
--------------------------------------------------------------------------------
           -2.272343069617E-02     1     0
            6.325235794058E-03     0     1

First Order Detuning Calculation took      0.001 second(s) of Execution Time

--------------------------------------------------------------------------------




--------------------------------------------------------------------------------

          Quadratic Effect of:      2 Erect Sextupoles 

--------------------------------------------------------------------------------
        Horizontal Coefficient    E-x   E-y
--------------------------------------------------------------------------------
           -2.550013060317E-13     1     0
            8.748278122847E-12     0     1

--------------------------------------------------------------------------------
          Vertical Coefficient    E-x   E-y
--------------------------------------------------------------------------------
            8.748278122847E-12     1     0
           -5.624465124352E-12     0     1


--------------------------------------------------------------------------------

          Quadratic Effect of:      1 Erect Octupoles  

--------------------------------------------------------------------------------
        Horizontal Coefficient    E-x   E-y
--------------------------------------------------------------------------------
            1.732206328693E-04     2     0
           -2.641863466692E-03     1     1
            1.786330517013E-03     0     2

--------------------------------------------------------------------------------
          Vertical Coefficient    E-x   E-y
--------------------------------------------------------------------------------
           -1.320931733346E-03     2     0
            3.572661034026E-03     1     1
           -3.155906322769E-04     0     2

--------------------------------------------------------------------------------
Second Order Detuning Calculation took      0.042 second(s) of Execution Time

--------------------------------------------------------------------------------



--------------------------------------------------------------------------------
Second Order Detuning Calculation took      0.000 second(s) of Execution Time

--------------------------------------------------------------------------------



--------------------------------------------------------------------------------

Program <DETUNE> used      0.044 second(s) of Execution Time

--------------------------------------------------------------------------------




--------------------------------------------------------------------------------

          First Order Contribution of:        2 Erect Sextupoles 

--------------------------------------------------------------------------------
          Distortionfunction Terms (first order)
--------------------------------------------------------------------------------
    Cosine-Term        Sine-Term        Amplitude       J     K     L     M
--------------------------------------------------------------------------------
 -7.802937698E-08 -2.297249046E-07  2.426151592E-07     3     0     0     0
 -2.606195602E-08 -4.050540873E-07  4.058916594E-07     2     1     0     0
 -1.906851274E-07  1.913357049E-07  2.701299128E-07     1     0     2     0
 -3.163535079E-07  8.631834853E-07  9.193287068E-07     1     0     1     1
  1.763449560E-07  3.824774410E-06  3.828837530E-06     1     0     0     2

--------------------------------------------------------------------------------
          Hamiltonian Terms (first order)
--------------------------------------------------------------------------------
    Cosine-Term        Sine-Term        Amplitude       J     K     L     M
--------------------------------------------------------------------------------
  1.398641921E-07 -1.230266946E-07  1.862728102E-07     3     0     0     0
 -4.241284498E-07 -4.843705778E-07  6.438165877E-07     2     1     0     0
 -4.311533707E-07  3.144015154E-07  5.336117896E-07     1     0     2     0
  4.359980261E-07  1.391513345E-06  1.458219348E-06     1     0     1     1
  7.928224864E-07  4.589199778E-08  7.941495894E-07     1     0     0     2


--------------------------------------------------------------------------------

          First Order Contribution of:        1 Erect Octupoles  

--------------------------------------------------------------------------------
          Distortionfunction Terms (first order)
--------------------------------------------------------------------------------
    Cosine-Term        Sine-Term        Amplitude       J     K     L     M
--------------------------------------------------------------------------------
  2.672913860E-03  4.644879485E-03  5.359045991E-03     4     0     0     0
 -2.855000272E-03 -1.068542102E-02  1.106025538E-02     3     1     0     0
  6.766632307E-03  1.741663510E-02  1.868492684E-02     2     0     2     0
  4.768263248E-03  1.784619807E-02  1.847222564E-02     2     0     1     1
  1.581838767E-03  1.035365072E-02  1.047379096E-02     2     0     0     2
  2.687222361E-03  2.444735403E-02  2.459459866E-02     1     1     2     0
 -1.801005102E-04 -8.093456671E-04  8.291420884E-04     0     0     4     0
 -4.986722088E-04 -4.536735110E-03  4.564059534E-03     0     0     3     1

--------------------------------------------------------------------------------
          Hamiltonian Terms (first order)
--------------------------------------------------------------------------------
    Cosine-Term        Sine-Term        Amplitude       J     K     L     M
--------------------------------------------------------------------------------
  5.342932586E-03 -1.664815776E-06  5.342932845E-03     4     0     0     0
 -3.329631592E-06 -2.137173112E-02  2.137173138E-02     3     1     0     0
 -1.152916875E-02  1.362319939E-02  1.784694073E-02     2     0     2     0
  5.560966179E-06  3.569388104E-02  3.569388147E-02     2     0     1     1
  1.153341307E-02  1.361960633E-02  1.784694073E-02     2     0     0     2
  2.724280604E-02  2.306258210E-02  3.569388147E-02     1     1     2     0
 -2.733202721E-04 -1.633230780E-03  1.655942859E-03     0     0     4     0
 -5.055491670E-03 -4.279760739E-03  6.623771434E-03     0     0     3     1

--------------------------------------------------------------------------------

Program <DISTORT1> used      0.003 second(s) of Execution Time

--------------------------------------------------------------------------------




--------------------------------------------------------------------------------

          Quadratic Effect of:        2 Erect Sextupoles 

--------------------------------------------------------------------------------
          Distortionfunction Terms (second order)
--------------------------------------------------------------------------------
    Cosine-Term        Sine-Term        Amplitude       J     K     L     M
--------------------------------------------------------------------------------
  2.651545802E-13  5.073672929E-13  5.724757823E-13     4     0     0     0
 -1.178764124E-13 -2.336765754E-13  2.617242643E-13     3     1     0     0
 -7.845553920E-14 -1.839005539E-12  1.840678311E-12     2     0     2     0
  2.751829232E-12 -2.897866380E-12  3.996272473E-12     2     0     1     1
  1.597512091E-12 -6.765598311E-12  6.951644797E-12     2     0     0     2
  3.331535964E-12 -1.105658104E-11  1.154760218E-11     1     1     2     0
 -8.070609456E-13  7.656687248E-13  1.112472906E-12     0     0     4     0
 -1.849096769E-12  4.495584431E-12  4.861012059E-12     0     0     3     1

--------------------------------------------------------------------------------
          Hamiltonian Terms (second order)
--------------------------------------------------------------------------------
    Cosine-Term        Sine-Term        Amplitude       J     K     L     M
--------------------------------------------------------------------------------
  5.702912506E-13  2.299126781E-14  5.707545084E-13     4     0     0     0
 -1.035754999E-13 -4.950098385E-13  5.057297939E-13     3     1     0     0
  1.507481957E-12 -9.047149510E-13  1.758127126E-12     2     0     2     0
  6.581943617E-12 -4.038224864E-12  7.721997269E-12     2     0     1     1
 -3.716738416E-12 -1.124712784E-11  1.184533786E-11     2     0     0     2
 -7.532461429E-12 -1.497074466E-11  1.675891318E-11     1     1     2     0
 -1.690797781E-12  1.441394388E-12  2.221804428E-12     0     0     4     0
  2.541915384E-12  6.580878295E-12  7.054735499E-12     0     0     3     1

--------------------------------------------------------------------------------

Second Order Drivingterm Calculation took      0.067 second(s) of Execution Time

--------------------------------------------------------------------------------



--------------------------------------------------------------------------------

Intermediate Time in  <DISTORT2>:      0.075 second(s) of Execution Time

--------------------------------------------------------------------------------




--------------------------------------------------------------------------------

          Pairs of:        1 Erect Octupoles   and:        2 Erect Sextupoles 

--------------------------------------------------------------------------------
          Distortionfunction Terms (second order)
--------------------------------------------------------------------------------
    Cosine-Term        Sine-Term        Amplitude       J     K     L     M
--------------------------------------------------------------------------------
  1.176512206E-08  1.599713933E-08  1.985765756E-08     5     0     0     0
 -3.327534913E-08 -8.806947220E-08  9.414606096E-08     4     1     0     0
 -7.231188078E-10 -1.259717971E-08  1.261791731E-08     3     2     0     0
  6.970367398E-08  1.521511147E-07  1.673575929E-07     3     0     2     0
 -2.824782632E-07 -5.210942954E-07  5.927336956E-07     3     0     1     1
 -1.171530771E-07 -2.936817873E-07  3.161863939E-07     3     0     0     2
 -9.060286355E-08 -5.339039788E-07  5.415370139E-07     2     1     2     0
 -1.754100592E-07 -1.104793556E-06  1.118631973E-06     2     1     1     1
 -7.550178044E-07 -7.311297033E-06  7.350177970E-06     2     1     0     2
  6.972580882E-08  2.484754767E-07  2.580731504E-07     1     0     4     0
  7.824517372E-08  3.961966489E-07  4.038490953E-07     1     0     3     1
  1.056409994E-07  6.824859142E-07  6.906135271E-07     1     0     2     2
  4.332233351E-07  4.643834334E-06  4.663998261E-06     1     0     1     3
  2.067286473E-09 -2.894868442E-07  2.894942256E-07     1     0     0     4

--------------------------------------------------------------------------------
          Hamiltonian Terms (second order)
--------------------------------------------------------------------------------
    Cosine-Term        Sine-Term        Amplitude       J     K     L     M
--------------------------------------------------------------------------------
  2.732339293E-08  2.833678158E-08  3.936420953E-08     5     0     0     0
  5.262894442E-08 -4.954761939E-08  7.228258696E-08     4     1     0     0
 -1.308043483E-08 -1.514837120E-08  2.001426805E-08     3     2     0     0
  1.358539202E-07 -1.578221450E-09  1.358630870E-07     3     0     2     0
  2.861705450E-07 -3.538466742E-07  4.550835634E-07     3     0     1     1
 -8.709022961E-09 -5.906897380E-07  5.907539366E-07     3     0     0     2
 -1.182976605E-08 -1.069681112E-06  1.069746524E-06     2     1     2     0
 -1.288058808E-06 -1.220336850E-06  1.774349886E-06     2     1     1     1
 -1.524519624E-06 -1.510227722E-09  1.524520372E-06     2     1     0     2
 -1.872166075E-07  2.243436381E-07  2.921987784E-07     1     0     4     0
  3.026208551E-08  7.971850715E-07  7.977592569E-07     1     0     3     1
  7.922781311E-07  7.564892461E-07  1.095436268E-06     1     0     2     2
  9.673153694E-07  1.051743586E-08  9.673725447E-07     1     0     1     3
  2.877812482E-07 -2.428559672E-07  3.765595141E-07     1     0     0     4

--------------------------------------------------------------------------------

Second Order Drivingterm Calculation took      0.019 second(s) of Execution Time

--------------------------------------------------------------------------------



--------------------------------------------------------------------------------

Intermediate Time in  <DISTORT2>:      0.094 second(s) of Execution Time

--------------------------------------------------------------------------------




--------------------------------------------------------------------------------

          Quadratic Effect of:        1 Erect Octupoles  

--------------------------------------------------------------------------------
          Distortionfunction Terms (second order)
--------------------------------------------------------------------------------
    Cosine-Term        Sine-Term        Amplitude       J     K     L     M
--------------------------------------------------------------------------------
 -2.279819905E-04 -2.289576517E-04  3.231058561E-04     6     0     0     0
 -1.192088478E-03 -2.071562200E-03  2.390072151E-03     5     1     0     0
  3.696800831E-05  1.383603137E-04  1.432138612E-04     4     2     0     0
  2.137056419E-04  2.920864969E-04  3.619179784E-04     4     0     2     0
  2.109433114E-03  3.665685880E-03  4.229297936E-03     4     0     1     1
 -1.347974776E-03 -3.078690231E-03  3.360858452E-03     4     0     0     2
  4.170862979E-04  1.073538434E-03  1.151714266E-03     3     1     2     0
  2.717003454E-05  1.016893978E-04  1.052565646E-04     3     1     1     1
 -2.291748371E-04 -1.500024065E-03  1.517429834E-03     3     1     0     2
  3.976482289E-04  3.617656348E-03  3.639445227E-03     2     2     2     0
  1.099974393E-03  2.112615473E-03  2.381824470E-03     2     0     4     0
 -1.948637773E-03 -5.015598821E-03  5.380838290E-03     2     0     3     1
 -2.596180890E-04 -9.716736681E-04  1.005759051E-03     2     0     2     2
  2.599071911E-04  1.701177346E-03  1.720917230E-03     2     0     1     3
  1.243436061E-04  2.949737964E-03  2.952357598E-03     2     0     0     4
 -8.214655765E-05 -3.691547593E-04  3.781842054E-04     1     1     4     0
 -3.534465845E-04 -3.215526153E-03  3.234893032E-03     1     1     3     1
 -5.463068131E-06 -1.603105989E-05  1.693635127E-05     0     0     6     0
 -7.615133551E-07 -3.422130974E-06  3.505835563E-06     0     0     5     1
  2.322681692E-05  2.113089800E-04  2.125816786E-04     0     0     4     2

--------------------------------------------------------------------------------
          Hamiltonian Terms (second order)
--------------------------------------------------------------------------------
    Cosine-Term        Sine-Term        Amplitude       J     K     L     M
--------------------------------------------------------------------------------
 -2.141237791E-07 -4.581283155E-04  4.581283655E-04     6     0     0     0
 -2.382885759E-03  7.424884632E-07  2.382885875E-03     5     1     0     0
  4.311377817E-08  2.767321396E-04  2.767321429E-04     4     2     0     0
  5.371602793E-04  4.544494255E-04  7.036088729E-04     4     0     2     0
  4.216581420E-03 -1.313853611E-06  4.216581625E-03     4     0     1     1
  1.467145473E-03 -1.242806924E-03  1.922780510E-03     4     0     0     2
 -7.106427679E-04  8.397160565E-04  1.100061907E-03     3     1     2     0
  3.168693406E-08  2.033872565E-04  2.033872590E-04     3     1     1     1
 -1.670946570E-03 -1.973191659E-03  2.585642620E-03     3     1     0     2
  4.031320120E-03  3.412741372E-03  5.281888449E-03     2     2     2     0
  1.451454929E-03 -2.431326536E-04  1.471677580E-03     2     0     4     0
  3.320141054E-03 -3.923174735E-03  5.139517158E-03     2     0     3     1
 -3.027784620E-07 -1.943428184E-03  1.943428208E-03     2     0     2     2
  1.895020565E-03  2.237796732E-03  2.932377390E-03     2     0     1     3
  1.201433645E-03  2.008668435E-04  1.218109310E-03     2     0     0     4
 -1.246654963E-04 -7.449411788E-04  7.553005004E-04     1     1     4     0
 -3.583208031E-03 -3.033389046E-03  4.694766118E-03     1     1     3     1
  1.123199558E-05 -1.887971606E-05  2.196819072E-05     0     0     6     0
 -1.155671559E-06 -6.905738630E-06  7.001771403E-06     0     0     5     1
  2.354712723E-04  1.993398016E-04  3.085175466E-04     0     0     4     2

--------------------------------------------------------------------------------

Second Order Drivingterm Calculation took      0.019 second(s) of Execution Time

--------------------------------------------------------------------------------



--------------------------------------------------------------------------------

Intermediate Time in  <DISTORT2>:      0.113 second(s) of Execution Time

--------------------------------------------------------------------------------



--------------------------------------------------------------------------------

Program <DISTORT2> used      0.113 second(s) of Execution Time

--------------------------------------------------------------------------------



--------------------------------------------------------------------------------

Program <SODD> used a total of      0.189 second(s) of Execution Time

--------------------------------------------------------------------------------




sixtrack;

  ++++++++++++++++++++++++++++
  +   c6t version 2.0        +
  ++++++++++++++++++++++++++++

max_mult_ord set to : 11
Reference radius set to : 1.000000
++++++ info: MADX sequence converted to c6t internal. 

total block length: 3.403000

c6t terminated - total number of elements: 15
                    field errors    MAD-X: 0
                    field errors SixTrack: 0
                 alignment errors   MAD-X: 0
                alignment errors SixTrack: 0
                          sequence length: 3.403000 [m]
STOP;


  Number of warnings: 1
1 in C and 0 in Fortran

  +++++++++++++++++++++++++++++++++++
  + MAD-X 4.01.41 finished normally +
  +++++++++++++++++++++++++++++++++++
