mcbxv.2r1:1 = 3.257057e-09;
mcbxv.3r1:1 = -5.604935e-09;
mcbcv.6r1.b1:1 = -2.030032e-09;
mcbcv.8r1.b1:1 = 2.092194e-08;
mcbcv.10r1.b1:1 = -1.885436e-07;
mcbv.12r1.b1:1 = -5.524486e-06;
mcbv.14r1.b1:1 = 1.651289e-06;
mcbv.16r1.b1:1 = -3.354508e-06;
mcbv.18r1.b1:1 = -2.773941e-06;
mcbv.20r1.b1:1 = -2.208413e-06;
mcbv.22r1.b1:1 = 2.842236e-06;
mcbv.24r1.b1:1 = -1.908401e-07;
mcbv.26r1.b1:1 = 2.279142e-06;
mcbv.28r1.b1:1 = -3.466059e-06;
mcbv.30r1.b1:1 = 9.440081e-07;
mcbv.32r1.b1:1 = -8.703593e-07;
mcbv.34l2.b1:1 = 2.515661e-07;
mcbv.32l2.b1:1 = -2.337031e-06;
mcbv.30l2.b1:1 = 2.584710e-06;
mcbv.28l2.b1:1 = -2.432316e-06;
mcbv.26l2.b1:1 = -2.246491e-06;
mcbv.24l2.b1:1 = -1.088008e-07;
mcbv.22l2.b1:1 = 3.113476e-06;
mcbv.20l2.b1:1 = -3.223460e-06;
mcbv.18l2.b1:1 = 1.497727e-06;
mcbv.16l2.b1:1 = 4.585019e-06;
mcbv.14l2.b1:1 = -2.864681e-06;
mcbv.12l2.b1:1 = -4.037257e-07;
mcbcv.10l2.b1:1 = 1.131483e-06;
mcbcv.8l2.b1:1 = -1.687057e-07;
mcbcv.6l2.b1:1 = 2.631683e-08;
mcbxv.3l2:1 = -1.340038e-08;
mcbxv.2l2:1 = 2.066266e-08;
mcbxv.1l2:1 = -1.743546e-08;
mcbxv.1r2:1 = 2.869563e-08;
mcbxv.2r2:1 = -5.612327e-08;
mcbxv.3r2:1 = 1.527948e-08;
mcbcv.a5r2.b1:1 = -2.939417e-09;
mcbcv.b5r2.b1:1 = 2.994806e-09;
mcbcv.7r2.b1:1 = -1.472344e-09;
mcbcv.9r2.b1:1 = 9.726664e-09;
mcbv.11r2.b1:1 = 1.414505e-06;
mcbv.13r2.b1:1 = -4.686319e-07;
mcbv.15r2.b1:1 = -6.077520e-07;
mcbv.17r2.b1:1 = 1.083879e-06;
mcbv.19r2.b1:1 = -1.543124e-06;
mcbv.21r2.b1:1 = -2.143380e-06;
mcbv.23r2.b1:1 = -5.716729e-06;
mcbv.25r2.b1:1 = -5.184351e-06;
mcbv.27r2.b1:1 = 2.603748e-06;
mcbv.29r2.b1:1 = -3.234154e-06;
mcbv.31r2.b1:1 = -8.936630e-07;
mcbv.33r2.b1:1 = 5.304092e-07;
mcbv.33l3.b1:1 = 3.154468e-06;
mcbv.31l3.b1:1 = -3.130713e-06;
mcbv.29l3.b1:1 = 4.483939e-06;
mcbv.27l3.b1:1 = -1.057045e-06;
mcbv.25l3.b1:1 = -1.596539e-06;
mcbv.23l3.b1:1 = 4.484951e-06;
mcbv.21l3.b1:1 = 2.462374e-06;
mcbv.19l3.b1:1 = 3.991506e-06;
mcbv.17l3.b1:1 = 3.604439e-06;
mcbv.15l3.b1:1 = -1.651323e-06;
mcbv.13l3.b1:1 = 1.263052e-06;
mcbv.11l3.b1:1 = -1.104715e-06;
mcbcv.9l3.b1:1 = 4.409703e-07;
mcbcv.7l3.b1:1 = -1.025156e-06;
mcbwv.5l3.b1:1 = 5.089208e-08;
mcbwv.4r3.b1:1 = 2.629989e-08;
mcbcv.6r3.b1:1 = -8.110873e-07;
mcbcv.8r3.b1:1 = -2.076224e-06;
mcbcv.10r3.b1:1 = 3.631822e-06;
mcbv.12r3.b1:1 = 1.612537e-07;
mcbv.14r3.b1:1 = 6.789818e-07;
mcbv.16r3.b1:1 = -1.799272e-06;
mcbv.18r3.b1:1 = 2.060777e-06;
mcbv.20r3.b1:1 = 1.860285e-06;
mcbv.22r3.b1:1 = 1.334907e-06;
mcbv.24r3.b1:1 = 1.894426e-06;
mcbv.26r3.b1:1 = -1.639743e-06;
mcbv.28r3.b1:1 = -2.435865e-06;
mcbv.30r3.b1:1 = -2.810759e-06;
mcbv.32r3.b1:1 = -3.027237e-06;
mcbv.34l4.b1:1 = 8.132684e-07;
mcbv.32l4.b1:1 = -5.740770e-06;
mcbv.30l4.b1:1 = -3.949412e-06;
mcbv.28l4.b1:1 = -8.563231e-07;
mcbv.26l4.b1:1 = 4.405638e-06;
mcbv.24l4.b1:1 = -2.167715e-06;
mcbv.22l4.b1:1 = -3.394495e-06;
mcbv.20l4.b1:1 = -3.058840e-06;
mcbv.18l4.b1:1 = 5.766798e-06;
mcbv.16l4.b1:1 = 2.897000e-06;
mcbv.14l4.b1:1 = -1.903602e-06;
mcbv.12l4.b1:1 = -4.805645e-06;
mcbcv.10l4.b1:1 = -2.146792e-08;
mcbcv.8l4.b1:1 = 1.563846e-09;
mkqa.6l4.b1:1 = -8.606362e-11;
mcbcv.7r4.b1:1 = -1.151757e-08;
mcbcv.9r4.b1:1 = 8.642079e-08;
mcbv.11r4.b1:1 = 6.183882e-07;
mcbv.13r4.b1:1 = 1.225875e-06;
mcbv.15r4.b1:1 = 2.396154e-06;
mcbv.17r4.b1:1 = 4.069748e-06;
mcbv.19r4.b1:1 = -6.560775e-07;
mcbv.21r4.b1:1 = 1.832636e-07;
mcbv.23r4.b1:1 = -1.907611e-06;
mcbv.25r4.b1:1 = -3.914931e-06;
mcbv.27r4.b1:1 = -3.279478e-06;
mcbv.29r4.b1:1 = 2.022286e-07;
mcbv.31r4.b1:1 = 2.114537e-06;
mcbv.33r4.b1:1 = 6.979142e-07;
mcbv.33l5.b1:1 = -2.154519e-06;
mcbv.31l5.b1:1 = -2.613198e-06;
mcbv.29l5.b1:1 = -4.149844e-06;
mcbv.27l5.b1:1 = 1.949977e-06;
mcbv.25l5.b1:1 = 1.720173e-07;
mcbv.23l5.b1:1 = -5.309391e-07;
mcbv.21l5.b1:1 = -2.702375e-07;
mcbv.19l5.b1:1 = 1.454423e-06;
mcbv.17l5.b1:1 = -8.662124e-07;
mcbv.15l5.b1:1 = -1.690212e-07;
mcbv.13l5.b1:1 = -2.267507e-06;
mcbv.11l5.b1:1 = -1.030634e-06;
mcbcv.9l5.b1:1 = -5.671912e-07;
mcbcv.7l5.b1:1 = 3.660966e-06;
mcbcv.5l5.b1:1 = -8.613416e-06;
mcbxv.3l5:1 = -7.729396e-06;
mcbxv.2l5:1 = 8.178657e-06;
mcbxv.1l5:1 = -1.001463e-05;
mcbxv.1r5:1 = -9.917204e-06;
mcbxv.2r5:1 = 1.295236e-05;
mcbxv.3r5:1 = -2.231115e-05;
mcbcv.6r5.b1:1 = -5.818510e-06;
mcbcv.8r5.b1:1 = 9.954523e-07;
mcbcv.10r5.b1:1 = 6.569097e-07;
mcbv.12r5.b1:1 = -1.276579e-07;
mcbv.14r5.b1:1 = -1.284499e-06;
mcbv.16r5.b1:1 = -1.262367e-06;
mcbv.18r5.b1:1 = 3.169262e-07;
mcbv.20r5.b1:1 = 7.852016e-07;
mcbv.22r5.b1:1 = 1.144505e-06;
mcbv.24r5.b1:1 = -5.488990e-06;
mcbv.26r5.b1:1 = -4.994754e-06;
mcbv.28r5.b1:1 = 3.697895e-06;
mcbv.30r5.b1:1 = 4.762576e-06;
mcbv.32r5.b1:1 = -2.814008e-06;
mcbv.34l6.b1:1 = 7.419355e-07;
mcbv.32l6.b1:1 = -4.537735e-07;
mcbv.30l6.b1:1 = -3.144509e-07;
mcbv.28l6.b1:1 = -2.920860e-06;
mcbv.26l6.b1:1 = 1.188955e-06;
mcbv.24l6.b1:1 = -3.258463e-06;
mcbv.22l6.b1:1 = 4.702178e-06;
mcbv.20l6.b1:1 = -1.721105e-06;
mcbv.18l6.b1:1 = -5.717862e-07;
mcbv.16l6.b1:1 = -1.684355e-06;
mcbv.14l6.b1:1 = -5.672525e-07;
mcbv.12l6.b1:1 = -3.250330e-06;
mcbcv.10l6.b1:1 = -7.631679e-07;
mcbcv.8l6.b1:1 = 8.236727e-08;
mcbcv.9r6.b1:1 = 5.327893e-09;
mcbv.11r6.b1:1 = 2.620570e-06;
mcbv.13r6.b1:1 = 9.705282e-07;
mcbv.15r6.b1:1 = 1.502644e-06;
mcbv.17r6.b1:1 = -1.414672e-06;
mcbv.19r6.b1:1 = -6.365245e-07;
mcbv.21r6.b1:1 = -1.155903e-06;
mcbv.23r6.b1:1 = -3.126927e-06;
mcbv.25r6.b1:1 = -1.226827e-06;
mcbv.27r6.b1:1 = -3.062751e-06;
mcbv.29r6.b1:1 = 1.033500e-06;
mcbv.31r6.b1:1 = 1.328282e-07;
mcbv.33r6.b1:1 = -1.591045e-07;
mcbv.33l7.b1:1 = -7.182548e-07;
mcbv.31l7.b1:1 = 8.276424e-07;
mcbv.29l7.b1:1 = 3.478952e-06;
mcbv.27l7.b1:1 = 2.907618e-06;
mcbv.25l7.b1:1 = -4.803166e-06;
mcbv.23l7.b1:1 = 3.799580e-06;
mcbv.21l7.b1:1 = 3.149480e-07;
mcbv.19l7.b1:1 = 1.233815e-06;
mcbv.17l7.b1:1 = -4.530706e-06;
mcbv.15l7.b1:1 = -1.529137e-06;
mcbv.13l7.b1:1 = 3.440871e-06;
mcbv.11l7.b1:1 = 2.169105e-06;
mcbcv.9l7.b1:1 = 3.462232e-06;
mcbcv.7l7.b1:1 = 7.958509e-07;
mcbwv.5l7.b1:1 = -4.226620e-09;
mcbwv.4r7.b1:1 = -1.587909e-08;
mcbcv.6r7.b1:1 = 4.689964e-07;
mcbcv.8r7.b1:1 = 1.323266e-06;
mcbcv.10r7.b1:1 = 1.866334e-06;
mcbv.12r7.b1:1 = 9.111540e-07;
mcbv.14r7.b1:1 = 2.829764e-06;
mcbv.16r7.b1:1 = 3.012215e-06;
mcbv.18r7.b1:1 = -2.413394e-06;
mcbv.20r7.b1:1 = -3.380480e-06;
mcbv.22r7.b1:1 = -2.193501e-06;
mcbv.24r7.b1:1 = -1.340109e-06;
mcbv.26r7.b1:1 = -4.950336e-06;
mcbv.28r7.b1:1 = -2.975613e-07;
mcbv.30r7.b1:1 = -2.630384e-06;
mcbv.32r7.b1:1 = -5.151076e-07;
mcbv.34l8.b1:1 = -2.070159e-06;
mcbv.32l8.b1:1 = -3.285998e-06;
mcbv.30l8.b1:1 = -5.923621e-07;
mcbv.28l8.b1:1 = 1.478433e-06;
mcbv.26l8.b1:1 = -3.146301e-06;
mcbv.24l8.b1:1 = 2.136199e-07;
mcbv.22l8.b1:1 = -2.786443e-06;
mcbv.20l8.b1:1 = -1.438763e-07;
mcbv.18l8.b1:1 = 1.083382e-06;
mcbv.16l8.b1:1 = -2.593584e-08;
mcbv.14l8.b1:1 = 4.094300e-07;
mcbv.12l8.b1:1 = -5.757046e-06;
mcbcv.10l8.b1:1 = -1.565247e-06;
mcbcv.8l8.b1:1 = 7.129642e-07;
mcbcv.6l8.b1:1 = 4.659386e-06;
mcbcv.5l8.b1:1 = 1.932881e-05;
mcbxv.3l8:1 = 1.013909e-05;
mcbxv.1l8:1 = 2.307627e-05;
mcbxv.1r8:1 = 3.103175e-05;
mcbxv.2r8:1 = -3.653524e-05;
mcbxv.3r8:1 = 2.434777e-05;
mcbcv.7r8.b1:1 = -7.343946e-07;
mcbcv.9r8.b1:1 = -3.455208e-06;
mcbv.11r8.b1:1 = -1.322739e-06;
mcbv.13r8.b1:1 = -3.457811e-06;
mcbv.15r8.b1:1 = -4.803284e-06;
mcbv.17r8.b1:1 = -1.387535e-06;
mcbv.19r8.b1:1 = -2.434345e-06;
mcbv.21r8.b1:1 = -2.813866e-06;
mcbv.23r8.b1:1 = 5.667266e-06;
mcbv.25r8.b1:1 = 2.612785e-06;
mcbv.27r8.b1:1 = -1.216579e-06;
mcbv.29r8.b1:1 = 4.320597e-07;
mcbv.31r8.b1:1 = -2.740626e-06;
mcbv.33r8.b1:1 = -3.229789e-06;
mcbv.33l1.b1:1 = -1.629366e-06;
mcbv.31l1.b1:1 = -2.256618e-06;
mcbv.29l1.b1:1 = 5.533442e-06;
mcbv.27l1.b1:1 = 1.662235e-06;
mcbv.25l1.b1:1 = -8.456258e-07;
mcbv.23l1.b1:1 = -2.382591e-06;
mcbv.21l1.b1:1 = -5.066299e-06;
mcbv.19l1.b1:1 = -1.587106e-06;
mcbv.17l1.b1:1 = 2.199732e-07;
mcbv.15l1.b1:1 = -3.479234e-06;
mcbv.13l1.b1:1 = -5.447883e-06;
mcbv.11l1.b1:1 = 1.845167e-06;
mcbcv.9l1.b1:1 = -5.230419e-08;
mcbcv.7l1.b1:1 = 6.029126e-09;
mcbcv.5l1.b1:1 = -2.216466e-09;
mcbxv.3l1:1 = 1.450566e-08;
mcbxv.2l1:1 = -5.195449e-08;
mcbxv.1l1:1 = 2.553187e-08;
mcbxh.1r1:1 = 1.057094e-05;
mcbxh.2r1:1 = -1.859846e-05;
mcbxh.3r1:1 = 1.476448e-05;
mcbch.7r1.b1:1 = -3.517438e-06;
mcbch.9r1.b1:1 = -1.141523e-06;
mcbh.11r1.b1:1 = 9.228608e-07;
mcbh.13r1.b1:1 = -2.670871e-07;
mcbh.15r1.b1:1 = -2.333831e-06;
mcbh.17r1.b1:1 = 1.314701e-06;
mcbh.19r1.b1:1 = -2.743981e-06;
mcbh.21r1.b1:1 = 9.754452e-07;
mcbh.23r1.b1:1 = -5.738850e-07;
mcbh.25r1.b1:1 = -3.064664e-06;
mcbh.27r1.b1:1 = 4.023773e-06;
mcbh.29r1.b1:1 = -1.226025e-07;
mcbh.31r1.b1:1 = -4.528955e-07;
mcbh.33r1.b1:1 = -4.318336e-07;
mcbh.33l2.b1:1 = -1.852092e-06;
mcbh.31l2.b1:1 = 1.717378e-06;
mcbh.29l2.b1:1 = -1.314782e-06;
mcbh.27l2.b1:1 = -3.382029e-06;
mcbh.25l2.b1:1 = -7.708723e-07;
mcbh.23l2.b1:1 = -1.621321e-06;
mcbh.21l2.b1:1 = 1.528068e-07;
mcbh.19l2.b1:1 = 9.674175e-07;
mcbh.17l2.b1:1 = 2.494356e-06;
mcbh.15l2.b1:1 = -9.544735e-07;
mcbh.13l2.b1:1 = 8.972536e-07;
mcbh.11l2.b1:1 = -8.694964e-07;
mcbch.9l2.b1:1 = -1.490497e-06;
mcbch.7l2.b1:1 = 2.096253e-06;
mcbxh.3l2:1 = -2.059248e-05;
mcbxh.2l2:1 = 2.147553e-05;
mcbxh.1l2:1 = 5.092470e-09;
mcbxh.1r2:1 = -1.169201e-07;
mcbxh.2r2:1 = 2.092298e-05;
mcbxh.3r2:1 = -4.046527e-05;
mcbch.5r2.b1:1 = -1.202158e-05;
mcbch.6r2.b1:1 = 7.118978e-06;
mcbch.8r2.b1:1 = -6.405398e-07;
mcbch.10r2.b1:1 = 4.293311e-07;
mcbh.12r2.b1:1 = 2.943410e-06;
mcbh.14r2.b1:1 = -2.156495e-06;
mcbh.16r2.b1:1 = -1.890697e-07;
mcbh.18r2.b1:1 = 6.974371e-07;
mcbh.20r2.b1:1 = 2.642458e-06;
mcbh.22r2.b1:1 = 1.255454e-07;
mcbh.24r2.b1:1 = -1.485724e-07;
mcbh.26r2.b1:1 = 1.089598e-06;
mcbh.28r2.b1:1 = 1.956758e-06;
mcbh.30r2.b1:1 = -8.663161e-07;
mcbh.32r2.b1:1 = 9.587624e-07;
mcbh.34l3.b1:1 = -4.995469e-07;
mcbh.32l3.b1:1 = -5.863378e-07;
mcbh.30l3.b1:1 = 1.036162e-06;
mcbh.28l3.b1:1 = -2.133563e-06;
mcbh.26l3.b1:1 = -4.050225e-06;
mcbh.24l3.b1:1 = 7.120658e-07;
mcbh.22l3.b1:1 = -2.506261e-07;
mcbh.20l3.b1:1 = 2.996814e-06;
mcbh.18l3.b1:1 = 2.161495e-06;
mcbh.16l3.b1:1 = -9.574018e-09;
mcbh.14l3.b1:1 = 2.913096e-06;
mcbh.12l3.b1:1 = 4.126884e-07;
mcbch.10l3.b1:1 = -1.077442e-06;
mcbch.8l3.b1:1 = 4.089413e-06;
mcbch.6l3.b1:1 = -1.322020e-07;
mcbwh.4l3.b1:1 = 4.167657e-09;
mcbwh.5r3.b1:1 = 1.414187e-08;
mcbch.7r3.b1:1 = -1.608819e-06;
mcbch.9r3.b1:1 = 1.240658e-06;
mcbh.11r3.b1:1 = -3.684850e-07;
mcbh.13r3.b1:1 = 1.179192e-07;
mcbh.15r3.b1:1 = -1.626928e-06;
mcbh.17r3.b1:1 = -1.494040e-06;
mcbh.19r3.b1:1 = -2.520191e-07;
mcbh.21r3.b1:1 = 1.768621e-06;
mcbh.23r3.b1:1 = -3.223510e-06;
mcbh.25r3.b1:1 = 9.539562e-07;
mcbh.27r3.b1:1 = 3.973738e-06;
mcbh.29r3.b1:1 = -1.521266e-06;
mcbh.31r3.b1:1 = -1.236748e-07;
mcbh.33r3.b1:1 = 3.766898e-06;
mcbh.33l4.b1:1 = 1.580792e-06;
mcbh.31l4.b1:1 = -2.240126e-06;
mcbh.29l4.b1:1 = -1.052610e-06;
mcbh.27l4.b1:1 = 1.435489e-06;
mcbh.25l4.b1:1 = 2.796155e-07;
mcbh.23l4.b1:1 = 1.336505e-08;
mcbh.21l4.b1:1 = -2.455838e-06;
mcbh.19l4.b1:1 = -1.107756e-06;
mcbh.17l4.b1:1 = 2.350903e-06;
mcbh.15l4.b1:1 = 1.259452e-07;
mcbh.13l4.b1:1 = 1.637990e-06;
mcbh.11l4.b1:1 = 1.624978e-06;
mcbch.9l4.b1:1 = -9.448591e-08;
mcbch.7l4.b1:1 = 1.400136e-08;
mkqa.6l4.b1:1 = 5.725278e-09;
mu.c5r4.b1:1 = -6.546681e-06;
mu.d5r4.b1:1 = 6.540812e-06;
mcbch.8r4.b1:1 = 9.004930e-08;
mcbch.10r4.b1:1 = -7.576637e-07;
mcbh.12r4.b1:1 = 8.563353e-08;
mcbh.14r4.b1:1 = 1.261593e-06;
mcbh.16r4.b1:1 = -4.541363e-07;
mcbh.18r4.b1:1 = -1.169206e-06;
mcbh.20r4.b1:1 = -1.042719e-06;
mcbh.22r4.b1:1 = -2.325413e-07;
mcbh.24r4.b1:1 = -1.358334e-06;
mcbh.26r4.b1:1 = -4.498222e-06;
mcbh.28r4.b1:1 = -1.965911e-06;
mcbh.30r4.b1:1 = -2.039134e-06;
mcbh.32r4.b1:1 = -1.367059e-06;
mcbh.34l5.b1:1 = 2.261790e-06;
mcbh.32l5.b1:1 = -1.022867e-06;
mcbh.30l5.b1:1 = 2.217869e-06;
mcbh.28l5.b1:1 = -4.534830e-07;
mcbh.26l5.b1:1 = 4.340326e-07;
mcbh.24l5.b1:1 = 6.584233e-07;
mcbh.22l5.b1:1 = 1.899592e-07;
mcbh.20l5.b1:1 = -6.043218e-07;
mcbh.18l5.b1:1 = 4.924351e-06;
mcbh.16l5.b1:1 = 1.200761e-07;
mcbh.14l5.b1:1 = -5.781612e-07;
mcbh.12l5.b1:1 = 1.467831e-07;
mcbch.10l5.b1:1 = 6.026556e-08;
mcbch.8l5.b1:1 = -7.528874e-09;
mcbch.6l5.b1:1 = 5.980795e-10;
mcbxh.3l5:1 = 2.390926e-08;
mcbxh.2l5:1 = -5.921094e-08;
mcbxh.1l5:1 = 6.084351e-08;
mcbxh.1r5:1 = -8.931358e-08;
mcbxh.2r5:1 = 1.736466e-07;
mcbxh.3r5:1 = -4.731975e-08;
mcbch.5r5.b1:1 = 4.466402e-10;
mcbch.7r5.b1:1 = -1.234745e-09;
mcbch.9r5.b1:1 = 1.156852e-08;
mcbh.11r5.b1:1 = 1.157678e-06;
mcbh.13r5.b1:1 = -7.080219e-07;
mcbh.15r5.b1:1 = -3.861569e-06;
mcbh.17r5.b1:1 = 3.183784e-07;
mcbh.19r5.b1:1 = 2.253068e-06;
mcbh.21r5.b1:1 = 4.177860e-06;
mcbh.23r5.b1:1 = 2.302094e-06;
mcbh.25r5.b1:1 = 1.564090e-06;
mcbh.27r5.b1:1 = -1.628791e-06;
mcbh.29r5.b1:1 = 1.376000e-06;
mcbh.31r5.b1:1 = 1.479833e-06;
mcbh.33r5.b1:1 = 1.090459e-06;
mcbh.33l6.b1:1 = 2.520007e-06;
mcbh.31l6.b1:1 = -2.263441e-07;
mcbh.29l6.b1:1 = -7.592652e-07;
mcbh.27l6.b1:1 = 2.375335e-06;
mcbh.25l6.b1:1 = 1.242067e-06;
mcbh.23l6.b1:1 = 3.611271e-06;
mcbh.21l6.b1:1 = 9.336508e-08;
mcbh.19l6.b1:1 = 9.136218e-07;
mcbh.17l6.b1:1 = 1.541003e-07;
mcbh.15l6.b1:1 = 1.624733e-06;
mcbh.13l6.b1:1 = 1.061598e-06;
mcbh.11l6.b1:1 = -2.971587e-06;
mcbch.9l6.b1:1 = 1.058368e-07;
mcbch.8r6.b1:1 = -1.034514e-08;
mcbch.10r6.b1:1 = 8.545591e-08;
mcbh.12r6.b1:1 = 2.669819e-08;
mcbh.14r6.b1:1 = -8.636554e-07;
mcbh.16r6.b1:1 = -2.606894e-06;
mcbh.18r6.b1:1 = 2.196164e-06;
mcbh.20r6.b1:1 = 3.192352e-06;
mcbh.22r6.b1:1 = 9.887597e-07;
mcbh.24r6.b1:1 = -3.220275e-07;
mcbh.26r6.b1:1 = 1.689327e-07;
mcbh.28r6.b1:1 = 1.235081e-06;
mcbh.30r6.b1:1 = -6.067581e-07;
mcbh.32r6.b1:1 = 7.918951e-07;
mcbh.34l7.b1:1 = -2.117111e-06;
mcbh.32l7.b1:1 = 1.354186e-06;
mcbh.30l7.b1:1 = -1.534851e-06;
mcbh.28l7.b1:1 = 4.049931e-07;
mcbh.26l7.b1:1 = 1.137337e-06;
mcbh.24l7.b1:1 = -7.106955e-07;
mcbh.22l7.b1:1 = -1.685252e-06;
mcbh.20l7.b1:1 = -1.863413e-06;
mcbh.18l7.b1:1 = -1.249963e-06;
mcbh.16l7.b1:1 = 5.280981e-07;
mcbh.14l7.b1:1 = 4.256645e-07;
mcbh.12l7.b1:1 = -5.717602e-07;
mcbch.10l7.b1:1 = -1.392292e-06;
mcbch.8l7.b1:1 = 1.971759e-06;
mcbch.6l7.b1:1 = -2.770307e-07;
mcbwh.4l7.b1:1 = 1.324331e-08;
mcbwh.5r7.b1:1 = -4.545701e-08;
mcbch.7r7.b1:1 = 6.065539e-07;
mcbch.9r7.b1:1 = 1.311430e-06;
mcbh.11r7.b1:1 = 8.121705e-07;
mcbh.13r7.b1:1 = 3.121986e-06;
mcbh.15r7.b1:1 = 4.343863e-07;
mcbh.17r7.b1:1 = -5.171726e-06;
mcbh.19r7.b1:1 = 1.325121e-06;
mcbh.21r7.b1:1 = 2.215400e-06;
mcbh.23r7.b1:1 = -2.739648e-06;
mcbh.25r7.b1:1 = 2.447543e-06;
mcbh.27r7.b1:1 = 1.542134e-06;
mcbh.29r7.b1:1 = -7.677998e-07;
mcbh.31r7.b1:1 = 2.402237e-09;
mcbh.33r7.b1:1 = 2.055319e-06;
mcbh.33l8.b1:1 = -5.613951e-08;
mcbh.31l8.b1:1 = 2.274743e-06;
mcbh.29l8.b1:1 = -2.715977e-07;
mcbh.27l8.b1:1 = 5.609472e-07;
mcbh.25l8.b1:1 = 2.391144e-06;
mcbh.23l8.b1:1 = -3.265445e-06;
mcbh.21l8.b1:1 = 3.202126e-07;
mcbh.19l8.b1:1 = 2.037900e-06;
mcbh.17l8.b1:1 = 2.562291e-06;
mcbh.15l8.b1:1 = -5.689224e-07;
mcbh.13l8.b1:1 = 1.749028e-06;
mcbh.11l8.b1:1 = -9.585246e-07;
mcbch.9l8.b1:1 = -4.117388e-08;
mcbch.7l8.b1:1 = 9.809930e-09;
mcbch.b5l8.b1:1 = -2.884226e-07;
mcbch.a5l8.b1:1 = 2.976091e-07;
mcbwh.5l8.b1:1 = -2.293159e-08;
mcbxh.3l8:1 = 1.049235e-07;
mcbxh.2l8:1 = -3.786602e-07;
mcbxh.1l8:1 = 1.906084e-07;
mcbxh.1r8:1 = 6.247729e-08;
mcbxh.2r8:1 = -5.921016e-08;
mcbxh.3r8:1 = 1.656904e-08;
mcbch.6r8.b1:1 = 9.664001e-09;
mcbch.8r8.b1:1 = -8.033804e-08;
mcbch.10r8.b1:1 = 7.459054e-07;
mcbh.12r8.b1:1 = 9.565617e-07;
mcbh.14r8.b1:1 = -1.923620e-06;
mcbh.16r8.b1:1 = 1.868657e-06;
mcbh.18r8.b1:1 = 2.371419e-06;
mcbh.20r8.b1:1 = 1.451953e-06;
mcbh.22r8.b1:1 = 3.796133e-07;
mcbh.24r8.b1:1 = 3.085047e-07;
mcbh.26r8.b1:1 = -4.562825e-07;
mcbh.28r8.b1:1 = -3.608630e-06;
mcbh.30r8.b1:1 = 2.516780e-06;
mcbh.32r8.b1:1 = 1.026743e-06;
mcbh.34l1.b1:1 = 1.077517e-06;
mcbh.32l1.b1:1 = 2.267541e-06;
mcbh.30l1.b1:1 = -8.585239e-07;
mcbh.28l1.b1:1 = -3.697153e-06;
mcbh.26l1.b1:1 = 8.228027e-07;
mcbh.24l1.b1:1 = 2.323588e-07;
mcbh.22l1.b1:1 = -5.343208e-07;
mcbh.20l1.b1:1 = 2.361713e-06;
mcbh.18l1.b1:1 = 4.275286e-06;
mcbh.16l1.b1:1 = 2.359244e-06;
mcbh.14l1.b1:1 = 5.890494e-07;
mcbh.12l1.b1:1 = 9.096536e-07;
mcbch.10l1.b1:1 = 1.148526e-06;
mcbch.8l1.b1:1 = -1.644026e-06;
mcbch.6l1.b1:1 = 8.148056e-06;
mcbxh.3l1:1 = 1.353556e-05;
mcbxh.2l1:1 = -6.060569e-06;
mcbxh.1l1:1 = 7.797589e-06;
mcbxv.1r1:1 = -1.000912e-05;
mcbxv.2r1:1 = 7.796773e-09;
mcbxv.3r1:1 = -1.055841e-09;
mcbyv.a4r1.b1:1 = -3.678641e-05;
mcbyv.b4r1.b1:1 = 7.656819e-06;
mcbcv.6r1.b1:1 = 5.942558e-05;
mcbcv.8r1.b1:1 = -9.295170e-09;
mcbcv.10r1.b1:1 = -1.842223e-07;
mcbv.12r1.b1:1 = -5.524831e-06;
mcbv.14r1.b1:1 = 1.651251e-06;
mcbv.16r1.b1:1 = -3.354483e-06;
mcbv.18r1.b1:1 = -2.773912e-06;
mcbv.20r1.b1:1 = -2.208386e-06;
mcbv.22r1.b1:1 = 2.842233e-06;
mcbv.24r1.b1:1 = -1.908442e-07;
mcbv.26r1.b1:1 = 2.279161e-06;
mcbv.28r1.b1:1 = -3.466110e-06;
mcbv.30r1.b1:1 = 9.440458e-07;
mcbv.32r1.b1:1 = -8.703728e-07;
mcbv.34l2.b1:1 = 2.516091e-07;
mcbv.32l2.b1:1 = -2.337029e-06;
mcbv.30l2.b1:1 = 2.584724e-06;
mcbv.28l2.b1:1 = -2.432318e-06;
mcbv.26l2.b1:1 = -2.246506e-06;
mcbv.24l2.b1:1 = -1.088144e-07;
mcbv.22l2.b1:1 = 3.113451e-06;
mcbv.20l2.b1:1 = -3.223503e-06;
mcbv.18l2.b1:1 = 1.497705e-06;
mcbv.16l2.b1:1 = 4.585002e-06;
mcbv.14l2.b1:1 = -2.864635e-06;
mcbv.12l2.b1:1 = -4.040692e-07;
mcbcv.10l2.b1:1 = 1.135454e-06;
mcbcv.8l2.b1:1 = -2.358166e-07;
mcbcv.6l2.b1:1 = -1.308421e-05;
mcbyv.5l2.b1:1 = 1.537602e-08;
mcbyv.b4l2.b1:1 = -2.661667e-06;
mcbyv.a4l2.b1:1 = -1.076941e-05;
mcbxv.3l2:1 = -1.048086e-09;
mcbxv.2l2:1 = 3.182802e-09;
mcbxv.1l2:1 = -3.478971e-09;
mcbxv.1r2:1 = 4.751914e-09;
mcbxv.2r2:1 = -9.259471e-09;
mcbxv.3r2:1 = 2.477649e-09;
mcbyv.4r2.b1:1 = -4.939313e-05;
mcbcv.a5r2.b1:1 = 8.024719e-05;
mcbcv.b5r2.b1:1 = -2.773308e-05;
mcbcv.7r2.b1:1 = -1.466048e-09;
mcbcv.9r2.b1:1 = 9.707569e-09;
mcbv.11r2.b1:1 = 1.414495e-06;
mcbv.13r2.b1:1 = -4.686456e-07;
mcbv.15r2.b1:1 = -6.077570e-07;
mcbv.17r2.b1:1 = 1.083871e-06;
mcbv.19r2.b1:1 = -1.543127e-06;
mcbv.21r2.b1:1 = -2.143376e-06;
mcbv.23r2.b1:1 = -5.716729e-06;
mcbv.25r2.b1:1 = -5.184351e-06;
mcbv.27r2.b1:1 = 2.603752e-06;
mcbv.29r2.b1:1 = -3.234164e-06;
mcbv.31r2.b1:1 = -8.936547e-07;
mcbv.33r2.b1:1 = 5.304123e-07;
mcbv.33l3.b1:1 = 3.154469e-06;
mcbv.31l3.b1:1 = -3.130711e-06;
mcbv.29l3.b1:1 = 4.483946e-06;
mcbv.27l3.b1:1 = -1.057051e-06;
mcbv.25l3.b1:1 = -1.596533e-06;
mcbv.23l3.b1:1 = 4.484947e-06;
mcbv.21l3.b1:1 = 2.462382e-06;
mcbv.19l3.b1:1 = 3.991512e-06;
mcbv.17l3.b1:1 = 3.604446e-06;
mcbv.15l3.b1:1 = -1.651314e-06;
mcbv.13l3.b1:1 = 1.263036e-06;
mcbv.11l3.b1:1 = -1.104694e-06;
mcbcv.9l3.b1:1 = 4.409405e-07;
mcbcv.7l3.b1:1 = -1.025164e-06;
mcbwv.5l3.b1:1 = 5.088893e-08;
mcbwv.4r3.b1:1 = 2.629178e-08;
mcbcv.6r3.b1:1 = -8.110791e-07;
mcbcv.8r3.b1:1 = -2.076239e-06;
mcbcv.10r3.b1:1 = 3.631840e-06;
mcbv.12r3.b1:1 = 1.612560e-07;
mcbv.14r3.b1:1 = 6.789960e-07;
mcbv.16r3.b1:1 = -1.799273e-06;
mcbv.18r3.b1:1 = 2.060831e-06;
mcbv.20r3.b1:1 = 1.860281e-06;
mcbv.22r3.b1:1 = 1.334972e-06;
mcbv.24r3.b1:1 = 1.894421e-06;
mcbv.26r3.b1:1 = -1.639733e-06;
mcbv.28r3.b1:1 = -2.435867e-06;
mcbv.30r3.b1:1 = -2.810752e-06;
mcbv.32r3.b1:1 = -3.027234e-06;
mcbv.34l4.b1:1 = 8.132813e-07;
mcbv.32l4.b1:1 = -5.740778e-06;
mcbv.30l4.b1:1 = -3.949401e-06;
mcbv.28l4.b1:1 = -8.563210e-07;
mcbv.26l4.b1:1 = 4.405628e-06;
mcbv.24l4.b1:1 = -2.167713e-06;
mcbv.22l4.b1:1 = -3.394483e-06;
mcbv.20l4.b1:1 = -3.058862e-06;
mcbv.18l4.b1:1 = 5.766800e-06;
mcbv.16l4.b1:1 = 2.896990e-06;
mcbv.14l4.b1:1 = -1.903603e-06;
mcbv.12l4.b1:1 = -4.805637e-06;
mcbcv.10l4.b1:1 = -2.151429e-08;
mcbcv.8l4.b1:1 = 1.708770e-09;
mcbyv.6l4.b1:1 = 1.775033e-10;
mkqa.6l4.b1:1 = -4.093329e-10;
mcbyv.5r4.b1:1 = 9.392782e-10;
mcbcv.7r4.b1:1 = -1.343217e-08;
mcbcv.9r4.b1:1 = 8.805616e-08;
mcbv.11r4.b1:1 = 6.182021e-07;
mcbv.13r4.b1:1 = 1.225890e-06;
mcbv.15r4.b1:1 = 2.396136e-06;
mcbv.17r4.b1:1 = 4.069744e-06;
mcbv.19r4.b1:1 = -6.560917e-07;
mcbv.21r4.b1:1 = 1.832733e-07;
mcbv.23r4.b1:1 = -1.907626e-06;
mcbv.25r4.b1:1 = -3.914928e-06;
mcbv.27r4.b1:1 = -3.279484e-06;
mcbv.29r4.b1:1 = 2.022268e-07;
mcbv.31r4.b1:1 = 2.114534e-06;
mcbv.33r4.b1:1 = 6.979153e-07;
mcbv.33l5.b1:1 = -2.154514e-06;
mcbv.31l5.b1:1 = -2.613211e-06;
mcbv.29l5.b1:1 = -4.149834e-06;
mcbv.27l5.b1:1 = 1.949961e-06;
mcbv.25l5.b1:1 = 1.720177e-07;
mcbv.23l5.b1:1 = -5.309508e-07;
mcbv.21l5.b1:1 = -2.702408e-07;
mcbv.19l5.b1:1 = 1.454425e-06;
mcbv.17l5.b1:1 = -8.661145e-07;
mcbv.15l5.b1:1 = -1.699288e-07;
mcbv.13l5.b1:1 = -2.259536e-06;
mcbv.11l5.b1:1 = -1.110240e-06;
mcbcv.9l5.b1:1 = 7.263401e-08;
mcbcv.7l5.b1:1 = -8.739565e-09;
mcbcv.5l5.b1:1 = 4.581434e-09;
mcbyv.4l5.b1:1 = -2.116336e-09;
mcbxv.3l5:1 = -5.592435e-09;
mcbxv.2l5:1 = 2.121994e-08;
mcbxv.1l5:1 = -1.115023e-08;
mcbxv.1r5:1 = 1.233893e-08;
mcbxv.2r5:1 = -1.185706e-08;
mcbxv.3r5:1 = 4.545275e-09;
mcbyv.a4r5.b1:1 = 1.631588e-08;
mcbyv.b4r5.b1:1 = -1.784317e-08;
mcbcv.6r5.b1:1 = 1.476282e-08;
mcbcv.8r5.b1:1 = -8.997186e-08;
mcbcv.10r5.b1:1 = 7.760478e-07;
mcbv.12r5.b1:1 = -1.391832e-07;
mcbv.14r5.b1:1 = -1.283270e-06;
mcbv.16r5.b1:1 = -1.262610e-06;
mcbv.18r5.b1:1 = 3.169262e-07;
mcbv.20r5.b1:1 = 7.852343e-07;
mcbv.22r5.b1:1 = 1.144513e-06;
mcbv.24r5.b1:1 = -5.489004e-06;
mcbv.26r5.b1:1 = -4.994746e-06;
mcbv.28r5.b1:1 = 3.697895e-06;
mcbv.30r5.b1:1 = 4.762616e-06;
mcbv.32r5.b1:1 = -2.814027e-06;
mcbv.34l6.b1:1 = 7.419378e-07;
mcbv.32l6.b1:1 = -4.537904e-07;
mcbv.30l6.b1:1 = -3.144441e-07;
mcbv.28l6.b1:1 = -2.920864e-06;
mcbv.26l6.b1:1 = 1.188964e-06;
mcbv.24l6.b1:1 = -3.258461e-06;
mcbv.22l6.b1:1 = 4.702168e-06;
mcbv.20l6.b1:1 = -1.721112e-06;
mcbv.18l6.b1:1 = -5.717878e-07;
mcbv.16l6.b1:1 = -1.684361e-06;
mcbv.14l6.b1:1 = -5.673458e-07;
mcbv.12l6.b1:1 = -3.249419e-06;
mcbcv.10l6.b1:1 = -7.740762e-07;
mcbcv.8l6.b1:1 = 1.003694e-07;
mcbyv.4l6.b1:1 = -7.699193e-09;
mcbyv.5r6.b1:1 = -2.685722e-10;
mcbcv.9r6.b1:1 = 4.024422e-09;
mcbv.11r6.b1:1 = 2.620713e-06;
mcbv.13r6.b1:1 = 9.705100e-07;
mcbv.15r6.b1:1 = 1.502654e-06;
mcbv.17r6.b1:1 = -1.414680e-06;
mcbv.19r6.b1:1 = -6.365176e-07;
mcbv.21r6.b1:1 = -1.155901e-06;
mcbv.23r6.b1:1 = -3.126931e-06;
mcbv.25r6.b1:1 = -1.226825e-06;
mcbv.27r6.b1:1 = -3.062766e-06;
mcbv.29r6.b1:1 = 1.033502e-06;
mcbv.31r6.b1:1 = 1.328256e-07;
mcbv.33r6.b1:1 = -1.591135e-07;
mcbv.33l7.b1:1 = -7.182433e-07;
mcbv.31l7.b1:1 = 8.276365e-07;
mcbv.29l7.b1:1 = 3.478941e-06;
mcbv.27l7.b1:1 = 2.907622e-06;
mcbv.25l7.b1:1 = -4.803149e-06;
mcbv.23l7.b1:1 = 3.799588e-06;
mcbv.21l7.b1:1 = 3.149425e-07;
mcbv.19l7.b1:1 = 1.233823e-06;
mcbv.17l7.b1:1 = -4.530719e-06;
mcbv.15l7.b1:1 = -1.529140e-06;
mcbv.13l7.b1:1 = 3.440882e-06;
mcbv.11l7.b1:1 = 2.169101e-06;
mcbcv.9l7.b1:1 = 3.462240e-06;
mcbcv.7l7.b1:1 = 7.958439e-07;
mcbwv.5l7.b1:1 = -4.222005e-09;
mcbwv.4r7.b1:1 = -1.587722e-08;
mcbcv.6r7.b1:1 = 4.689762e-07;
mcbcv.8r7.b1:1 = 1.323290e-06;
mcbcv.10r7.b1:1 = 1.866334e-06;
mcbv.12r7.b1:1 = 9.111451e-07;
mcbv.14r7.b1:1 = 2.829771e-06;
mcbv.16r7.b1:1 = 3.012212e-06;
mcbv.18r7.b1:1 = -2.413404e-06;
mcbv.20r7.b1:1 = -3.380486e-06;
mcbv.22r7.b1:1 = -2.193507e-06;
mcbv.24r7.b1:1 = -1.340117e-06;
mcbv.26r7.b1:1 = -4.950352e-06;
mcbv.28r7.b1:1 = -2.975728e-07;
mcbv.30r7.b1:1 = -2.630407e-06;
mcbv.32r7.b1:1 = -5.151107e-07;
mcbv.34l8.b1:1 = -2.070167e-06;
mcbv.32l8.b1:1 = -3.285984e-06;
mcbv.30l8.b1:1 = -5.923626e-07;
mcbv.28l8.b1:1 = 1.478455e-06;
mcbv.26l8.b1:1 = -3.146296e-06;
mcbv.24l8.b1:1 = 2.136321e-07;
mcbv.22l8.b1:1 = -2.786433e-06;
mcbv.20l8.b1:1 = -1.438734e-07;
mcbv.18l8.b1:1 = 1.083388e-06;
mcbv.16l8.b1:1 = -2.597068e-08;
mcbv.14l8.b1:1 = 4.097053e-07;
mcbv.12l8.b1:1 = -5.759574e-06;
mcbcv.10l8.b1:1 = -1.535117e-06;
mcbcv.8l8.b1:1 = 2.162774e-07;
mcbcv.6l8.b1:1 = -3.611195e-08;
mcbcv.5l8.b1:1 = 1.530169e-08;
mcbyv.b4l8.b1:1 = -2.566523e-08;
mcbyv.a4l8.b1:1 = 2.237668e-08;
mcbxv.3l8:1 = 1.905756e-09;
mcbxv.2l8:1 = -5.081718e-09;
mcbxv.1l8:1 = 5.178576e-09;
mcbxv.1r8:1 = 1.317592e-09;
mcbxv.2r8:1 = -2.957802e-09;
mcbxv.3r8:1 = 9.479141e-10;
mcbyv.4r8.b1:1 = -6.019371e-10;
mcbyv.b5r8.b1:1 = 6.480860e-10;
mcbcv.7r8.b1:1 = -3.680552e-09;
mcbcv.9r8.b1:1 = 2.687868e-08;
mcbv.11r8.b1:1 = -1.717883e-06;
mcbv.13r8.b1:1 = -3.417854e-06;
mcbv.15r8.b1:1 = -4.807577e-06;
mcbv.17r8.b1:1 = -1.387082e-06;
mcbv.19r8.b1:1 = -2.434391e-06;
mcbv.21r8.b1:1 = -2.813870e-06;
mcbv.23r8.b1:1 = 5.667238e-06;
mcbv.25r8.b1:1 = 2.612774e-06;
mcbv.27r8.b1:1 = -1.216578e-06;
mcbv.29r8.b1:1 = 4.320435e-07;
mcbv.31r8.b1:1 = -2.740633e-06;
mcbv.33r8.b1:1 = -3.229795e-06;
mcbv.33l1.b1:1 = -1.629371e-06;
mcbv.31l1.b1:1 = -2.256618e-06;
mcbv.29l1.b1:1 = 5.533436e-06;
mcbv.27l1.b1:1 = 1.662362e-06;
mcbv.25l1.b1:1 = -8.456384e-07;
mcbv.23l1.b1:1 = -2.382565e-06;
mcbv.21l1.b1:1 = -5.066305e-06;
mcbv.19l1.b1:1 = -1.587097e-06;
mcbv.17l1.b1:1 = 2.199680e-07;
mcbv.15l1.b1:1 = -3.479251e-06;
mcbv.13l1.b1:1 = -5.447969e-06;
mcbv.11l1.b1:1 = 1.846258e-06;
mcbcv.9l1.b1:1 = -6.106896e-08;
mcbcv.7l1.b1:1 = 8.349961e-08;
mcbcv.5l1.b1:1 = 1.001687e-06;
mcbyv.4l1.b1:1 = -5.930100e-05;
mcbxv.3l1:1 = 2.141218e-07;
mcbxv.2l1:1 = -1.336368e-07;
mcbxv.1l1:1 = 9.990742e-06;
mcbxh.1r1:1 = 5.218883e-09;
mcbxh.2r1:1 = -1.980815e-08;
mcbxh.3r1:1 = 8.626579e-09;
mcbyh.4r1.b1:1 = -3.372142e-10;
mcbch.5r1.b1:1 = -1.791025e-09;
mcbch.7r1.b1:1 = 6.261052e-09;
mcbch.9r1.b1:1 = -5.414839e-08;
mcbh.11r1.b1:1 = 7.965456e-07;
mcbh.13r1.b1:1 = -2.549210e-07;
mcbh.15r1.b1:1 = -2.335151e-06;
mcbh.17r1.b1:1 = 1.314825e-06;
mcbh.19r1.b1:1 = -2.744007e-06;
mcbh.21r1.b1:1 = 9.754380e-07;
mcbh.23r1.b1:1 = -5.738425e-07;
mcbh.25r1.b1:1 = -3.064634e-06;
mcbh.27r1.b1:1 = 4.023817e-06;
mcbh.29r1.b1:1 = -1.226055e-07;
mcbh.31r1.b1:1 = -4.528698e-07;
mcbh.33r1.b1:1 = -4.318281e-07;
mcbh.33l2.b1:1 = -1.852058e-06;
mcbh.31l2.b1:1 = 1.717395e-06;
mcbh.29l2.b1:1 = -1.314764e-06;
mcbh.27l2.b1:1 = -3.382026e-06;
mcbh.25l2.b1:1 = -7.708681e-07;
mcbh.23l2.b1:1 = -1.621322e-06;
mcbh.21l2.b1:1 = 1.528146e-07;
mcbh.19l2.b1:1 = 9.673621e-07;
mcbh.17l2.b1:1 = 2.494612e-06;
mcbh.15l2.b1:1 = -9.569756e-07;
mcbh.13l2.b1:1 = 9.187420e-07;
mcbh.11l2.b1:1 = -1.077020e-06;
mcbch.9l2.b1:1 = 7.416104e-08;
mcbch.7l2.b1:1 = -1.218656e-08;
mcbyh.b5l2.b1:1 = 3.108011e-08;
mcbyh.a5l2.b1:1 = -2.867101e-08;
mcbyh.4l2.b1:1 = 7.549534e-11;
mcbxh.3l2:1 = 2.534192e-09;
mcbxh.2l2:1 = -9.475401e-09;
mcbxh.1l2:1 = 4.974190e-09;
mcbxh.1r2:1 = -8.171200e-09;
mcbxh.2r2:1 = 7.995634e-09;
mcbxh.3r2:1 = -3.319568e-09;
mcbyh.a4r2.b1:1 = 1.108351e-10;
mcbyh.b4r2.b1:1 = 7.483414e-10;
mcbch.5r2.b1:1 = -3.255389e-09;
mcbch.6r2.b1:1 = 8.078378e-09;
mcbch.8r2.b1:1 = -4.232829e-08;
mcbch.10r2.b1:1 = 3.476982e-07;
mcbh.12r2.b1:1 = 2.951054e-06;
mcbh.14r2.b1:1 = -2.157312e-06;
mcbh.16r2.b1:1 = -1.889932e-07;
mcbh.18r2.b1:1 = 6.974294e-07;
mcbh.20r2.b1:1 = 2.642463e-06;
mcbh.22r2.b1:1 = 1.255381e-07;
mcbh.24r2.b1:1 = -1.485580e-07;
mcbh.26r2.b1:1 = 1.089589e-06;
mcbh.28r2.b1:1 = 1.956760e-06;
mcbh.30r2.b1:1 = -8.663208e-07;
mcbh.32r2.b1:1 = 9.587485e-07;
mcbh.34l3.b1:1 = -4.995401e-07;
mcbh.32l3.b1:1 = -5.863467e-07;
mcbh.30l3.b1:1 = 1.036182e-06;
mcbh.28l3.b1:1 = -2.133564e-06;
mcbh.26l3.b1:1 = -4.050222e-06;
mcbh.24l3.b1:1 = 7.120784e-07;
mcbh.22l3.b1:1 = -2.506399e-07;
mcbh.20l3.b1:1 = 2.996817e-06;
mcbh.18l3.b1:1 = 2.161485e-06;
mcbh.16l3.b1:1 = -9.577368e-09;
mcbh.14l3.b1:1 = 2.913082e-06;
mcbh.12l3.b1:1 = 4.126782e-07;
mcbch.10l3.b1:1 = -1.077445e-06;
mcbch.8l3.b1:1 = 4.089403e-06;
mcbch.6l3.b1:1 = -1.321966e-07;
mcbwh.4l3.b1:1 = 4.176428e-09;
mcbwh.5r3.b1:1 = 1.414579e-08;
mcbch.7r3.b1:1 = -1.608835e-06;
mcbch.9r3.b1:1 = 1.240672e-06;
mcbh.11r3.b1:1 = -3.685041e-07;
mcbh.13r3.b1:1 = 1.179226e-07;
mcbh.15r3.b1:1 = -1.626938e-06;
mcbh.17r3.b1:1 = -1.494032e-06;
mcbh.19r3.b1:1 = -2.520282e-07;
mcbh.21r3.b1:1 = 1.768620e-06;
mcbh.23r3.b1:1 = -3.223560e-06;
mcbh.25r3.b1:1 = 9.539556e-07;
mcbh.27r3.b1:1 = 3.973752e-06;
mcbh.29r3.b1:1 = -1.521253e-06;
mcbh.31r3.b1:1 = -1.236777e-07;
mcbh.33r3.b1:1 = 3.766910e-06;
mcbh.33l4.b1:1 = 1.580790e-06;
mcbh.31l4.b1:1 = -2.240127e-06;
mcbh.29l4.b1:1 = -1.052618e-06;
mcbh.27l4.b1:1 = 1.435482e-06;
mcbh.25l4.b1:1 = 2.795994e-07;
mcbh.23l4.b1:1 = 1.336631e-08;
mcbh.21l4.b1:1 = -2.455846e-06;
mcbh.19l4.b1:1 = -1.107750e-06;
mcbh.17l4.b1:1 = 2.350893e-06;
mcbh.15l4.b1:1 = 1.259432e-07;
mcbh.13l4.b1:1 = 1.637975e-06;
mcbh.11l4.b1:1 = 1.624986e-06;
mcbch.9l4.b1:1 = -9.467498e-08;
mcbch.7l4.b1:1 = 1.520888e-08;
mcbyh.5l4.b1:1 = -1.215431e-09;
mu.c5r4.b1:1 = -3.436721e-07;
mu.d5r4.b1:1 = 3.442525e-07;
mcbyh.6r4.b1:1 = -7.163669e-09;
mcbch.8r4.b1:1 = 9.425666e-08;
mcbch.10r4.b1:1 = -7.677968e-07;
mcbh.12r4.b1:1 = 8.665145e-08;
mcbh.14r4.b1:1 = 1.261493e-06;
mcbh.16r4.b1:1 = -4.541262e-07;
mcbh.18r4.b1:1 = -1.169195e-06;
mcbh.20r4.b1:1 = -1.042705e-06;
mcbh.22r4.b1:1 = -2.325494e-07;
mcbh.24r4.b1:1 = -1.358328e-06;
mcbh.26r4.b1:1 = -4.498225e-06;
mcbh.28r4.b1:1 = -1.965923e-06;
mcbh.30r4.b1:1 = -2.039135e-06;
mcbh.32r4.b1:1 = -1.367077e-06;
mcbh.34l5.b1:1 = 2.261802e-06;
mcbh.32l5.b1:1 = -1.022906e-06;
mcbh.30l5.b1:1 = 2.217876e-06;
mcbh.28l5.b1:1 = -4.534823e-07;
mcbh.26l5.b1:1 = 4.340258e-07;
mcbh.24l5.b1:1 = 6.584195e-07;
mcbh.22l5.b1:1 = 1.899520e-07;
mcbh.20l5.b1:1 = -6.043288e-07;
mcbh.18l5.b1:1 = 4.924351e-06;
mcbh.16l5.b1:1 = 1.200706e-07;
mcbh.14l5.b1:1 = -5.781232e-07;
mcbh.12l5.b1:1 = 1.464389e-07;
mcbch.10l5.b1:1 = 6.393038e-08;
mcbch.8l5.b1:1 = -4.132127e-08;
mcbch.6l5.b1:1 = -6.031079e-05;
mcbyh.b4l5.b1:1 = 7.207742e-06;
mcbyh.a4l5.b1:1 = 2.264825e-05;
mcbxh.3l5:1 = -7.573817e-10;
mcbxh.2l5:1 = 2.380300e-09;
mcbxh.1l5:1 = 9.997411e-06;
mcbxh.1r5:1 = -1.000442e-05;
mcbxh.2r5:1 = -1.589882e-07;
mcbxh.3r5:1 = 1.514701e-07;
mcbyh.4r5.b1:1 = 6.064704e-05;
mcbch.5r5.b1:1 = -2.341392e-06;
mcbch.7r5.b1:1 = 3.761385e-08;
mcbch.9r5.b1:1 = -4.966056e-09;
mcbh.11r5.b1:1 = 1.159595e-06;
mcbh.13r5.b1:1 = -7.081740e-07;
mcbh.15r5.b1:1 = -3.861534e-06;
mcbh.17r5.b1:1 = 3.184022e-07;
mcbh.19r5.b1:1 = 2.253074e-06;
mcbh.21r5.b1:1 = 4.177877e-06;
mcbh.23r5.b1:1 = 2.302101e-06;
mcbh.25r5.b1:1 = 1.564093e-06;
mcbh.27r5.b1:1 = -1.628781e-06;
mcbh.29r5.b1:1 = 1.375992e-06;
mcbh.31r5.b1:1 = 1.479829e-06;
mcbh.33r5.b1:1 = 1.090450e-06;
mcbh.33l6.b1:1 = 2.520006e-06;
mcbh.31l6.b1:1 = -2.263530e-07;
mcbh.29l6.b1:1 = -7.592715e-07;
mcbh.27l6.b1:1 = 2.375332e-06;
mcbh.25l6.b1:1 = 1.242066e-06;
mcbh.23l6.b1:1 = 3.611274e-06;
mcbh.21l6.b1:1 = 9.336200e-08;
mcbh.19l6.b1:1 = 9.136182e-07;
mcbh.17l6.b1:1 = 1.541132e-07;
mcbh.15l6.b1:1 = 1.624579e-06;
mcbh.13l6.b1:1 = 1.062824e-06;
mcbh.11l6.b1:1 = -2.982868e-06;
mcbch.9l6.b1:1 = 9.190808e-08;
mcbyh.5l6.b1:1 = -8.914199e-09;
mcbyh.4r6.b1:1 = 1.151844e-09;
mcbch.8r6.b1:1 = -1.217883e-08;
mcbch.10r6.b1:1 = 8.730359e-08;
mcbh.12r6.b1:1 = 2.649490e-08;
mcbh.14r6.b1:1 = -8.636404e-07;
mcbh.16r6.b1:1 = -2.606877e-06;
mcbh.18r6.b1:1 = 2.196167e-06;
mcbh.20r6.b1:1 = 3.192353e-06;
mcbh.22r6.b1:1 = 9.887560e-07;
mcbh.24r6.b1:1 = -3.220460e-07;
mcbh.26r6.b1:1 = 1.689228e-07;
mcbh.28r6.b1:1 = 1.235074e-06;
mcbh.30r6.b1:1 = -6.067684e-07;
mcbh.32r6.b1:1 = 7.919101e-07;
mcbh.34l7.b1:1 = -2.117119e-06;
mcbh.32l7.b1:1 = 1.354194e-06;
mcbh.30l7.b1:1 = -1.534850e-06;
mcbh.28l7.b1:1 = 4.049775e-07;
mcbh.26l7.b1:1 = 1.137342e-06;
mcbh.24l7.b1:1 = -7.107154e-07;
mcbh.22l7.b1:1 = -1.685248e-06;
mcbh.20l7.b1:1 = -1.863404e-06;
mcbh.18l7.b1:1 = -1.249959e-06;
mcbh.16l7.b1:1 = 5.281175e-07;
mcbh.14l7.b1:1 = 4.256646e-07;
mcbh.12l7.b1:1 = -5.717454e-07;
mcbch.10l7.b1:1 = -1.392296e-06;
mcbch.8l7.b1:1 = 1.971777e-06;
mcbch.6l7.b1:1 = -2.770384e-07;
mcbwh.4l7.b1:1 = 1.324477e-08;
mcbwh.5r7.b1:1 = -4.546601e-08;
mcbch.7r7.b1:1 = 6.065893e-07;
mcbch.9r7.b1:1 = 1.311421e-06;
mcbh.11r7.b1:1 = 8.121869e-07;
mcbh.13r7.b1:1 = 3.122075e-06;
mcbh.15r7.b1:1 = 4.343899e-07;
mcbh.17r7.b1:1 = -5.171721e-06;
mcbh.19r7.b1:1 = 1.325128e-06;
mcbh.21r7.b1:1 = 2.215414e-06;
mcbh.23r7.b1:1 = -2.739558e-06;
mcbh.25r7.b1:1 = 2.447536e-06;
mcbh.27r7.b1:1 = 1.542107e-06;
mcbh.29r7.b1:1 = -7.678057e-07;
mcbh.31r7.b1:1 = 2.394157e-09;
mcbh.33r7.b1:1 = 2.055315e-06;
mcbh.33l8.b1:1 = -5.614668e-08;
mcbh.31l8.b1:1 = 2.274728e-06;
mcbh.29l8.b1:1 = -2.716043e-07;
mcbh.27l8.b1:1 = 5.609268e-07;
mcbh.25l8.b1:1 = 2.391131e-06;
mcbh.23l8.b1:1 = -3.265465e-06;
mcbh.21l8.b1:1 = 3.201960e-07;
mcbh.19l8.b1:1 = 2.037883e-06;
mcbh.17l8.b1:1 = 2.562286e-06;
mcbh.15l8.b1:1 = -5.689260e-07;
mcbh.13l8.b1:1 = 1.749026e-06;
mcbh.11l8.b1:1 = -9.585463e-07;
mcbch.9l8.b1:1 = -4.103286e-08;
mcbch.7l8.b1:1 = 8.216143e-09;
mcbch.b5l8.b1:1 = -3.969243e-06;
mcbch.a5l8.b1:1 = 4.933497e-06;
mcbwh.5l8.b1:1 = 2.399528e-05;
mcbyh.4l8.b1:1 = 2.522452e-05;
mcbxh.2l8:1 = -8.980747e-09;
mcbxh.1l8:1 = -5.699379e-05;
mcbxh.1r8:1 = 5.700058e-05;
mcbxh.2r8:1 = -7.644847e-10;
mcbxh.3r8:1 = 4.611561e-10;
mcbyh.a4r8.b1:1 = -7.046324e-05;
mcbyh.b4r8.b1:1 = 1.156023e-05;
mcbyh.5r8.b1:1 = -7.371680e-07;
mcbch.6r8.b1:1 = 1.607131e-08;
mcbch.8r8.b1:1 = -8.089930e-08;
mcbch.10r8.b1:1 = 7.459819e-07;
mcbh.12r8.b1:1 = 9.565592e-07;
mcbh.14r8.b1:1 = -1.923616e-06;
mcbh.16r8.b1:1 = 1.868665e-06;
mcbh.18r8.b1:1 = 2.371416e-06;
mcbh.20r8.b1:1 = 1.451957e-06;
mcbh.22r8.b1:1 = 3.796051e-07;
mcbh.24r8.b1:1 = 3.085053e-07;
mcbh.26r8.b1:1 = -4.562950e-07;
mcbh.28r8.b1:1 = -3.608626e-06;
mcbh.30r8.b1:1 = 2.516761e-06;
mcbh.32r8.b1:1 = 1.026735e-06;
mcbh.34l1.b1:1 = 1.077504e-06;
mcbh.32l1.b1:1 = 2.267532e-06;
mcbh.30l1.b1:1 = -8.585351e-07;
mcbh.28l1.b1:1 = -3.697148e-06;
mcbh.26l1.b1:1 = 8.227798e-07;
mcbh.24l1.b1:1 = 2.323588e-07;
mcbh.22l1.b1:1 = -5.343485e-07;
mcbh.20l1.b1:1 = 2.361718e-06;
mcbh.18l1.b1:1 = 4.275358e-06;
mcbh.16l1.b1:1 = 2.359366e-06;
mcbh.14l1.b1:1 = 5.879513e-07;
mcbh.12l1.b1:1 = 9.195039e-07;
mcbch.10l1.b1:1 = 1.043466e-06;
mcbch.8l1.b1:1 = -1.450256e-07;
mcbch.6l1.b1:1 = 2.359782e-08;
mcbyh.b4l1.b1:1 = -1.640889e-08;
mcbyh.a4l1.b1:1 = 1.367918e-08;
mcbxh.3l1:1 = 6.853127e-09;
mcbxh.2l1:1 = -1.779576e-08;
mcbxh.1l1:1 = 1.887061e-08;
mcbxh.1r1:1 = -2.434910e-09;
mcbxh.2r1:1 = -1.383297e-09;
mcbxh.3r1:1 = 2.715778e-09;
mcbyh.4r1.b1:1 = -5.626075e-10;
mcbch.5r1.b1:1 = -1.726515e-09;
mcbch.7r1.b1:1 = 5.807075e-09;
mcbch.9r1.b1:1 = -5.433102e-08;
mcbh.11r1.b1:1 = 7.965391e-07;
mcbh.13r1.b1:1 = -2.549620e-07;
mcbh.15r1.b1:1 = -2.335155e-06;
mcbh.17r1.b1:1 = 1.314816e-06;
mcbh.19r1.b1:1 = -2.744015e-06;
mcbh.21r1.b1:1 = 9.754524e-07;
mcbh.23r1.b1:1 = -5.738586e-07;
mcbh.25r1.b1:1 = -3.064659e-06;
mcbh.27r1.b1:1 = 4.023807e-06;
mcbh.29r1.b1:1 = -1.226130e-07;
mcbh.31r1.b1:1 = -4.528695e-07;
mcbh.33r1.b1:1 = -4.318401e-07;
mcbh.33l2.b1:1 = -1.852065e-06;
mcbh.31l2.b1:1 = 1.717383e-06;
mcbh.29l2.b1:1 = -1.314771e-06;
mcbh.27l2.b1:1 = -3.382028e-06;
mcbh.25l2.b1:1 = -7.708778e-07;
mcbh.23l2.b1:1 = -1.621322e-06;
mcbh.21l2.b1:1 = 1.528131e-07;
mcbh.19l2.b1:1 = 9.673579e-07;
mcbh.17l2.b1:1 = 2.494608e-06;
mcbh.15l2.b1:1 = -9.569793e-07;
mcbh.13l2.b1:1 = 9.187433e-07;
mcbh.11l2.b1:1 = -1.077024e-06;
mcbch.9l2.b1:1 = 7.415369e-08;
mcbch.7l2.b1:1 = -1.216589e-08;
mcbyh.b5l2.b1:1 = 2.881001e-08;
mcbyh.a5l2.b1:1 = -2.642617e-08;
mcbyh.4l2.b1:1 = -2.150926e-11;
mcbxh.3l2:1 = 2.459108e-09;
mcbxh.2l2:1 = -9.071330e-09;
mcbxh.1l2:1 = 4.701999e-09;
mcbxh.1r2:1 = -5.539581e-09;
mcbxh.2r2:1 = 5.345750e-09;
mcbxh.3r2:1 = -2.139026e-09;
mcbyh.a4r2.b1:1 = -1.583509e-09;
mcbyh.b4r2.b1:1 = 2.515504e-09;
mcbch.5r2.b1:1 = -3.445520e-09;
mcbch.6r2.b1:1 = 8.099682e-09;
mcbch.8r2.b1:1 = -4.231412e-08;
mcbch.10r2.b1:1 = 3.477011e-07;
mcbh.12r2.b1:1 = 2.951055e-06;
mcbh.14r2.b1:1 = -2.157313e-06;
mcbh.16r2.b1:1 = -1.889926e-07;
mcbh.18r2.b1:1 = 6.974357e-07;
mcbh.20r2.b1:1 = 2.642476e-06;
mcbh.22r2.b1:1 = 1.255406e-07;
mcbh.24r2.b1:1 = -1.485591e-07;
mcbh.26r2.b1:1 = 1.089585e-06;
mcbh.28r2.b1:1 = 1.956762e-06;
mcbh.30r2.b1:1 = -8.663262e-07;
mcbh.32r2.b1:1 = 9.587507e-07;
mcbh.34l3.b1:1 = -4.995429e-07;
mcbh.32l3.b1:1 = -5.863433e-07;
mcbh.30l3.b1:1 = 1.036182e-06;
mcbh.28l3.b1:1 = -2.133560e-06;
mcbh.26l3.b1:1 = -4.050223e-06;
mcbh.24l3.b1:1 = 7.120711e-07;
mcbh.22l3.b1:1 = -2.506348e-07;
mcbh.20l3.b1:1 = 2.996814e-06;
mcbh.18l3.b1:1 = 2.161489e-06;
mcbh.16l3.b1:1 = -9.576982e-09;
mcbh.14l3.b1:1 = 2.913083e-06;
mcbh.12l3.b1:1 = 4.126751e-07;
mcbch.10l3.b1:1 = -1.077447e-06;
mcbch.8l3.b1:1 = 4.089407e-06;
mcbch.6l3.b1:1 = -1.322090e-07;
mcbwh.4l3.b1:1 = 4.175875e-09;
mcbwh.5r3.b1:1 = 1.414385e-08;
mcbch.7r3.b1:1 = -1.608837e-06;
mcbch.9r3.b1:1 = 1.240673e-06;
mcbh.11r3.b1:1 = -3.685078e-07;
mcbh.13r3.b1:1 = 1.179241e-07;
mcbh.15r3.b1:1 = -1.626936e-06;
mcbh.17r3.b1:1 = -1.494032e-06;
mcbh.19r3.b1:1 = -2.520300e-07;
mcbh.21r3.b1:1 = 1.768621e-06;
mcbh.23r3.b1:1 = -3.223554e-06;
mcbh.25r3.b1:1 = 9.539558e-07;
mcbh.27r3.b1:1 = 3.973748e-06;
mcbh.29r3.b1:1 = -1.521252e-06;
mcbh.31r3.b1:1 = -1.236800e-07;
mcbh.33r3.b1:1 = 3.766914e-06;
mcbh.33l4.b1:1 = 1.580782e-06;
mcbh.31l4.b1:1 = -2.240132e-06;
mcbh.29l4.b1:1 = -1.052623e-06;
mcbh.27l4.b1:1 = 1.435485e-06;
mcbh.25l4.b1:1 = 2.795992e-07;
mcbh.23l4.b1:1 = 1.336059e-08;
mcbh.21l4.b1:1 = -2.455847e-06;
mcbh.19l4.b1:1 = -1.107757e-06;
mcbh.17l4.b1:1 = 2.350895e-06;
mcbh.15l4.b1:1 = 1.259458e-07;
mcbh.13l4.b1:1 = 1.637971e-06;
mcbh.11l4.b1:1 = 1.624988e-06;
mcbch.9l4.b1:1 = -9.467440e-08;
mcbch.7l4.b1:1 = 1.520261e-08;
mcbyh.5l4.b1:1 = -1.173613e-09;
mu.c5r4.b1:1 = -4.384669e-07;
mu.d5r4.b1:1 = 4.390766e-07;
mcbyh.6r4.b1:1 = -7.209952e-09;
mcbch.8r4.b1:1 = 9.426295e-08;
mcbch.10r4.b1:1 = -7.678004e-07;
mcbh.12r4.b1:1 = 8.665185e-08;
mcbh.14r4.b1:1 = 1.261491e-06;
mcbh.16r4.b1:1 = -4.541257e-07;
mcbh.18r4.b1:1 = -1.169199e-06;
mcbh.20r4.b1:1 = -1.042707e-06;
mcbh.22r4.b1:1 = -2.325526e-07;
mcbh.24r4.b1:1 = -1.358331e-06;
mcbh.26r4.b1:1 = -4.498227e-06;
mcbh.28r4.b1:1 = -1.965922e-06;
mcbh.30r4.b1:1 = -2.039135e-06;
mcbh.32r4.b1:1 = -1.367074e-06;
mcbh.34l5.b1:1 = 2.261801e-06;
mcbh.32l5.b1:1 = -1.022906e-06;
mcbh.30l5.b1:1 = 2.217878e-06;
mcbh.28l5.b1:1 = -4.534853e-07;
mcbh.26l5.b1:1 = 4.340272e-07;
mcbh.24l5.b1:1 = 6.584172e-07;
mcbh.22l5.b1:1 = 1.899540e-07;
mcbh.20l5.b1:1 = -6.043305e-07;
mcbh.18l5.b1:1 = 4.924387e-06;
mcbh.16l5.b1:1 = 1.200680e-07;
mcbh.14l5.b1:1 = -5.781202e-07;
mcbh.12l5.b1:1 = 1.464401e-07;
mcbch.10l5.b1:1 = 6.393217e-08;
mcbch.8l5.b1:1 = -4.132348e-08;
mcbch.6l5.b1:1 = -6.031081e-05;
mcbyh.b4l5.b1:1 = 7.208340e-06;
mcbyh.a4l5.b1:1 = 2.264766e-05;
mcbxh.3l5:1 = -6.703206e-10;
mcbxh.2l5:1 = 1.882382e-09;
mcbxh.1l5:1 = 9.998032e-06;
mcbxh.1r5:1 = -1.000317e-05;
mcbxh.2r5:1 = -1.616001e-07;
mcbxh.3r5:1 = 1.522391e-07;
mcbyh.4r5.b1:1 = 6.064697e-05;
mcbch.5r5.b1:1 = -2.341256e-06;
mcbch.7r5.b1:1 = 3.761211e-08;
mcbch.9r5.b1:1 = -4.963471e-09;
mcbh.11r5.b1:1 = 1.159591e-06;
mcbh.13r5.b1:1 = -7.081726e-07;
mcbh.15r5.b1:1 = -3.861537e-06;
mcbh.17r5.b1:1 = 3.184007e-07;
mcbh.19r5.b1:1 = 2.253075e-06;
mcbh.21r5.b1:1 = 4.177875e-06;
mcbh.23r5.b1:1 = 2.302102e-06;
mcbh.25r5.b1:1 = 1.564091e-06;
mcbh.27r5.b1:1 = -1.628785e-06;
mcbh.29r5.b1:1 = 1.375989e-06;
mcbh.31r5.b1:1 = 1.479832e-06;
mcbh.33r5.b1:1 = 1.090452e-06;
mcbh.33l6.b1:1 = 2.520007e-06;
mcbh.31l6.b1:1 = -2.263508e-07;
mcbh.29l6.b1:1 = -7.592750e-07;
mcbh.27l6.b1:1 = 2.375331e-06;
mcbh.25l6.b1:1 = 1.242065e-06;
mcbh.23l6.b1:1 = 3.611274e-06;
mcbh.21l6.b1:1 = 9.336460e-08;
mcbh.19l6.b1:1 = 9.136213e-07;
mcbh.17l6.b1:1 = 1.541148e-07;
mcbh.15l6.b1:1 = 1.624587e-06;
mcbh.13l6.b1:1 = 1.062823e-06;
mcbh.11l6.b1:1 = -2.982868e-06;
mcbch.9l6.b1:1 = 9.190499e-08;
mcbyh.5l6.b1:1 = -8.915934e-09;
mcbyh.4r6.b1:1 = 1.152636e-09;
mcbch.8r6.b1:1 = -1.217271e-08;
mcbch.10r6.b1:1 = 8.730502e-08;
mcbh.12r6.b1:1 = 2.649172e-08;
mcbh.14r6.b1:1 = -8.636368e-07;
mcbh.16r6.b1:1 = -2.606879e-06;
mcbh.18r6.b1:1 = 2.196165e-06;
mcbh.20r6.b1:1 = 3.192365e-06;
mcbh.22r6.b1:1 = 9.887528e-07;
mcbh.24r6.b1:1 = -3.220452e-07;
mcbh.26r6.b1:1 = 1.689244e-07;
mcbh.28r6.b1:1 = 1.235074e-06;
mcbh.30r6.b1:1 = -6.067659e-07;
mcbh.32r6.b1:1 = 7.919106e-07;
mcbh.34l7.b1:1 = -2.117118e-06;
mcbh.32l7.b1:1 = 1.354195e-06;
mcbh.30l7.b1:1 = -1.534852e-06;
mcbh.28l7.b1:1 = 4.049800e-07;
mcbh.26l7.b1:1 = 1.137340e-06;
mcbh.24l7.b1:1 = -7.107145e-07;
mcbh.22l7.b1:1 = -1.685248e-06;
mcbh.20l7.b1:1 = -1.863406e-06;
mcbh.18l7.b1:1 = -1.249962e-06;
mcbh.16l7.b1:1 = 5.281155e-07;
mcbh.14l7.b1:1 = 4.256585e-07;
mcbh.12l7.b1:1 = -5.717489e-07;
mcbch.10l7.b1:1 = -1.392299e-06;
mcbch.8l7.b1:1 = 1.971774e-06;
mcbch.6l7.b1:1 = -2.770338e-07;
mcbwh.4l7.b1:1 = 1.324632e-08;
mcbwh.5r7.b1:1 = -4.546162e-08;
mcbch.7r7.b1:1 = 6.065887e-07;
mcbch.9r7.b1:1 = 1.311415e-06;
mcbh.11r7.b1:1 = 8.121906e-07;
mcbh.13r7.b1:1 = 3.122082e-06;
mcbh.15r7.b1:1 = 4.343891e-07;
mcbh.17r7.b1:1 = -5.171721e-06;
mcbh.19r7.b1:1 = 1.325124e-06;
mcbh.21r7.b1:1 = 2.215410e-06;
mcbh.23r7.b1:1 = -2.739627e-06;
mcbh.25r7.b1:1 = 2.447535e-06;
mcbh.27r7.b1:1 = 1.542121e-06;
mcbh.29r7.b1:1 = -7.678067e-07;
mcbh.31r7.b1:1 = 2.400935e-09;
mcbh.33r7.b1:1 = 2.055318e-06;
mcbh.33l8.b1:1 = -5.614236e-08;
mcbh.31l8.b1:1 = 2.274734e-06;
mcbh.29l8.b1:1 = -2.716008e-07;
mcbh.27l8.b1:1 = 5.609338e-07;
mcbh.25l8.b1:1 = 2.391129e-06;
mcbh.23l8.b1:1 = -3.265454e-06;
mcbh.21l8.b1:1 = 3.201921e-07;
mcbh.19l8.b1:1 = 2.037897e-06;
mcbh.17l8.b1:1 = 2.562284e-06;
mcbh.15l8.b1:1 = -5.689312e-07;
mcbh.13l8.b1:1 = 1.749021e-06;
mcbh.11l8.b1:1 = -9.585450e-07;
mcbch.9l8.b1:1 = -4.103433e-08;
mcbch.7l8.b1:1 = 8.244669e-09;
mcbch.b5l8.b1:1 = -1.259709e-06;
mcbch.a5l8.b1:1 = 1.544008e-06;
mcbwh.5l8.b1:1 = 7.200859e-06;
mcbyh.4l8.b1:1 = 7.566995e-06;
mcbxh.2l8:1 = -2.352306e-09;
mcbxh.1l8:1 = -1.709853e-05;
mcbxh.1r8:1 = 1.710640e-05;
mcbxh.2r8:1 = -6.333602e-09;
mcbxh.3r8:1 = 2.448719e-09;
mcbyh.a4r8.b1:1 = -2.113817e-05;
mcbyh.b4r8.b1:1 = 3.467284e-06;
mcbyh.5r8.b1:1 = -2.238628e-07;
mcbch.6r8.b1:1 = 1.249271e-08;
mcbch.8r8.b1:1 = -8.089680e-08;
mcbch.10r8.b1:1 = 7.459862e-07;
mcbh.12r8.b1:1 = 9.565596e-07;
mcbh.14r8.b1:1 = -1.923616e-06;
mcbh.16r8.b1:1 = 1.868663e-06;
mcbh.18r8.b1:1 = 2.371416e-06;
mcbh.20r8.b1:1 = 1.451957e-06;
mcbh.22r8.b1:1 = 3.796069e-07;
mcbh.24r8.b1:1 = 3.085028e-07;
mcbh.26r8.b1:1 = -4.562961e-07;
mcbh.28r8.b1:1 = -3.608627e-06;
mcbh.30r8.b1:1 = 2.516761e-06;
mcbh.32r8.b1:1 = 1.026733e-06;
mcbh.34l1.b1:1 = 1.077505e-06;
mcbh.32l1.b1:1 = 2.267529e-06;
mcbh.30l1.b1:1 = -8.585349e-07;
mcbh.28l1.b1:1 = -3.697141e-06;
mcbh.26l1.b1:1 = 8.227804e-07;
mcbh.24l1.b1:1 = 2.323615e-07;
mcbh.22l1.b1:1 = -5.343466e-07;
mcbh.20l1.b1:1 = 2.361713e-06;
mcbh.18l1.b1:1 = 4.275356e-06;
mcbh.16l1.b1:1 = 2.359362e-06;
mcbh.14l1.b1:1 = 5.879505e-07;
mcbh.12l1.b1:1 = 9.195015e-07;
mcbch.10l1.b1:1 = 1.043466e-06;
mcbch.8l1.b1:1 = -1.449954e-07;
mcbch.6l1.b1:1 = 2.330540e-08;
mcbyh.b4l1.b1:1 = -2.850718e-09;
mcbxh.3l1:1 = -3.036393e-09;
mcbxh.2l1:1 = 8.504036e-09;
mcbxh.1l1:1 = -8.174774e-09;
mcbxv.1r1:1 = -1.000621e-05;
mcbxv.2r1:1 = 5.554426e-09;
mcbxv.3r1:1 = -1.069234e-09;
mcbyv.a4r1.b1:1 = -3.678731e-05;
mcbyv.b4r1.b1:1 = 7.658165e-06;
mcbcv.6r1.b1:1 = 5.942489e-05;
mcbcv.8r1.b1:1 = -9.187679e-09;
mcbcv.10r1.b1:1 = -1.842705e-07;
mcbv.12r1.b1:1 = -5.524896e-06;
mcbv.14r1.b1:1 = 1.651285e-06;
mcbv.16r1.b1:1 = -3.354540e-06;
mcbv.18r1.b1:1 = -2.773841e-06;
mcbv.20r1.b1:1 = -2.208391e-06;
mcbv.22r1.b1:1 = 2.842200e-06;
mcbv.24r1.b1:1 = -1.908357e-07;
mcbv.26r1.b1:1 = 2.279135e-06;
mcbv.28r1.b1:1 = -3.466063e-06;
mcbv.30r1.b1:1 = 9.440306e-07;
mcbv.32r1.b1:1 = -8.703896e-07;
mcbv.34l2.b1:1 = 2.516182e-07;
mcbv.32l2.b1:1 = -2.337051e-06;
mcbv.30l2.b1:1 = 2.584734e-06;
mcbv.28l2.b1:1 = -2.432322e-06;
mcbv.26l2.b1:1 = -2.246514e-06;
mcbv.24l2.b1:1 = -1.088152e-07;
mcbv.22l2.b1:1 = 3.113437e-06;
mcbv.20l2.b1:1 = -3.223469e-06;
mcbv.18l2.b1:1 = 1.497701e-06;
mcbv.16l2.b1:1 = 4.585028e-06;
mcbv.14l2.b1:1 = -2.864665e-06;
mcbv.12l2.b1:1 = -4.039046e-07;
mcbcv.10l2.b1:1 = 1.133512e-06;
mcbcv.8l2.b1:1 = -2.027963e-07;
mcbcv.6l2.b1:1 = -6.527607e-06;
mcbyv.5l2.b1:1 = 4.052746e-09;
mcbyv.b4l2.b1:1 = -1.323463e-06;
mcbyv.a4l2.b1:1 = -5.391183e-06;
mcbxv.3l2:1 = -2.864169e-09;
mcbxv.2l2:1 = 7.337786e-09;
mcbxv.1l2:1 = -7.563170e-09;
mcbxv.1r2:1 = 1.629361e-09;
mcbxv.2r2:1 = -2.854270e-09;
mcbxv.3r2:1 = 6.745436e-10;
mcbyv.4r2.b1:1 = -2.469594e-05;
mcbcv.a5r2.b1:1 = 4.011552e-05;
mcbcv.b5r2.b1:1 = -1.385906e-05;
mcbcv.7r2.b1:1 = -1.461750e-09;
mcbcv.9r2.b1:1 = 9.721248e-09;
mcbv.11r2.b1:1 = 1.414502e-06;
mcbv.13r2.b1:1 = -4.686418e-07;
mcbv.15r2.b1:1 = -6.077656e-07;
mcbv.17r2.b1:1 = 1.083877e-06;
mcbv.19r2.b1:1 = -1.543131e-06;
mcbv.21r2.b1:1 = -2.143385e-06;
mcbv.23r2.b1:1 = -5.716725e-06;
mcbv.25r2.b1:1 = -5.184355e-06;
mcbv.27r2.b1:1 = 2.603745e-06;
mcbv.29r2.b1:1 = -3.234155e-06;
mcbv.31r2.b1:1 = -8.936587e-07;
mcbv.33r2.b1:1 = 5.304145e-07;
mcbv.33l3.b1:1 = 3.154476e-06;
mcbv.31l3.b1:1 = -3.130712e-06;
mcbv.29l3.b1:1 = 4.483947e-06;
mcbv.27l3.b1:1 = -1.057047e-06;
mcbv.25l3.b1:1 = -1.596536e-06;
mcbv.23l3.b1:1 = 4.484956e-06;
mcbv.21l3.b1:1 = 2.462376e-06;
mcbv.19l3.b1:1 = 3.991516e-06;
mcbv.17l3.b1:1 = 3.604444e-06;
mcbv.15l3.b1:1 = -1.651314e-06;
mcbv.13l3.b1:1 = 1.263038e-06;
mcbv.11l3.b1:1 = -1.104694e-06;
mcbcv.9l3.b1:1 = 4.409425e-07;
mcbcv.7l3.b1:1 = -1.025164e-06;
mcbwv.5l3.b1:1 = 5.088678e-08;
mcbwv.4r3.b1:1 = 2.629412e-08;
mcbcv.6r3.b1:1 = -8.110825e-07;
mcbcv.8r3.b1:1 = -2.076233e-06;
mcbcv.10r3.b1:1 = 3.631833e-06;
mcbv.12r3.b1:1 = 1.612491e-07;
mcbv.14r3.b1:1 = 6.789951e-07;
mcbv.16r3.b1:1 = -1.799278e-06;
mcbv.18r3.b1:1 = 2.060832e-06;
mcbv.20r3.b1:1 = 1.860283e-06;
mcbv.22r3.b1:1 = 1.334927e-06;
mcbv.24r3.b1:1 = 1.894430e-06;
mcbv.26r3.b1:1 = -1.639726e-06;
mcbv.28r3.b1:1 = -2.435859e-06;
mcbv.30r3.b1:1 = -2.810752e-06;
mcbv.32r3.b1:1 = -3.027229e-06;
mcbv.34l4.b1:1 = 8.132744e-07;
mcbv.32l4.b1:1 = -5.740773e-06;
mcbv.30l4.b1:1 = -3.949398e-06;
mcbv.28l4.b1:1 = -8.563242e-07;
mcbv.26l4.b1:1 = 4.405655e-06;
mcbv.24l4.b1:1 = -2.167720e-06;
mcbv.22l4.b1:1 = -3.394482e-06;
mcbv.20l4.b1:1 = -3.058855e-06;
mcbv.18l4.b1:1 = 5.766768e-06;
mcbv.16l4.b1:1 = 2.896989e-06;
mcbv.14l4.b1:1 = -1.903605e-06;
mcbv.12l4.b1:1 = -4.805660e-06;
mcbcv.10l4.b1:1 = -2.151416e-08;
mcbcv.8l4.b1:1 = 1.707456e-09;
mcbyv.6l4.b1:1 = 1.942136e-10;
mkqa.6l4.b1:1 = -4.297615e-10;
mcbyv.5r4.b1:1 = 9.389299e-10;
mcbcv.7r4.b1:1 = -1.342971e-08;
mcbcv.9r4.b1:1 = 8.805134e-08;
mcbv.11r4.b1:1 = 6.182043e-07;
mcbv.13r4.b1:1 = 1.225887e-06;
mcbv.15r4.b1:1 = 2.396137e-06;
mcbv.17r4.b1:1 = 4.069742e-06;
mcbv.19r4.b1:1 = -6.560933e-07;
mcbv.21r4.b1:1 = 1.832714e-07;
mcbv.23r4.b1:1 = -1.907627e-06;
mcbv.25r4.b1:1 = -3.914929e-06;
mcbv.27r4.b1:1 = -3.279490e-06;
mcbv.29r4.b1:1 = 2.022266e-07;
mcbv.31r4.b1:1 = 2.114536e-06;
mcbv.33r4.b1:1 = 6.979133e-07;
mcbv.33l5.b1:1 = -2.154514e-06;
mcbv.31l5.b1:1 = -2.613207e-06;
mcbv.29l5.b1:1 = -4.149835e-06;
mcbv.27l5.b1:1 = 1.949963e-06;
mcbv.25l5.b1:1 = 1.720190e-07;
mcbv.23l5.b1:1 = -5.309511e-07;
mcbv.21l5.b1:1 = -2.702386e-07;
mcbv.19l5.b1:1 = 1.454419e-06;
mcbv.17l5.b1:1 = -8.661147e-07;
mcbv.15l5.b1:1 = -1.699303e-07;
mcbv.13l5.b1:1 = -2.259535e-06;
mcbv.11l5.b1:1 = -1.110240e-06;
mcbcv.9l5.b1:1 = 7.263768e-08;
mcbcv.7l5.b1:1 = -8.733587e-09;
mcbcv.5l5.b1:1 = 4.582612e-09;
mcbyv.4l5.b1:1 = -2.102775e-09;
mcbxv.3l5:1 = -1.373536e-08;
mcbxv.2l5:1 = 5.074632e-08;
mcbxv.1l5:1 = -2.576280e-08;
mcbxv.1r5:1 = -3.889322e-09;
mcbxv.2r5:1 = 4.454560e-09;
mcbxv.3r5:1 = -2.095337e-09;
mcbyv.a4r5.b1:1 = 1.705981e-08;
mcbyv.b4r5.b1:1 = -1.857002e-08;
mcbcv.6r5.b1:1 = 1.478639e-08;
mcbcv.8r5.b1:1 = -8.997414e-08;
mcbcv.10r5.b1:1 = 7.760444e-07;
mcbv.12r5.b1:1 = -1.391821e-07;
mcbv.14r5.b1:1 = -1.283269e-06;
mcbv.16r5.b1:1 = -1.262619e-06;
mcbv.18r5.b1:1 = 3.169277e-07;
mcbv.20r5.b1:1 = 7.852375e-07;
mcbv.22r5.b1:1 = 1.144509e-06;
mcbv.24r5.b1:1 = -5.489003e-06;
mcbv.26r5.b1:1 = -4.994749e-06;
mcbv.28r5.b1:1 = 3.697893e-06;
mcbv.30r5.b1:1 = 4.762618e-06;
mcbv.32r5.b1:1 = -2.814021e-06;
mcbv.34l6.b1:1 = 7.419427e-07;
mcbv.32l6.b1:1 = -4.537885e-07;
mcbv.30l6.b1:1 = -3.144380e-07;
mcbv.28l6.b1:1 = -2.920878e-06;
mcbv.26l6.b1:1 = 1.188967e-06;
mcbv.24l6.b1:1 = -3.258466e-06;
mcbv.22l6.b1:1 = 4.702161e-06;
mcbv.20l6.b1:1 = -1.721111e-06;
mcbv.18l6.b1:1 = -5.717927e-07;
mcbv.16l6.b1:1 = -1.684361e-06;
mcbv.14l6.b1:1 = -5.673512e-07;
mcbv.12l6.b1:1 = -3.249424e-06;
mcbcv.10l6.b1:1 = -7.740851e-07;
mcbcv.8l6.b1:1 = 1.003611e-07;
mcbyv.4l6.b1:1 = -7.699578e-09;
mcbyv.5r6.b1:1 = -2.698740e-10;
mcbcv.9r6.b1:1 = 4.017845e-09;
mcbv.11r6.b1:1 = 2.620715e-06;
mcbv.13r6.b1:1 = 9.705101e-07;
mcbv.15r6.b1:1 = 1.502653e-06;
mcbv.17r6.b1:1 = -1.414675e-06;
mcbv.19r6.b1:1 = -6.365160e-07;
mcbv.21r6.b1:1 = -1.155898e-06;
mcbv.23r6.b1:1 = -3.126926e-06;
mcbv.25r6.b1:1 = -1.226821e-06;
mcbv.27r6.b1:1 = -3.062763e-06;
mcbv.29r6.b1:1 = 1.033501e-06;
mcbv.31r6.b1:1 = 1.328269e-07;
mcbv.33r6.b1:1 = -1.591145e-07;
mcbv.33l7.b1:1 = -7.182431e-07;
mcbv.31l7.b1:1 = 8.276302e-07;
mcbv.29l7.b1:1 = 3.478936e-06;
mcbv.27l7.b1:1 = 2.907616e-06;
mcbv.25l7.b1:1 = -4.803157e-06;
mcbv.23l7.b1:1 = 3.799588e-06;
mcbv.21l7.b1:1 = 3.149384e-07;
mcbv.19l7.b1:1 = 1.233823e-06;
mcbv.17l7.b1:1 = -4.530722e-06;
mcbv.15l7.b1:1 = -1.529140e-06;
mcbv.13l7.b1:1 = 3.440880e-06;
mcbv.11l7.b1:1 = 2.169095e-06;
mcbcv.9l7.b1:1 = 3.462247e-06;
mcbcv.7l7.b1:1 = 7.958395e-07;
mcbwv.5l7.b1:1 = -4.223864e-09;
mcbwv.4r7.b1:1 = -1.587636e-08;
mcbcv.6r7.b1:1 = 4.689809e-07;
mcbcv.8r7.b1:1 = 1.323281e-06;
mcbcv.10r7.b1:1 = 1.866341e-06;
mcbv.12r7.b1:1 = 9.111425e-07;
mcbv.14r7.b1:1 = 2.829773e-06;
mcbv.16r7.b1:1 = 3.012209e-06;
mcbv.18r7.b1:1 = -2.413398e-06;
mcbv.20r7.b1:1 = -3.380473e-06;
mcbv.22r7.b1:1 = -2.193505e-06;
mcbv.24r7.b1:1 = -1.340114e-06;
mcbv.26r7.b1:1 = -4.950349e-06;
mcbv.28r7.b1:1 = -2.975650e-07;
mcbv.30r7.b1:1 = -2.630403e-06;
mcbv.32r7.b1:1 = -5.151062e-07;
mcbv.34l8.b1:1 = -2.070166e-06;
mcbv.32l8.b1:1 = -3.285982e-06;
mcbv.30l8.b1:1 = -5.923588e-07;
mcbv.28l8.b1:1 = 1.478455e-06;
mcbv.26l8.b1:1 = -3.146289e-06;
mcbv.24l8.b1:1 = 2.136290e-07;
mcbv.22l8.b1:1 = -2.786429e-06;
mcbv.20l8.b1:1 = -1.438768e-07;
mcbv.18l8.b1:1 = 1.083389e-06;
mcbv.16l8.b1:1 = -2.597290e-08;
mcbv.14l8.b1:1 = 4.097063e-07;
mcbv.12l8.b1:1 = -5.759583e-06;
mcbcv.10l8.b1:1 = -1.535113e-06;
mcbcv.8l8.b1:1 = 2.162579e-07;
mcbcv.6l8.b1:1 = -3.604933e-08;
mcbcv.5l8.b1:1 = 1.506866e-08;
mcbyv.b4l8.b1:1 = -2.254266e-08;
mcbyv.a4l8.b1:1 = 1.920721e-08;
mcbxv.3l8:1 = 4.735094e-09;
mcbxv.2l8:1 = -1.150032e-08;
mcbxv.1l8:1 = 1.151067e-08;
mcbxv.1r8:1 = -1.857999e-09;
mcbxv.2r8:1 = 2.979470e-09;
mcbxv.3r8:1 = -6.496936e-10;
mcbyv.4r8.b1:1 = -6.150408e-10;
mcbyv.b5r8.b1:1 = 6.535823e-10;
mcbcv.7r8.b1:1 = -3.685549e-09;
mcbcv.9r8.b1:1 = 2.687588e-08;
mcbv.11r8.b1:1 = -1.717887e-06;
mcbv.13r8.b1:1 = -3.417849e-06;
mcbv.15r8.b1:1 = -4.807580e-06;
mcbv.17r8.b1:1 = -1.387081e-06;
mcbv.19r8.b1:1 = -2.434396e-06;
mcbv.21r8.b1:1 = -2.813864e-06;
mcbv.23r8.b1:1 = 5.667239e-06;
mcbv.25r8.b1:1 = 2.612778e-06;
mcbv.27r8.b1:1 = -1.216579e-06;
mcbv.29r8.b1:1 = 4.320439e-07;
mcbv.31r8.b1:1 = -2.740630e-06;
mcbv.33r8.b1:1 = -3.229800e-06;
mcbv.33l1.b1:1 = -1.629365e-06;
mcbv.31l1.b1:1 = -2.256621e-06;
mcbv.29l1.b1:1 = 5.533428e-06;
mcbv.27l1.b1:1 = 1.662378e-06;
mcbv.25l1.b1:1 = -8.456367e-07;
mcbv.23l1.b1:1 = -2.382566e-06;
mcbv.21l1.b1:1 = -5.066307e-06;
mcbv.19l1.b1:1 = -1.587096e-06;
mcbv.17l1.b1:1 = 2.199650e-07;
mcbv.15l1.b1:1 = -3.479287e-06;
mcbv.13l1.b1:1 = -5.448005e-06;
mcbv.11l1.b1:1 = 1.846256e-06;
mcbcv.9l1.b1:1 = -6.110091e-08;
mcbcv.7l1.b1:1 = 8.352545e-08;
mcbcv.5l1.b1:1 = 1.001706e-06;
mcbyv.4l1.b1:1 = -5.930103e-05;
mcbxv.3l1:1 = 2.127357e-07;
mcbxv.2l1:1 = -1.284018e-07;
mcbxv.1l1:1 = 9.987876e-06;
