[1] mcbxh.1r1:1 = -1.121678e-06;
[2] mcbxh.1r1:1 = -1.121678e-06;
[1] mcbxh.2r1:1 = 0.000000e+00;
[2] mcbxh.2r1:1 = 0.000000e+00;
[1] mcbxh.3r1:1 = 0.000000e+00;
[2] mcbxh.3r1:1 = 0.000000e+00;
[1] mcbxh.3l5:1 = 0.000000e+00;
[2] mcbxh.3l5:1 = 0.000000e+00;
[1] mcbxh.2l5:1 = 0.000000e+00;
[2] mcbxh.2l5:1 = 0.000000e+00;
[1] mcbxh.1l5:1 = 5.791944e-07;
[2] mcbxh.1l5:1 = 5.791944e-07;
[1] mcbxh.1r5:1 = -1.082754e-06;
[2] mcbxh.1r5:1 = -1.082754e-06;
[1] mcbxh.3l1:1 = 0.000000e+00;
[2] mcbxh.3l1:1 = 0.000000e+00;
[1] mcbxh.2l1:1 = 0.000000e+00;
[2] mcbxh.2l1:1 = 0.000000e+00;
[1] mcbxh.1l1:1 = 2.265054e-06;
[2] mcbxh.1l1:1 = 2.265054e-06;
