
  +++++++++++++++++++++++++++++++++++++++++++
  +              MAD-X 3.04.37              +
  + Code Modification Date: 11.06.2008      +
  + Execution Time Stamp: 18.06.08 15.06.39 +
  +++++++++++++++++++++++++++++++++++++++++++
! Simple tracking test of tracking with a matrix.

! tstTrack_matrix.madx



option,-echo,-info,-warn;

enter Twiss module
  
iteration:   1 error:   0.000000E+00 deltap:   0.000000E+00
orbit:   0.000000E+00  0.000000E+00  0.000000E+00  0.000000E+00  0.000000E+00  0.000000E+00

++++++ table: summ

            length             orbit5               alfa            gammatr 
                40                 -0        5.853598184        0.413322023 

                q1                dq1            betxmax              dxmax 
     0.03306927998     -0.03190979954        202.4790905        477.7717946 

             dxrms             xcomax             xcorms                 q2 
       468.8578079                  0                  0      0.03154004501 

               dq2            betymax              dymax              dyrms 
    -0.03188771721        212.2944688                  0                  0 

            ycomax             ycorms             deltap            synch_1 
                 0                  0                  0                  0 

           synch_2            synch_3            synch_4            synch_5 
                 0                  0                  0                  0 
dxx1 =        477.7717946 ;
dxxp1 =        2.391247832 ;
r111 =       0.9997075052 ;
r112 =       0.0584322065 ;
r116 =      1.9894578e-05 ;
r121 =   -2.888981102e-06 ;
r122 =        1.000292412 ;
r126 =     0.000681045193 ;
enter Twiss module
  
iteration:   1 error:   0.000000E+00 deltap:   0.000000E+00
orbit:   0.000000E+00  0.000000E+00  0.000000E+00  0.000000E+00  0.000000E+00  0.000000E+00

++++++ table: summ

            length             orbit5               alfa            gammatr 
                50                 -0        4.689386121       0.4617873195 

                q1                dq1            betxmax              dxmax 
     0.03311520954     -0.03190979954        202.4790905        477.7717946 

             dxrms             xcomax             xcorms                 q2 
       469.6396537                  0                  0      0.03158385062 

               dq2            betymax              dymax              dyrms 
    -0.03188771721        212.2944688                  0                  0 

            ycomax             ycorms             deltap            synch_1 
                 0                  0                  0                  0 

           synch_2            synch_3            synch_4            synch_5 
                 0                  0                  0                  0 
Value of withname 1
enter TRACK module
one pass is on

*****  end of trrun  *****
exit TRACK module

enter Twiss module

++++++ table: summ

            length             orbit5               alfa            gammatr 
                50                 -0                  0                  0 

                q1                dq1            betxmax              dxmax 
     0.07307727187                  0                110        10.30482363 

             dxrms             xcomax             xcorms                 q2 
        5.73986844              0.001    0.0009627609415      0.04554476125 

               dq2            betymax              dymax              dyrms 
                 0        163.7444545                  0                  0 

            ycomax             ycorms             deltap            synch_1 
                 0                  0                  0                  0 

           synch_2            synch_3            synch_4            synch_5 
                 0                  0                  0                  0 
enter Twiss module
@ NAME             %05s "MYTAB"
@ TYPE             %04s "USER"
@ TITLE            %08s "no-title"
@ ORIGIN           %19s "MAD-X 3.04.37 Linux"
@ DATE             %08s "18/06/08"
@ TIME             %08s "15.06.39"
*             METHOD           PARTICLE                  X                 PX                  Y                 PY                  T                 PT 
$                %le                %le                %le                %le                %le                %le                %le                %le 
                  0                  1     0.000956993052    3.268034491e-06                  0                  0   -0.0004821455786                  0
                  0                  2      0.09569930348    0.0003268034299                  0                  0     -0.04821911016                  0
                  0                  1     0.000956993052    3.268034491e-06                  0                  0   -0.0004821455786                  0
                  0                  2       0.0956993052    0.0003268034491                  0                  0     -0.04821911066                  0

++++++ table: summ

            length             orbit5               alfa            gammatr 
                50                 -0                  0                  0 

                q1                dq1            betxmax              dxmax 
     0.07307727187                  0                110        10.31112131 

             dxrms             xcomax             xcorms                 q2 
        5.74441488                0.1      0.09627609415      0.04554476125 

               dq2            betymax              dymax              dyrms 
                 0        163.7444545                  0                  0 

            ycomax             ycorms             deltap            synch_1 
                 0                  0                  0                  0 

           synch_2            synch_3            synch_4            synch_5 
                 0                  0                  0                  0 

  Number of warnings: 0

  +++++++++++++++++++++++++++++++++++
  + MAD-X 3.04.37 finished normally +
  +++++++++++++++++++++++++++++++++++
