
  +++++++++++++++++++++++++++++++++++++++++++
  +              MAD-X 3.04.37              +
  + Code Modification Date: 11.06.2008      +
  + Execution Time Stamp: 18.06.08 15.15.51 +
  +++++++++++++++++++++++++++++++++++++++++++
!---|----1----|----2----|----3----|----4----|----5----|----6----|----7----|---;

! Tracking test SYNCHR. OSC. with LHC  seq.060203  

! tstTrack_synchr_LHC.madx



option, -echo,-warn,-info;

seqedit, sequence= lhcb1;

  remove, element= ACN.A5L4.B1;

++++++ warning: ignored because of unknown element: acn.a5l4.b1
  remove, element= ACN.B5L4.B1;

++++++ warning: ignored because of unknown element: acn.b5l4.b1
  remove, element= ACN.C5L4.B1;

++++++ warning: ignored because of unknown element: acn.c5l4.b1
  remove, element= ACN.D5L4.B1;

++++++ warning: ignored because of unknown element: acn.d5l4.b1
  remove, element= ADTH.A5L4.B1;

++++++ warning: ignored because of unknown element: adth.a5l4.b1
  remove, element= ADTH.B5L4.B1;

++++++ warning: ignored because of unknown element: adth.b5l4.b1
  remove, element= APW.5R4.B1;

++++++ warning: ignored because of unknown element: apw.5r4.b1
  remove, element= ADTV.A5R4.B1;

++++++ warning: ignored because of unknown element: adtv.a5r4.b1
  remove, element= ADTV.B5R4.B1;

++++++ warning: ignored because of unknown element: adtv.b5r4.b1
endedit;

++++++ info: seqedit - number of elements installed:  0
++++++ info: seqedit - number of elements moved:      0
++++++ info: seqedit - number of elements removed:    0


! ********** Twiss

use, sequence= lhcb1;

select, flag= twiss, clear;

select, flag= twiss, pattern= "IP\.*", column= name,betx,bety,alfx,alfy,dx;

select, flag= twiss, class= rfcavity,  column= name,betx,bety,alfx,alfy,dx;

TWISS,  file= "out_tstTrack_synchr_LHC.twissprb1.1";

enter Twiss module
++++++ info: Zero value of SIGT replaced by 1.
++++++ info: Zero value of SIGE replaced by 1/1000.
  
iteration:   1 error:   2.932867E-03 deltap:   0.000000E+00
orbit:   2.519856E-03 -1.468094E-06 -5.764419E-06  1.602933E-04  0.000000E+00  0.000000E+00
  
iteration:   2 error:   4.953484E-05 deltap:   0.000000E+00
orbit:   2.500003E-03  2.138770E-10 -4.333558E-10  1.600001E-04  0.000000E+00  0.000000E+00
  
iteration:   3 error:   1.458449E-09 deltap:   0.000000E+00
orbit:   2.500000E-03  8.029063E-12 -1.396481E-13  1.600000E-04  0.000000E+00  0.000000E+00
@ NAME             %05s "TWISS"
@ TYPE             %05s "TWISS"
@ SEQUENCE         %05s "LHCB1"
@ PARTICLE         %06s "PROTON"
@ MASS             %le         0.938271998
@ CHARGE           %le                   1
@ ENERGY           %le                 450
@ PC               %le         449.9990218
@ GAMMA            %le         479.6050622
@ KBUNCH           %le                   1
@ BCURRENT         %le                   0
@ SIGE             %le                   0
@ SIGT             %le                   0
@ NPART            %le                   0
@ EX               %le                   1
@ EY               %le                   1
@ ET               %le                   1
@ LENGTH           %le          26658.8832
@ ALFA             %le     0.0003225046436
@ ORBIT5           %le                  -0
@ GAMMATR          %le         55.68420375
@ Q1               %le         64.27999986
@ Q2               %le         59.31000005
@ DQ1              %le         1.978322681
@ DQ2              %le         1.750959648
@ DXMAX            %le         2.833593342
@ DYMAX            %le        0.1749214229
@ XCOMAX           %le       0.01052540802
@ YCOMAX           %le       0.01049048942
@ BETXMAX          %le          594.490911
@ BETYMAX          %le         609.3093087
@ XCORMS           %le     0.0007592767885
@ YCORMS           %le     0.0007656500864
@ DXRMS            %le          1.41658698
@ DYRMS            %le       0.05899063996
@ DELTAP           %le                   0
@ SYNCH_1          %le                   0
@ SYNCH_2          %le                   0
@ SYNCH_3          %le                   0
@ SYNCH_4          %le                   0
@ SYNCH_5          %le                   0
@ TITLE            %07s "LHC inj"
@ ORIGIN           %19s "MAD-X 3.04.37 Linux"
@ DATE             %08s "18/06/08"
@ TIME             %08s "15.15.54"
* NAME                             BETX               BETY               ALFX               ALFY                 DX 
$ %s                                %le                %le                %le                %le                %le 
 "IP1"                      18.00001239        18.00001658    2.287467252e-07   -2.543536142e-07     -0.02966016709
 "IP2"                      10.00000244        9.999996373   -2.483944078e-07    3.447556972e-07      0.03176616552
 "IP3.B1"                   140.2902322          234.31097        2.708152625       -2.638094432      -0.7201448562
 "ACNCA.D5L4.B1"            197.6651228        163.6101572       0.9454062717       -0.201948117      0.01640469374
 "ACNCA.C5L4.B1"            193.7366679        164.4863929       0.9252865597      -0.2153069722      0.01755830595
 "ACNCA.B5L4.B1"             188.339327        165.8176824        0.896908185      -0.2341493193      0.01918544851
 "ACNCA.A5L4.B1"            184.6145641        166.8291632       0.8767884731      -0.2475081744      0.02033906072
 "ACSCA.D5L4.B1"            152.8948589        179.5382589        0.681804512       -0.376971384      0.03151893641
 "ACSCA.C5L4.B1"            150.8763418        180.6803941       0.6674716124       -0.386487978      0.03234074777
 "ACSCA.B5L4.B1"            148.9007088         181.851003       0.6531387128      -0.3960045719      0.03316255914
 "ACSCA.A5L4.B1"            146.9679598        183.0500855       0.6388058132      -0.4055211659      0.03398437051
 "IP4.B1"                   136.2648444        190.8485414       0.5527461405      -0.4626620783      0.03891880941
 "ACSCA.A5R4.B1"            125.5983184        201.4008998       0.4509260266      -0.5302674273      0.04475691121
 "ACSCA.B5R4.B1"            124.2705898        203.0016967       0.4365931271      -0.5397840213      0.04557872258
 "ACSCA.C5R4.B1"            122.9857451        204.6309674       0.4222602275      -0.5493006152      0.04640053395
 "ACSCA.D5R4.B1"            121.7437846        206.2887116       0.4079273279      -0.5588172092      0.04722234531
 "IP5"                      17.99999146        17.99999395    5.985943994e-07    7.646824327e-07      -0.0406335172
 "IP6.B1"                   186.5208884         167.667748      -0.5379452711       0.6051620909     -0.07084455655
 "IP7.B1"                   111.9744141        161.9739318        1.017531005       -1.342742756      -0.2300566073
 "IP8"                      10.00000791        9.999997349    9.202229071e-07   -4.135520799e-07     -0.01674585318
 "IP1.L1"                   18.00001239        18.00001658    2.287467278e-07   -2.543535976e-07     -0.02966016709

++++++ table: summ

            length             orbit5               alfa            gammatr 
        26658.8832                 -0    0.0003225046436        55.68420375 

                q1                dq1            betxmax              dxmax 
       64.27999986        1.978322681         594.490911        2.833593342 

             dxrms             xcomax             xcorms                 q2 
        1.41658698      0.01052540802    0.0007592767885        59.31000005 

               dq2            betymax              dymax              dyrms 
       1.750959648        609.3093087       0.1749214229      0.05899063996 

            ycomax             ycorms             deltap            synch_1 
     0.01049048942    0.0007656500864                  0                  0 

           synch_2            synch_3            synch_4            synch_5 
                 0                  0                  0                  0 
system, "cat out_tstTrack_synchr_LHC.twissprb1.1"; 



! ********** Make a thin sequence

option, -echo,-warn,-info;

makethin: slicing sequence : lhcb1
makethin: slicing sequence : ir11
makethin: slicing sequence : ir2
makethin: slicing sequence : ir5
makethin: slicing sequence : ir8
makethin: slicing sequence : ir12
use, sequence= lhcb1;

vrf400= 8.0;   !   Qs=0.0057

track, dump;

enter TRACK module
  start, pt= 0.0001;

  start, pt= 0.001002; ! edge of bucket

  start, pt= 0.001004; ! just outside of bucket

!  run,   turns= 160; !,tolerance={.1,.1,.1,.1,100.,.1};!175=1 synchr. period

  run,   turns= 320; !,tolerance={.1,.1,.1,.1,100.,.1};!175=1 synchr. period

  
iteration:   1 error:   2.749094E-03 deltap:   0.000000E+00
orbit:   2.487943E-03 -1.615932E-07 -1.653983E-05  1.620112E-04  5.997907E-06  6.050165E-07
  
iteration:   2 error:   5.010316E-05 deltap:   0.000000E+00
orbit:   2.467862E-03  1.370984E-06 -1.121152E-05  1.615987E-04  7.766372E-06  1.448715E-06
  
iteration:   3 error:   1.742154E-09 deltap:   0.000000E+00
orbit:   2.467857E-03  1.370763E-06 -1.121093E-05  1.615986E-04  7.766115E-06  1.448739E-06

++++++ table: tracksumm

    number       turn                  x                 px 
         1          0                  0                  0 
         2          0                  0                  0 
         3          0                  0                  0 
         1        320   -4.301877255e-06    1.719951501e-07 
         2        320   -3.145876819e-05    6.282288056e-07 
         3        320    1.759527899e-05    2.016502607e-06 

                 y                 py                  t                 pt 
                 0                  0                  0             0.0001 
                 0                  0                  0           0.001002 
                 0                  0                  0           0.001004 
  -2.487437911e-06   -8.830029901e-08      0.02260075383    3.042095537e-05 
  -7.734246329e-06   -1.918340069e-06       0.3415264324   -0.0001257344438 
  -3.194653851e-05     1.57298332e-06       -1.036981782    0.0003536783987 

                 s                  e 
                 0                  0 
                 0                  0 
                 0                  0 
        26658.8832                  0 
        26658.8832                  0 
        26658.8832                  0 

*****  end of trrun  *****
endtrack; 

exit TRACK module





! ********** Plot the end distribution

system, "gnuplot < tstTrack_synchr_LHC.gnuplot";





return;


  Number of warnings: 9
9 in C and 0 in Fortran

  +++++++++++++++++++++++++++++++++++
  + MAD-X 3.04.37 finished normally +
  +++++++++++++++++++++++++++++++++++
