
  +++++++++++++++++++++++++++++++++++++++++++
  +              MAD-X 3.04.19              +
  + Code Modification Date: 10.02.2008      +
  + Execution Time Stamp: 19.02.08 09.44.20 +
  +++++++++++++++++++++++++++++++++++++++++++
! Simple tracking test of synchrotron oscillations with FODO.

! tstTrack_syn.madx



option,-echo,-info,-warn;

enter Twiss module
  
iteration:   1 error:   1.154190E-21 deltap:   0.000000E+00
orbit:  -1.069942E-34 -2.667283E-36  0.000000E+00  0.000000E+00 -2.598724E-19 -2.854190E-36

++++++ table: summ

            length             orbit5               alfa            gammatr 
                40    2.598723992e-19       0.6857031805        1.207624508 

                q1                dq1            betxmax              dxmax 
      0.1612160536      -0.1625335848        51.70193419        37.41851904 

             dxrms             xcomax             xcorms                 q2 
       34.20145154      1.1541897e-21    4.777979884e-22       0.1608119272 

               dq2            betymax              dymax              dyrms 
     -0.1633273145        51.65630995                  0                  0 

            ycomax             ycorms             deltap            synch_1 
                 0                  0                  0                  0 

           synch_2            synch_3            synch_4            synch_5 
                 0                  0                  0                  0 
enter TRACK module
aperture tracking is on
  
iteration:   1 error:   1.154190E-21 deltap:   0.000000E+00
orbit:  -1.069942E-34 -2.667283E-36  0.000000E+00  0.000000E+00 -2.598724E-19 -2.854190E-36
  
iteration:   1 error:   1.154190E-21 deltap:   0.000000E+00
orbit:  -1.069942E-34 -2.667283E-36  0.000000E+00  0.000000E+00 -2.598724E-19 -2.854190E-36

*****  end of trrun  *****
exit TRACK module


  Number of warnings: 0

  +++++++++++++++++++++++++++++++++++
  + MAD-X 3.04.19 finished normally +
  +++++++++++++++++++++++++++++++++++
