
  +++++++++++++++++++++++++++++++++++++++++++
  +              MAD-X 4.01.41              +
  +    DEBUG Version - use at own risk!     +
  + Code Modification Date: 26.01.2011      +
  + Execution Time Stamp: 04.02.11 17.23.00 +
  +++++++++++++++++++++++++++++++++++++++++++
Title " Diamond Light Source Lattice 8.1.1";

!assign echo="diamond.lis";



option,echo = false;

beam, particle = electron, energy = 3.0;!, radiate;

use, period=DIAMOND;



     SELECT, flag=twiss, clear;

select,flag=twiss,column=name,s,betx,bety;!,re11,re12,re13,re14,re15,re16,

!re21,re22,re23,re24,re25,re26,

!re31,re32,re33,re34,re35,re36,

!re41,re42,re43,re44,re45,re46,

!re51,re52,re53,re54,re55,re56,

!re61,re62,re63,re64,re65,re66;

twiss, file=twiss_madx;

enter Twiss module
++++++ info: Zero value of SIGT replaced by 1.
++++++ info: Zero value of SIGE replaced by 1/1000.
  
iteration:   1 error:   3.396492E-04 deltap:   0.000000E+00
orbit:   0.000000E+00  0.000000E+00  0.000000E+00  0.000000E+00  3.100060E-02  0.000000E+00
  
iteration:   2 error:   1.180636E-05 deltap:   0.000000E+00
orbit:   0.000000E+00  0.000000E+00  0.000000E+00  0.000000E+00  2.997561E-02  0.000000E+00
  
iteration:   3 error:   4.534048E-10 deltap:   0.000000E+00
orbit:   0.000000E+00  0.000000E+00  0.000000E+00  0.000000E+00  2.997565E-02  0.000000E+00

++++++ table: summ

            length             orbit5               alfa            gammatr 
             561.6     -0.02997564577    0.0001708141631         76.5134987 

                q1                dq1            betxmax              dxmax 
        27.2256232       -78.98623213        22.59035178       0.3117371246 

             dxrms             xcomax             xcorms                 q2 
      0.1500939535                  0                  0        12.36315219 

               dq2            betymax              dymax              dyrms 
      -35.28688982        26.58355136                 -0                  0 

            ycomax             ycorms             deltap            synch_1 
                 0                  0                  0                  0 

           synch_2            synch_3            synch_4            synch_5 
                 0                  0                  0                  0 
!survey,file=diamond_survey;

EMIT,DELTAP=0.;

enter EMIT module
++++++ info: Zero value of SIGT replaced by 1.
++++++ info: Zero value of SIGE replaced by 1/1000.
 
 Global parameters for electrons, radiate = F:

 C                      561.6 m          f0              0.5338184716 MHz
 T0               1.873295986 musecs     alfa         0.0001698973912 
 eta          0.0001698683779            gamma(tr)        76.71965564 
 Bcurrent                   0 A/bunch    Kbunch             1 
 Npart                      0 /bunch     Energy                     3 GeV 
 gamma             5870.85401            beta            0.9999999855
guess:          0                  0                  0
 
                                                  M o d e   1         M o d e   2         M o d e   3
 Fractional tunes            undamped              0.22562273          0.36315219          0.00529040
 
 beta* [m]                   x                 0.99787539E+01      0.21153616E-40      0.52163791E-03
                             y                 0.38948724E-32      0.58315566E+01      0.33594212E-32
                             t                 0.18036549E-02      0.27541237E-30      0.28859713E+01
 
 gamma* [1/m]                px                0.10021362E+00      0.88735146E-42      0.40838536E-07
                             py                0.15968346E-35      0.17148080E+00      0.18974691E-31
                             pt                0.68064820E-08      0.11552993E-31      0.34660196E+00
 
 beta(max) [m]               x                 0.22590475E+02      0.23396862E-39      0.46428499E-02
                             y                 0.13430961E-31      0.26583551E+02      0.34045511E-32
                             t                 0.33692103E-01      0.30461862E-29      0.28859713E+01
 
 gamma(max) [1/m]            px                0.57593183E+01      0.26127761E-40      0.40838536E-07
                             py                0.33321515E-32      0.29767840E+01      0.19138996E-31
                             pt                0.83341187E-02      0.34017393E-30      0.34660196E+00

 RF system: 
 Cavity                      length[m]        voltage[MV]                lag          freq[MHz]             harmon
!stop;



PTC_CREATE_UNIVERSE;

 Now PTC
PTC_CREATE_LAYOUT,model=2,method=6,nst=5,exact;

 MAD-X Beam Parameters
                  Energy : 0.300000E+01
          Kinetic Energy : 0.299949E+01
      Particle Rest Mass : 0.510999E-03
                Momentum : 0.300000E+01
 Setting MADx with 
     energy           3.00000000000000     
     method                   6
     Num. of steps            5
     charge          -1.00000000000000     
  Length of machine:    561.599999999999     
 The machine is a RING
 ------------------------------------ PTC Survey ------------------------------------
 Before start:   0.000000000000000E+000  0.000000000000000E+000  0.000000000000000E+000
 Before   end:   0.000000000000000E+000  0.000000000000000E+000  0.000000000000000E+000
 After  start:   0.000000000000000E+000  0.000000000000000E+000  0.000000000000000E+000
 After    end:   3.881929500071379E-014  0.000000000000000E+000  7.993605777301127E-015


     SELECT, flag=ptc_twiss, clear;

!    SELECT, flag=ptc_twiss, column=name, s, beta11,beta22,beta33,mu1,mu2,mu3;

    SELECT, flag=ptc_twiss, column=name, s, beta11,mu1,mu2,mu3;

ptc_twiss,closed_orbit,icase=6,file="twiss_diamond.out";

++++++ info: Zero value of SIGT replaced by 1.
++++++ info: Zero value of SIGE replaced by 1/1000.
 F
 ************ State Summary ****************
 MADTHICK=>KIND =   37  MATRIX-KICK-MATRIX     
  Rectangular Bend: input arc length (rho alpha) 
  Default integration method     6
  Default integration steps      5
  Real Pill Box Cavities 
 This is an electron (positron actually if charge=1) 
       EXACT_MODEL =  TRUE 
       TOTALPATH   =     0
       RADIATION   =  FALSE
       STOCHASTIC  =  FALSE
       ENVELOPE    =  FALSE
       NOCAVITY    =  FALSE
       TIME        =  TRUE 
       FRINGE      =  FALSE
       PARA_IN     =  FALSE
       ONLY_4D     =  FALSE
       DELTA       =  FALSE
       SPIN        =  FALSE
       MODULATION   = FALSE
 Closed orbit:  -3.864534462378170E-014 -7.151998964964400E-016  0.000000000000000E+000  0.000000000000000E+000 -2.997564577048329E-002 -6.052784797133316E-013
 Check of the symplectic condition on the linear part                    

    0.000000000000000       0.9999999999999294        0.000000000000000        0.000000000000000      -0.3319393371281620E-14  -0.1355252715606881E-19
  -0.9999999999999295        0.000000000000000        0.000000000000000        0.000000000000000       0.3511080315377058E-14    0.000000000000000    
    0.000000000000000        0.000000000000000        0.000000000000000        1.000000000000065        0.000000000000000        0.000000000000000    
    0.000000000000000        0.000000000000000       -1.000000000000065        0.000000000000000        0.000000000000000        0.000000000000000    
   0.3319069804695769E-14  -0.3509562432335578E-14    0.000000000000000        0.000000000000000        0.000000000000000        1.000000000000000    
   0.1355252715606881E-19    0.000000000000000        0.000000000000000        0.000000000000000       -1.000000000000000        0.000000000000000    
 Deviation from symplecticity  0.4755511785908669E-11 %                                                                  
  PARENT LAYOUT NAME :No name assigned
  NUMBER OF ORIGINAL LAYOUT ELEMENTS :        2223
  NUMBER OF THIN OBJECTS :       12939
  TOTAL IDEAL LENGTH OF STRUCTURE :   561.599999999999     
  TOTAL INTEGRATION LENGTH OF STRUCTURE (mad8 style survey) :   561.567930655210     
 Check of the symplectic condition on the linear part                    

    0.000000000000000       0.9999999999999294        0.000000000000000        0.000000000000000      -0.3319393371281620E-14  -0.1355252715606881E-19
  -0.9999999999999295        0.000000000000000        0.000000000000000        0.000000000000000       0.3511080315377058E-14    0.000000000000000    
    0.000000000000000        0.000000000000000        0.000000000000000        1.000000000000065        0.000000000000000        0.000000000000000    
    0.000000000000000        0.000000000000000       -1.000000000000065        0.000000000000000        0.000000000000000        0.000000000000000    
   0.3319069804695769E-14  -0.3509562432335578E-14    0.000000000000000        0.000000000000000        0.000000000000000        1.000000000000000    
   0.1355252715606881E-19    0.000000000000000        0.000000000000000        0.000000000000000       -1.000000000000000        0.000000000000000    
 Deviation from symplecticity  0.4755511785908669E-11 %                                                                  

++++++ table: ptc_twiss_summary

            length            alpha_c          alpha_c_p         alpha_c_p2 
             561.6    0.0001698973912                  0                  0 

        alpha_c_p3              eta_c           gamma_tr                 q1 
                 0    0.0001698683779        76.71965564       0.2256227263 

                q2                dq1                dq2                 qs 
      0.3631521852                  0                  0      0.00529039829 

        beta_x_min         beta_x_max         beta_y_min         beta_y_max 
      0.6702574752        22.59047529        1.532193729        26.58355135 

            deltap            orbit_x           orbit_px            orbit_y 
                 0   -3.864534462e-14   -7.151998965e-16                  0 

          orbit_py           orbit_pt          orbit_-cT             xcorms 
                 0   -6.052784797e-13      0.02997564577    9.160214631e-14 

            ycorms            pxcorms            pycorms             xcomax 
                 0    4.567280674e-14                  0    1.045529617e-15 

            ycomax            pxcomax            pycomax 
                 0    1.036704886e-13                  0 


	select_ptc_normal, dq1,dq2;

The minimum required order is 2 
--------------------------------
			

   ptc_normal,normal,icase=5,no=2;

 ************ State Summary ****************
 MADTHICK=>KIND =   37  MATRIX-KICK-MATRIX     
  Rectangular Bend: input arc length (rho alpha) 
  Default integration method     6
  Default integration steps      5
  Real Pill Box Cavities 
 This is an electron (positron actually if charge=1) 
       EXACT_MODEL =  TRUE 
       TOTALPATH   =     0
       RADIATION   =  FALSE
       STOCHASTIC  =  FALSE
       ENVELOPE    =  FALSE
       NOCAVITY    =  TRUE 
       TIME        =  TRUE 
       FRINGE      =  FALSE
       PARA_IN     =  FALSE
       ONLY_4D     =  TRUE 
       DELTA       =  TRUE 
       SPIN        =  FALSE
       MODULATION   = FALSE
 Check of the symplectic condition on the linear part                    

    0.000000000000000       0.9999999999999636        0.000000000000000        0.000000000000000    
  -0.9999999999999636        0.000000000000000        0.000000000000000        0.000000000000000    
    0.000000000000000        0.000000000000000        0.000000000000000        1.000000000000101    
    0.000000000000000        0.000000000000000       -1.000000000000101        0.000000000000000    
 Deviation from symplecticity  0.6872280522429719E-11 %                                                                  
   write, table=normal_results,file=normal_results; 



stop;


  Number of warnings: 0

  +++++++++++++++++++++++++++++++++++
  + MAD-X 4.01.41 finished normally +
  +++++++++++++++++++++++++++++++++++
